#
# A fatal error has been detected by the Java Runtime Environment:
#
#  SIGSEGV (0xb) at pc=0x00007f2d5a786548, pid=8361, tid=8363
#
# JRE version: OpenJDK Runtime Environment Zulu17.48+15-CA (17.0.10+7) (build 17.0.10+7-LTS)
# Java VM: OpenJDK 64-Bit Server VM Zulu17.48+15-CA (17.0.10+7-LTS, mixed mode, sharing, tiered, compressed oops, compressed class ptrs, g1 gc, linux-amd64)
# Problematic frame:
# C  [libjava.so+0xf548]  Java_java_lang_Object_getClass+0x8
#
# Core dump will be written. Default location: Core dumps may be processed with "/lib/systemd/systemd-coredump %P %u %g %s %t 9223372036854775808 %h" (or dumping to /home/iulian/Projects/Eclipse-Workspace/ipc/core.8361)
#
# If you would like to submit a bug report, please visit:
#   http://www.azul.com/support/
# The crash happened outside the Java Virtual Machine in native code.
# See problematic frame for where to report the bug.
#

---------------  S U M M A R Y ------------

Command Line: -Dfile.encoding=UTF-8 -Dstdout.encoding=UTF-8 -Dstderr.encoding=UTF-8 -XX:+ShowCodeDetailsInExceptionMessages ipc.semaphore.Worker

Host: Intel(R) Core(TM) i7-10850H CPU @ 2.70GHz, 2 cores, 3G, Linux Mint 21.3 Virginia
Time: Wed Feb 28 18:44:47 2024 EET elapsed time: 5.387611 seconds (0d 0h 0m 5s)

---------------  T H R E A D  ---------------

Current thread (0x00007f2d54025c20):  JavaThread "main" [_thread_in_native, id=8363, stack(0x00007f2d5a7bd000,0x00007f2d5a8bd000)]

Stack: [0x00007f2d5a7bd000,0x00007f2d5a8bd000],  sp=0x00007f2d5a8bb7f8,  free space=1017k
Native frames: (J=compiled Java code, j=interpreted, Vv=VM code, C=native code)
C  [libjava.so+0xf548]  Java_java_lang_Object_getClass+0x8
j  java.io.PrintStream.println(Ljava/lang/String;)V+1 java.base@17.0.10
j  ipc.semaphore.Worker.main([Ljava/lang/String;)V+212
v  ~StubRoutines::call_stub
V  [libjvm.so+0x81c782]  JavaCalls::call_helper(JavaValue*, methodHandle const&, JavaCallArguments*, JavaThread*)+0x312
V  [libjvm.so+0x8aa5a1]  jni_invoke_static(JNIEnv_*, JavaValue*, _jobject*, JNICallType, _jmethodID*, JNI_ArgumentPusher*, JavaThread*) [clone .isra.186] [clone .constprop.443]+0x351
V  [libjvm.so+0x8ace95]  jni_CallStaticVoidMethod+0x145
C  [libjli.so+0x4809]  JavaMain+0xd19
C  [libjli.so+0x84e9]  ThreadJavaMain+0x9

Java frames: (J=compiled Java code, j=interpreted, Vv=VM code)
j  java.lang.Object.getClass()Ljava/lang/Class;+0 java.base@17.0.10
j  java.io.PrintStream.println(Ljava/lang/String;)V+1 java.base@17.0.10
j  ipc.semaphore.Worker.main([Ljava/lang/String;)V+212
v  ~StubRoutines::call_stub

siginfo: si_signo: 11 (SIGSEGV), si_code: 128 (SI_KERNEL), si_addr: 0x0000000000000000

Registers:
RAX=0x00007f2d5bc7a51f, RBX=0x00007f2cdf46c010, RCX=0x00000000000000aa, RDX=0x00007f2cdf46c260
RSP=0x00007f2d5a8bb7f8, RBP=0x00007f2d5a8bb850, RSI=0x00007f2d5a8bb870, RDI=0x00007f2d54025ed8
R8 =0x00007f2d244008c0, R9 =0x0000000000000002, R10=0x00007f2d448ea319, R11=0x0000000000000111
R12=0x0000000000000000, R13=0x00007f2cdfb73cd8, R14=0x00007f2d5a8bb870, R15=0x00007f2d54025c20
RIP=0x00007f2d5a786548, EFLAGS=0x0000000000010202, CSGSFS=0x002b000000000033, ERR=0x0000000000000000
  TRAPNO=0x000000000000000d


Register to memory mapping:

RAX=0x00007f2d5bc7a51f: <offset 0x00000000012d151f> in /usr/lib/jvm/zulu-17-amd64/lib/server/libjvm.so at 0x00007f2d5a9a9000
RBX={method} {0x00007f2cdf46c010} 'getClass' '()Ljava/lang/Class;' in 'java/lang/Object'
RCX=0x00000000000000aa is an unknown value
RDX=0x00007f2cdf46c260 is pointing into metadata
RSP=0x00007f2d5a8bb7f8 is pointing into the stack for thread: 0x00007f2d54025c20
RBP=0x00007f2d5a8bb850 is pointing into the stack for thread: 0x00007f2d54025c20
RSI=0x00007f2d5a8bb870 is pointing into the stack for thread: 0x00007f2d54025c20
RDI=0x00007f2d54025ed8 points into unknown readable memory: 0x00007f2d5bc7a51f | 1f a5 c7 5b 2d 7f 00 00
R8 ={method} {0x00007f2d244008c0} 'main' '([Ljava/lang/String;)V' in 'ipc/semaphore/Worker'
R9 =0x0000000000000002 is an unknown value
R10=0x00007f2d448ea319 is at code_begin+825 in an Interpreter codelet
method entry point (kind = native)  [0x00007f2d448e9fe0, 0x00007f2d448ea820]  2112 bytes
R11=0x0000000000000111 is an unknown value
R12=0x0 is NULL
R13=0x00007f2cdfb73cd8 is pointing into metadata
R14=0x00007f2d5a8bb870 is pointing into the stack for thread: 0x00007f2d54025c20
R15=0x00007f2d54025c20 is a thread


Top of Stack: (sp=0x00007f2d5a8bb7f8)
0x00007f2d5a8bb7f8:   00007f2d448ea345 00007f2d5a8bb840
0x00007f2d5a8bb808:   00007f2d5a8bb808 0000000000000000
0x00007f2d5a8bb818:   00007f2d5a8bb870 00007f2cdf46c260
0x00007f2d5a8bb828:   0000000000000000 00000000ffe008c8
0x00007f2d5a8bb838:   00007f2cdf46c010 0000000000000000
0x00007f2d5a8bb848:   00007f2d5a8bb870 00007f2d5a8bb8c0
0x00007f2d5a8bb858:   00007f2d448e6397 0000000000000000
0x00007f2d5a8bb868:   00007f2d448e7f1b 00000000c6d07e10
0x00007f2d5a8bb878:   00007f2d5a8bb878 00007f2cdfb1e7f1
0x00007f2d5a8bb888:   00007f2d5a8bb8e8 00007f2cdf431090
0x00007f2d5a8bb898:   0000000000000000 00000000ffe0b750
0x00007f2d5a8bb8a8:   00007f2cdf015300 00007f2d5a8bb870
0x00007f2d5a8bb8b8:   00007f2d5a8bb8e0 00007f2d5a8bb938
0x00007f2d5a8bb8c8:   00007f2d448e623e 0000000000000000
0x00007f2d5a8bb8d8:   0000000000000000 00000000c6defae0
0x00007f2d5a8bb8e8:   00000000c6d07e10 00007f2d5a8bb8f0
0x00007f2d5a8bb8f8:   00007f2d24400794 00007f2d5a8bb988
0x00007f2d5a8bb908:   00007f2d24400978 0000000000000000
0x00007f2d5a8bb918:   00000000c6d19a08 00007f2d244008c0
0x00007f2d5a8bb928:   00007f2d5a8bb8e0 00007f2d5a8bb988
0x00007f2d5a8bb938:   00007f2d5a8bb9f0 00007f2d448ddcc7
0x00007f2d5a8bb948:   0000000000000000 00000000c6def9a8
0x00007f2d5a8bb958:   00000000c6def9a8 00000000c6da5038
0x00007f2d5a8bb968:   0000000000000000 0000000000000000
0x00007f2d5a8bb978:   00007f2d5bf6a000 0000000000000000
0x00007f2d5a8bb988:   00000000c6d1a0d0 0000000000001fa0
0x00007f2d5a8bb998:   000000000000000e 00007f2d5a8bbc58
0x00007f2d5a8bb9a8:   00007f2d5a8bbb80 00007f2d54025c20
0x00007f2d5a8bb9b8:   00007f2d5a8bbb10 00007f2d5a8bba80
0x00007f2d5a8bb9c8:   00007f2d5a8bbc58 000000000000000a
0x00007f2d5a8bb9d8:   00007f2d244008c0 00007f2d448e93a0
0x00007f2d5a8bb9e8:   00007f2d5a8bbb88 00007f2d5a8bbaf0 

Instructions: (pc=0x00007f2d5a786548)
0x00007f2d5a786448:   83 c2 04 8d 81 ff fe fe fe f7 d1 21 c8 25 80 80
0x00007f2d5a786458:   80 80 74 e9 89 c1 4c 89 e7 c1 e9 10 a9 80 80 00
0x00007f2d5a786468:   00 0f 44 c1 48 8d 4a 02 48 0f 44 d1 b9 01 00 00
0x00007f2d5a786478:   00 89 c6 40 00 c6 48 8b 35 e3 79 01 00 48 83 da
0x00007f2d5a786488:   03 c6 42 fd 00 4c 89 ea e8 0b f9 ff ff 48 89 c3
0x00007f2d5a786498:   48 85 c0 74 23 4c 89 e7 4c 89 ee e8 78 d8 ff ff
0x00007f2d5a7864a8:   4c 89 ef 48 89 c3 e8 dd d2 ff ff 48 89 d8 5b 41
0x00007f2d5a7864b8:   5c 41 5d 41 5e 5d c3 90 4c 89 ef e8 c8 d2 ff ff
0x00007f2d5a7864c8:   48 89 d8 5b 41 5c 41 5d 41 5e 5d c3 0f 1f 40 00
0x00007f2d5a7864d8:   48 89 da 4c 89 f6 4c 89 e7 31 db e8 e8 d7 ff ff
0x00007f2d5a7864e8:   48 89 d8 5b 41 5c 41 5d 41 5e 5d c3 0f 1f 40 00
0x00007f2d5a7864f8:   48 8d 35 41 fd 00 00 31 db e8 2a d8 ff ff eb ab
0x00007f2d5a786508:   0f 1f 84 00 00 00 00 00 48 89 da 4c 89 f6 4c 89
0x00007f2d5a786518:   e7 31 db e8 b0 d7 ff ff 31 f6 4c 89 e7 e8 96 d2
0x00007f2d5a786528:   ff ff eb 87 0f 1f 40 00 e9 0b d8 ff ff 66 66 2e
0x00007f2d5a786538:   0f 1f 84 00 00 00 00 00 48 85 f6 74 0b 48 8b 07
0x00007f2d5a786548:   ff a0 f8 00 00 00 66 90 55 31 f6 48 89 e5 e8 75
0x00007f2d5a786558:   d2 ff ff 31 c0 5d c3 90 55 48 8d 35 2b f1 00 00
0x00007f2d5a786568:   48 89 e5 53 48 89 fb 48 83 ec 08 48 8b 07 ff 50
0x00007f2d5a786578:   30 48 85 c0 74 16 48 8b 13 48 89 c6 48 89 df ff
0x00007f2d5a786588:   92 a8 00 00 00 48 89 05 ec 78 01 00 48 83 c4 08
0x00007f2d5a786598:   5b 5d c3 0f 1f 44 00 00 55 48 8d 0d 07 f1 00 00
0x00007f2d5a7865a8:   48 89 e5 41 55 41 54 49 89 d4 48 8d 15 fa f0 00
0x00007f2d5a7865b8:   00 53 4c 89 e6 48 89 fb 48 83 ec 08 48 8b 07 ff
0x00007f2d5a7865c8:   90 88 03 00 00 48 85 c0 0f 84 aa 00 00 00 49 89
0x00007f2d5a7865d8:   c5 48 8b 03 4c 89 e6 48 89 df ff 50 50 48 85 c0
0x00007f2d5a7865e8:   74 7c 4c 8b 03 48 8d 0d bb f0 00 00 48 89 c6 48
0x00007f2d5a7865f8:   89 df 48 8d 15 b2 f0 00 00 41 ff 90 88 03 00 00
0x00007f2d5a786608:   49 39 c5 41 0f 95 c4 48 85 c0 74 14 48 83 c4 08
0x00007f2d5a786618:   44 89 e0 5b 41 5c 41 5d 5d c3 66 0f 1f 44 00 00
0x00007f2d5a786628:   48 8b 03 48 89 df ff 50 78 48 89 df 49 89 c4 48
0x00007f2d5a786638:   8b 03 ff 90 88 00 00 00 48 8b 03 4c 89 e6 48 89 


Stack slot to memory mapping:
stack at sp + 0 slots: 0x00007f2d448ea345 is at code_begin+869 in an Interpreter codelet
method entry point (kind = native)  [0x00007f2d448e9fe0, 0x00007f2d448ea820]  2112 bytes
stack at sp + 1 slots: 0x00007f2d5a8bb840 is pointing into the stack for thread: 0x00007f2d54025c20
stack at sp + 2 slots: 0x00007f2d5a8bb808 is pointing into the stack for thread: 0x00007f2d54025c20
stack at sp + 3 slots: 0x0 is NULL
stack at sp + 4 slots: 0x00007f2d5a8bb870 is pointing into the stack for thread: 0x00007f2d54025c20
stack at sp + 5 slots: 0x00007f2cdf46c260 is pointing into metadata
stack at sp + 6 slots: 0x0 is NULL
stack at sp + 7 slots: 0x00000000ffe008c8 is an oop: java.lang.Class 
{0x00000000ffe008c8} - klass: 'java/lang/Class'
 - ---- fields (total size 14 words):
 - private volatile transient 'classRedefinedCount' 'I' @12  0
 - private volatile transient 'cachedConstructor' 'Ljava/lang/reflect/Constructor;' @40  NULL (0)
 - private transient 'name' 'Ljava/lang/String;' @44  "java.lang.Object"{0x00000000c6d19b18} (c6d19b18)
 - private transient 'module' 'Ljava/lang/Module;' @48  a 'java/lang/Module'{0x00000000ffe560e0} (ffe560e0)
 - private final 'classLoader' 'Ljava/lang/ClassLoader;' @52  NULL (0)
 - private transient 'classData' 'Ljava/lang/Object;' @56  NULL (0)
 - private transient 'packageName' 'Ljava/lang/String;' @60  NULL (0)
 - private final 'componentType' 'Ljava/lang/Class;' @64  NULL (0)
 - private volatile transient 'reflectionData' 'Ljava/lang/ref/SoftReference;' @68  NULL (0)
 - private volatile transient 'genericInfo' 'Lsun/reflect/generics/repository/ClassRepository;' @72  NULL (0)
 - private volatile transient 'enumConstants' '[Ljava/lang/Object;' @76  NULL (0)
 - private volatile transient 'enumConstantDirectory' 'Ljava/util/Map;' @80  NULL (0)
 - private volatile transient 'annotationData' 'Ljava/lang/Class$AnnotationData;' @84  NULL (0)
 - private volatile transient 'annotationType' 'Lsun/reflect/annotation/AnnotationType;' @88  NULL (0)
 - transient 'classValueMap' 'Ljava/lang/ClassValue$ClassValueMap;' @92  NULL (0)
 - signature: Ljava/lang/Object;
 - fake entry for mirror: 'java/lang/Object'
 - fake entry for array: 'java/lang/Object'[]
 - fake entry for oop_size: 14
 - fake entry for static_oop_field_count: 0


---------------  P R O C E S S  ---------------

Threads class SMR info:
_java_thread_list=0x00007f2d540e4150, length=11, elements={
0x00007f2d54025c20, 0x00007f2d540c9fe0, 0x00007f2d540cb3d0, 0x00007f2d540d1a50,
0x00007f2d540d2e10, 0x00007f2d540d4230, 0x00007f2d540d5bf0, 0x00007f2d540d7130,
0x00007f2d540d85b0, 0x00007f2d540df900, 0x00007f2d540e31b0
}

Java Threads: ( => current thread )
=>0x00007f2d54025c20 JavaThread "main" [_thread_in_native, id=8363, stack(0x00007f2d5a7bd000,0x00007f2d5a8bd000)]
  0x00007f2d540c9fe0 JavaThread "Reference Handler" daemon [_thread_blocked, id=8374, stack(0x00007f2d5834d000,0x00007f2d5844d000)]
  0x00007f2d540cb3d0 JavaThread "Finalizer" daemon [_thread_blocked, id=8375, stack(0x00007f2d5824d000,0x00007f2d5834d000)]
  0x00007f2d540d1a50 JavaThread "Signal Dispatcher" daemon [_thread_blocked, id=8376, stack(0x00007f2d5814d000,0x00007f2d5824d000)]
  0x00007f2d540d2e10 JavaThread "Service Thread" daemon [_thread_blocked, id=8377, stack(0x00007f2d5804d000,0x00007f2d5814d000)]
  0x00007f2d540d4230 JavaThread "Monitor Deflation Thread" daemon [_thread_blocked, id=8378, stack(0x00007f2d3c365000,0x00007f2d3c465000)]
  0x00007f2d540d5bf0 JavaThread "C2 CompilerThread0" daemon [_thread_blocked, id=8379, stack(0x00007f2d3c265000,0x00007f2d3c365000)]
  0x00007f2d540d7130 JavaThread "C1 CompilerThread0" daemon [_thread_blocked, id=8380, stack(0x00007f2d3c165000,0x00007f2d3c265000)]
  0x00007f2d540d85b0 JavaThread "Sweeper thread" daemon [_thread_blocked, id=8381, stack(0x00007f2d3c065000,0x00007f2d3c165000)]
  0x00007f2d540df900 JavaThread "Notification Thread" daemon [_thread_blocked, id=8382, stack(0x00007f2d2d6be000,0x00007f2d2d7be000)]
  0x00007f2d540e31b0 JavaThread "Common-Cleaner" daemon [_thread_blocked, id=8384, stack(0x00007f2d2d4bd000,0x00007f2d2d5bd000)]

Other Threads:
  0x00007f2d540c60c0 VMThread "VM Thread" [stack: 0x00007f2d5844e000,0x00007f2d5854e000] [id=8373]
  0x00007f2d540e1250 WatcherThread [stack: 0x00007f2d2d5be000,0x00007f2d2d6be000] [id=8383]
  0x00007f2d540619b0 GCTaskThread "GC Thread#0" [stack: 0x00007f2d58d7a000,0x00007f2d58e7a000] [id=8364]
  0x00007f2d5406a990 ConcurrentGCThread "G1 Main Marker" [stack: 0x00007f2d58c79000,0x00007f2d58d79000] [id=8365]
  0x00007f2d5406b910 ConcurrentGCThread "G1 Conc#0" [stack: 0x00007f2d58b78000,0x00007f2d58c78000] [id=8367]
  0x00007f2d5409e400 ConcurrentGCThread "G1 Refine#0" [stack: 0x00007f2d58875000,0x00007f2d58975000] [id=8371]
  0x00007f2d5409f300 ConcurrentGCThread "G1 Service" [stack: 0x00007f2d58774000,0x00007f2d58874000] [id=8372]

Threads with active compile tasks:

VM state: not at safepoint (normal execution)

VM Mutex/Monitor currently owned by a thread: None

Heap address: 0x00000000c3000000, size: 976 MB, Compressed Oops mode: 32-bit

CDS archive(s) mapped at: [0x00007f2cdf000000-0x00007f2cdfbeb000-0x00007f2cdfbeb000), size 12496896, SharedBaseAddress: 0x00007f2cdf000000, ArchiveRelocationMode: 1.
Compressed class space mapped at: 0x00007f2ce0000000-0x00007f2d20000000, reserved size: 1073741824
Narrow klass base: 0x00007f2cdf000000, Narrow klass shift: 0, Narrow klass range: 0x100000000

GC Precious Log:
 CPUs: 2 total, 2 available
 Memory: 3896M
 Large Page Support: Disabled
 NUMA Support: Disabled
 Compressed Oops: Enabled (32-bit)
 Heap Region Size: 1M
 Heap Min Capacity: 8M
 Heap Initial Capacity: 62M
 Heap Max Capacity: 976M
 Pre-touch: Disabled
 Parallel Workers: 2
 Concurrent Workers: 1
 Concurrent Refinement Workers: 2
 Periodic GC: Disabled

Heap:
 garbage-first heap   total 65536K, used 952K [0x00000000c3000000, 0x0000000100000000)
  region size 1024K, 1 young (1024K), 0 survivors (0K)
 Metaspace       used 653K, committed 832K, reserved 1114112K
  class space    used 52K, committed 128K, reserved 1048576K

Heap Regions: E=young(eden), S=young(survivor), O=old, HS=humongous(starts), HC=humongous(continues), CS=collection set, F=free, OA=open archive, CA=closed archive, TAMS=top-at-mark-start (previous, next)
|   0|0x00000000c3000000, 0x00000000c3000000, 0x00000000c3100000|  0%| F|  |TAMS 0x00000000c3000000, 0x00000000c3000000| Untracked 
|   1|0x00000000c3100000, 0x00000000c3100000, 0x00000000c3200000|  0%| F|  |TAMS 0x00000000c3100000, 0x00000000c3100000| Untracked 
|   2|0x00000000c3200000, 0x00000000c3200000, 0x00000000c3300000|  0%| F|  |TAMS 0x00000000c3200000, 0x00000000c3200000| Untracked 
|   3|0x00000000c3300000, 0x00000000c3300000, 0x00000000c3400000|  0%| F|  |TAMS 0x00000000c3300000, 0x00000000c3300000| Untracked 
|   4|0x00000000c3400000, 0x00000000c3400000, 0x00000000c3500000|  0%| F|  |TAMS 0x00000000c3400000, 0x00000000c3400000| Untracked 
|   5|0x00000000c3500000, 0x00000000c3500000, 0x00000000c3600000|  0%| F|  |TAMS 0x00000000c3500000, 0x00000000c3500000| Untracked 
|   6|0x00000000c3600000, 0x00000000c3600000, 0x00000000c3700000|  0%| F|  |TAMS 0x00000000c3600000, 0x00000000c3600000| Untracked 
|   7|0x00000000c3700000, 0x00000000c3700000, 0x00000000c3800000|  0%| F|  |TAMS 0x00000000c3700000, 0x00000000c3700000| Untracked 
|   8|0x00000000c3800000, 0x00000000c3800000, 0x00000000c3900000|  0%| F|  |TAMS 0x00000000c3800000, 0x00000000c3800000| Untracked 
|   9|0x00000000c3900000, 0x00000000c3900000, 0x00000000c3a00000|  0%| F|  |TAMS 0x00000000c3900000, 0x00000000c3900000| Untracked 
|  10|0x00000000c3a00000, 0x00000000c3a00000, 0x00000000c3b00000|  0%| F|  |TAMS 0x00000000c3a00000, 0x00000000c3a00000| Untracked 
|  11|0x00000000c3b00000, 0x00000000c3b00000, 0x00000000c3c00000|  0%| F|  |TAMS 0x00000000c3b00000, 0x00000000c3b00000| Untracked 
|  12|0x00000000c3c00000, 0x00000000c3c00000, 0x00000000c3d00000|  0%| F|  |TAMS 0x00000000c3c00000, 0x00000000c3c00000| Untracked 
|  13|0x00000000c3d00000, 0x00000000c3d00000, 0x00000000c3e00000|  0%| F|  |TAMS 0x00000000c3d00000, 0x00000000c3d00000| Untracked 
|  14|0x00000000c3e00000, 0x00000000c3e00000, 0x00000000c3f00000|  0%| F|  |TAMS 0x00000000c3e00000, 0x00000000c3e00000| Untracked 
|  15|0x00000000c3f00000, 0x00000000c3f00000, 0x00000000c4000000|  0%| F|  |TAMS 0x00000000c3f00000, 0x00000000c3f00000| Untracked 
|  16|0x00000000c4000000, 0x00000000c4000000, 0x00000000c4100000|  0%| F|  |TAMS 0x00000000c4000000, 0x00000000c4000000| Untracked 
|  17|0x00000000c4100000, 0x00000000c4100000, 0x00000000c4200000|  0%| F|  |TAMS 0x00000000c4100000, 0x00000000c4100000| Untracked 
|  18|0x00000000c4200000, 0x00000000c4200000, 0x00000000c4300000|  0%| F|  |TAMS 0x00000000c4200000, 0x00000000c4200000| Untracked 
|  19|0x00000000c4300000, 0x00000000c4300000, 0x00000000c4400000|  0%| F|  |TAMS 0x00000000c4300000, 0x00000000c4300000| Untracked 
|  20|0x00000000c4400000, 0x00000000c4400000, 0x00000000c4500000|  0%| F|  |TAMS 0x00000000c4400000, 0x00000000c4400000| Untracked 
|  21|0x00000000c4500000, 0x00000000c4500000, 0x00000000c4600000|  0%| F|  |TAMS 0x00000000c4500000, 0x00000000c4500000| Untracked 
|  22|0x00000000c4600000, 0x00000000c4600000, 0x00000000c4700000|  0%| F|  |TAMS 0x00000000c4600000, 0x00000000c4600000| Untracked 
|  23|0x00000000c4700000, 0x00000000c4700000, 0x00000000c4800000|  0%| F|  |TAMS 0x00000000c4700000, 0x00000000c4700000| Untracked 
|  24|0x00000000c4800000, 0x00000000c4800000, 0x00000000c4900000|  0%| F|  |TAMS 0x00000000c4800000, 0x00000000c4800000| Untracked 
|  25|0x00000000c4900000, 0x00000000c4900000, 0x00000000c4a00000|  0%| F|  |TAMS 0x00000000c4900000, 0x00000000c4900000| Untracked 
|  26|0x00000000c4a00000, 0x00000000c4a00000, 0x00000000c4b00000|  0%| F|  |TAMS 0x00000000c4a00000, 0x00000000c4a00000| Untracked 
|  27|0x00000000c4b00000, 0x00000000c4b00000, 0x00000000c4c00000|  0%| F|  |TAMS 0x00000000c4b00000, 0x00000000c4b00000| Untracked 
|  28|0x00000000c4c00000, 0x00000000c4c00000, 0x00000000c4d00000|  0%| F|  |TAMS 0x00000000c4c00000, 0x00000000c4c00000| Untracked 
|  29|0x00000000c4d00000, 0x00000000c4d00000, 0x00000000c4e00000|  0%| F|  |TAMS 0x00000000c4d00000, 0x00000000c4d00000| Untracked 
|  30|0x00000000c4e00000, 0x00000000c4e00000, 0x00000000c4f00000|  0%| F|  |TAMS 0x00000000c4e00000, 0x00000000c4e00000| Untracked 
|  31|0x00000000c4f00000, 0x00000000c4f00000, 0x00000000c5000000|  0%| F|  |TAMS 0x00000000c4f00000, 0x00000000c4f00000| Untracked 
|  32|0x00000000c5000000, 0x00000000c5000000, 0x00000000c5100000|  0%| F|  |TAMS 0x00000000c5000000, 0x00000000c5000000| Untracked 
|  33|0x00000000c5100000, 0x00000000c5100000, 0x00000000c5200000|  0%| F|  |TAMS 0x00000000c5100000, 0x00000000c5100000| Untracked 
|  34|0x00000000c5200000, 0x00000000c5200000, 0x00000000c5300000|  0%| F|  |TAMS 0x00000000c5200000, 0x00000000c5200000| Untracked 
|  35|0x00000000c5300000, 0x00000000c5300000, 0x00000000c5400000|  0%| F|  |TAMS 0x00000000c5300000, 0x00000000c5300000| Untracked 
|  36|0x00000000c5400000, 0x00000000c5400000, 0x00000000c5500000|  0%| F|  |TAMS 0x00000000c5400000, 0x00000000c5400000| Untracked 
|  37|0x00000000c5500000, 0x00000000c5500000, 0x00000000c5600000|  0%| F|  |TAMS 0x00000000c5500000, 0x00000000c5500000| Untracked 
|  38|0x00000000c5600000, 0x00000000c5600000, 0x00000000c5700000|  0%| F|  |TAMS 0x00000000c5600000, 0x00000000c5600000| Untracked 
|  39|0x00000000c5700000, 0x00000000c5700000, 0x00000000c5800000|  0%| F|  |TAMS 0x00000000c5700000, 0x00000000c5700000| Untracked 
|  40|0x00000000c5800000, 0x00000000c5800000, 0x00000000c5900000|  0%| F|  |TAMS 0x00000000c5800000, 0x00000000c5800000| Untracked 
|  41|0x00000000c5900000, 0x00000000c5900000, 0x00000000c5a00000|  0%| F|  |TAMS 0x00000000c5900000, 0x00000000c5900000| Untracked 
|  42|0x00000000c5a00000, 0x00000000c5a00000, 0x00000000c5b00000|  0%| F|  |TAMS 0x00000000c5a00000, 0x00000000c5a00000| Untracked 
|  43|0x00000000c5b00000, 0x00000000c5b00000, 0x00000000c5c00000|  0%| F|  |TAMS 0x00000000c5b00000, 0x00000000c5b00000| Untracked 
|  44|0x00000000c5c00000, 0x00000000c5c00000, 0x00000000c5d00000|  0%| F|  |TAMS 0x00000000c5c00000, 0x00000000c5c00000| Untracked 
|  45|0x00000000c5d00000, 0x00000000c5d00000, 0x00000000c5e00000|  0%| F|  |TAMS 0x00000000c5d00000, 0x00000000c5d00000| Untracked 
|  46|0x00000000c5e00000, 0x00000000c5e00000, 0x00000000c5f00000|  0%| F|  |TAMS 0x00000000c5e00000, 0x00000000c5e00000| Untracked 
|  47|0x00000000c5f00000, 0x00000000c5f00000, 0x00000000c6000000|  0%| F|  |TAMS 0x00000000c5f00000, 0x00000000c5f00000| Untracked 
|  48|0x00000000c6000000, 0x00000000c6000000, 0x00000000c6100000|  0%| F|  |TAMS 0x00000000c6000000, 0x00000000c6000000| Untracked 
|  49|0x00000000c6100000, 0x00000000c6100000, 0x00000000c6200000|  0%| F|  |TAMS 0x00000000c6100000, 0x00000000c6100000| Untracked 
|  50|0x00000000c6200000, 0x00000000c6200000, 0x00000000c6300000|  0%| F|  |TAMS 0x00000000c6200000, 0x00000000c6200000| Untracked 
|  51|0x00000000c6300000, 0x00000000c6300000, 0x00000000c6400000|  0%| F|  |TAMS 0x00000000c6300000, 0x00000000c6300000| Untracked 
|  52|0x00000000c6400000, 0x00000000c6400000, 0x00000000c6500000|  0%| F|  |TAMS 0x00000000c6400000, 0x00000000c6400000| Untracked 
|  53|0x00000000c6500000, 0x00000000c6500000, 0x00000000c6600000|  0%| F|  |TAMS 0x00000000c6500000, 0x00000000c6500000| Untracked 
|  54|0x00000000c6600000, 0x00000000c6600000, 0x00000000c6700000|  0%| F|  |TAMS 0x00000000c6600000, 0x00000000c6600000| Untracked 
|  55|0x00000000c6700000, 0x00000000c6700000, 0x00000000c6800000|  0%| F|  |TAMS 0x00000000c6700000, 0x00000000c6700000| Untracked 
|  56|0x00000000c6800000, 0x00000000c6800000, 0x00000000c6900000|  0%| F|  |TAMS 0x00000000c6800000, 0x00000000c6800000| Untracked 
|  57|0x00000000c6900000, 0x00000000c6900000, 0x00000000c6a00000|  0%| F|  |TAMS 0x00000000c6900000, 0x00000000c6900000| Untracked 
|  58|0x00000000c6a00000, 0x00000000c6a00000, 0x00000000c6b00000|  0%| F|  |TAMS 0x00000000c6a00000, 0x00000000c6a00000| Untracked 
|  59|0x00000000c6b00000, 0x00000000c6b00000, 0x00000000c6c00000|  0%| F|  |TAMS 0x00000000c6b00000, 0x00000000c6b00000| Untracked 
|  60|0x00000000c6c00000, 0x00000000c6c00000, 0x00000000c6d00000|  0%| F|  |TAMS 0x00000000c6c00000, 0x00000000c6c00000| Untracked 
|  61|0x00000000c6d00000, 0x00000000c6df7dd0, 0x00000000c6e00000| 96%| E|  |TAMS 0x00000000c6d00000, 0x00000000c6d00000| Complete 
| 974|0x00000000ffe00000, 0x00000000ffe77000, 0x00000000fff00000| 46%|OA|  |TAMS 0x00000000ffe00000, 0x00000000ffe00000| Untracked 
| 975|0x00000000fff00000, 0x00000000fff77000, 0x0000000100000000| 46%|CA|  |TAMS 0x00000000fff00000, 0x00000000fff00000| Untracked 

Card table byte_map: [0x00007f2d59fc3000,0x00007f2d5a1ab000] _byte_map_base: 0x00007f2d599ab000

Marking Bits (Prev, Next): (CMBitMap*) 0x00007f2d54062440, (CMBitMap*) 0x00007f2d54062480
 Prev Bits: [0x00007f2d58e9b000, 0x00007f2d59ddb000)
 Next Bits: [0x00007f2d3c465000, 0x00007f2d3d3a5000)

Polling page: 0x00007f2d5bf78000

Metaspace:

Usage:
  Non-class:    600,17 KB used.
      Class:     52,87 KB used.
       Both:    653,04 KB used.

Virtual space:
  Non-class space:       64,00 MB reserved,     704,00 KB (  1%) committed,  1 nodes.
      Class space:        1,00 GB reserved,     128,00 KB ( <1%) committed,  1 nodes.
             Both:        1,06 GB reserved,     832,00 KB ( <1%) committed. 

Chunk freelists:
   Non-Class:  11,98 MB
       Class:  15,74 MB
        Both:  27,73 MB

MaxMetaspaceSize: unlimited
CompressedClassSpaceSize: 1,00 GB
Initial GC threshold: 21,00 MB
Current GC threshold: 21,00 MB
CDS: on
MetaspaceReclaimPolicy: balanced
 - commit_granule_bytes: 65536.
 - commit_granule_words: 8192.
 - virtual_space_node_default_size: 8388608.
 - enlarge_chunks_in_place: 1.
 - new_chunks_are_fully_committed: 0.
 - uncommit_free_chunks: 1.
 - use_allocation_guard: 0.
 - handle_deallocations: 1.


Internal statistics:

num_allocs_failed_limit: 0.
num_arena_births: 12.
num_arena_deaths: 0.
num_vsnodes_births: 2.
num_vsnodes_deaths: 0.
num_space_committed: 13.
num_space_uncommitted: 0.
num_chunks_returned_to_freelist: 0.
num_chunks_taken_from_freelist: 13.
num_chunk_merges: 0.
num_chunk_splits: 7.
num_chunks_enlarged: 4.
num_inconsistent_stats: 0.

CodeHeap 'non-profiled nmethods': size=120036Kb used=42Kb max_used=42Kb free=119994Kb
 bounds [0x00007f2d44e6c000, 0x00007f2d450dc000, 0x00007f2d4c3a5000]
CodeHeap 'profiled nmethods': size=120032Kb used=172Kb max_used=172Kb free=119859Kb
 bounds [0x00007f2d3d3a5000, 0x00007f2d3d615000, 0x00007f2d448dd000]
CodeHeap 'non-nmethods': size=5692Kb used=1090Kb max_used=1100Kb free=4601Kb
 bounds [0x00007f2d448dd000, 0x00007f2d44b4d000, 0x00007f2d44e6c000]
 total_blobs=513 nmethods=142 adapters=286
 compilation: enabled
              stopped_count=0, restarted_count=0
 full_count=0

Compilation events (20 events):
Event: 0,453 Thread 0x00007f2d540d7130  129   !   3       java.lang.invoke.MemberName::getMethodType (211 bytes)
Event: 0,454 Thread 0x00007f2d540d7130 nmethod 129 0x00007f2d3d3cad90 code [0x00007f2d3d3cb080, 0x00007f2d3d3cc650]
Event: 0,454 Thread 0x00007f2d540d7130  130       3       java.lang.StringUTF16::getChar (60 bytes)
Event: 0,454 Thread 0x00007f2d540d7130 nmethod 130 0x00007f2d3d3ccc10 code [0x00007f2d3d3ccdc0, 0x00007f2d3d3ccf30]
Event: 0,454 Thread 0x00007f2d540d5bf0  131       4       java.lang.StringUTF16::getChar (60 bytes)
Event: 0,455 Thread 0x00007f2d540d5bf0 nmethod 131 0x00007f2d44e75910 code [0x00007f2d44e75aa0, 0x00007f2d44e75b58]
Event: 0,455 Thread 0x00007f2d540d7130  133       3       java.lang.AbstractStringBuilder::append (45 bytes)
Event: 0,456 Thread 0x00007f2d540d7130 nmethod 133 0x00007f2d3d3cd010 code [0x00007f2d3d3cd200, 0x00007f2d3d3cd520]
Event: 0,456 Thread 0x00007f2d540d7130  134       3       jdk.internal.org.objectweb.asm.SymbolTable::addConstantUtf8 (98 bytes)
Event: 0,456 Thread 0x00007f2d540d7130 nmethod 134 0x00007f2d3d3cd690 code [0x00007f2d3d3cd8c0, 0x00007f2d3d3cdeb0]
Event: 0,456 Thread 0x00007f2d540d7130  132       3       java.lang.StringBuilder::append (8 bytes)
Event: 0,456 Thread 0x00007f2d540d7130 nmethod 132 0x00007f2d3d3ce210 code [0x00007f2d3d3ce3c0, 0x00007f2d3d3ce500]
Event: 0,456 Thread 0x00007f2d540d7130  136       3       java.lang.StringLatin1::lastIndexOf (40 bytes)
Event: 0,457 Thread 0x00007f2d540d7130 nmethod 136 0x00007f2d3d3ce590 code [0x00007f2d3d3ce760, 0x00007f2d3d3ceb50]
Event: 0,457 Thread 0x00007f2d540d7130  141       3       java.lang.invoke.MethodType$ConcurrentWeakInternSet::get (47 bytes)
Event: 0,458 Thread 0x00007f2d540d7130 nmethod 141 0x00007f2d3d3cec90 code [0x00007f2d3d3ceec0, 0x00007f2d3d3cf810]
Event: 0,458 Thread 0x00007f2d540d7130  142       3       java.lang.String::isLatin1 (19 bytes)
Event: 0,458 Thread 0x00007f2d540d7130 nmethod 142 0x00007f2d3d3cfb90 code [0x00007f2d3d3cfd20, 0x00007f2d3d3cfe90]
Event: 0,458 Thread 0x00007f2d540d7130  138       3       java.lang.invoke.MemberName::initResolved (53 bytes)
Event: 0,458 Thread 0x00007f2d540d7130 nmethod 138 0x00007f2d3d3cff10 code [0x00007f2d3d3d00c0, 0x00007f2d3d3d0270]

GC Heap History (0 events):
No events

Dll operation events (5 events):
Event: 0,001 Loaded shared library /usr/lib/jvm/zulu-17-amd64/lib/libjava.so
Event: 0,166 Loaded shared library /usr/lib/jvm/zulu-17-amd64/lib/libjsvml.so
Event: 0,340 Loaded shared library /usr/lib/jvm/zulu-17-amd64/lib/libnio.so
Event: 0,341 Loaded shared library /usr/lib/jvm/zulu-17-amd64/lib/libjimage.so
Event: 0,420 Loaded shared library /home/iulian/Projects/Eclipse-Workspace/ipc/lib/semaphore.so

Deoptimization events (4 events):
Event: 0,453 Thread 0x00007f2d54025c20 Uncommon trap: trap_request=0xffffff45 fr.pc=0x00007f2d44e6fefc relative=0x000000000000005c
Event: 0,453 Thread 0x00007f2d54025c20 Uncommon trap: reason=unstable_if action=reinterpret pc=0x00007f2d44e6fefc method=java.lang.String.isLatin1()Z @ 10 c2
Event: 0,453 Thread 0x00007f2d54025c20 DEOPT PACKING pc=0x00007f2d44e6fefc sp=0x00007f2d5a8bb230
Event: 0,453 Thread 0x00007f2d54025c20 DEOPT UNPACKING pc=0x00007f2d44933693 sp=0x00007f2d5a8bb1e0 mode 2

Classes unloaded (0 events):
No events

Classes redefined (0 events):
No events

Internal exceptions (2 events):
Event: 0,328 Thread 0x00007f2d54025c20 Exception <a 'java/lang/NoSuchMethodError'{0x00000000c6d3f578}: 'java.lang.Object java.lang.invoke.DirectMethodHandle$Holder.invokeStaticInit(java.lang.Object)'> (0x00000000c6d3f578) 
thrown [src/hotspot/share/interpreter/linkResolver.cpp, line 759]
Event: 0,334 Thread 0x00007f2d54025c20 Exception <a 'java/lang/NoSuchMethodError'{0x00000000c6d53a88}: 'java.lang.Object java.lang.invoke.DirectMethodHandle$Holder.invokeInterface(java.lang.Object, java.lang.Object)'> (0x00000000c6d53a88) 
thrown [src/hotspot/share/interpreter/linkResolver.cpp, line 759]

VM Operations (2 events):
Event: 1,212 Executing VM operation: Cleanup
Event: 1,212 Executing VM operation: Cleanup done

Events (20 events):
Event: 0,362 loading class sun/nio/cs/UTF_8$Decoder
Event: 0,362 loading class sun/nio/cs/UTF_8$Decoder done
Event: 0,362 loading class sun/nio/cs/StreamDecoder
Event: 0,362 loading class sun/nio/cs/StreamDecoder done
Event: 0,363 loading class java/util/ResourceBundle$BundleReference
Event: 0,363 loading class java/util/ResourceBundle$BundleReference done
Event: 0,433 loading class java/util/Scanner
Event: 0,434 loading class java/util/Scanner done
Event: 0,441 loading class java/util/Scanner$PatternLRUCache
Event: 0,441 loading class java/util/Scanner$PatternLRUCache done
Event: 0,444 loading class jdk/internal/module/ModulePatcher$PatchedModuleReader
Event: 0,444 loading class jdk/internal/module/ModulePatcher$PatchedModuleReader done
Event: 0,444 loading class sun/net/www/protocol/jrt/Handler
Event: 0,444 loading class sun/net/www/protocol/jrt/Handler done
Event: 0,450 loading class sun/text/resources/cldr/FormatData_en
Event: 0,450 loading class sun/text/resources/cldr/FormatData_en done
Event: 0,451 loading class sun/text/resources/cldr/FormatData_en_US
Event: 0,451 loading class sun/text/resources/cldr/FormatData_en_US done
Event: 5,386 loading class java/util/regex/Matcher$ImmutableMatchResult
Event: 5,386 loading class java/util/regex/Matcher$ImmutableMatchResult done


Dynamic libraries:
c3000000-c6e00000 rw-p 00000000 00:00 0 
c6e00000-ffe00000 ---p 00000000 00:00 0 
ffe00000-ffe77000 rw-p 00c9b000 08:02 3824635                            /usr/lib/jvm/zulu-17-amd64/lib/server/classes.jsa
ffe77000-fff00000 rw-p 00000000 00:00 0 
fff00000-fff77000 rw-p 00c24000 08:02 3824635                            /usr/lib/jvm/zulu-17-amd64/lib/server/classes.jsa
fff77000-100000000 rw-p 00000000 00:00 0 
558777cce000-558777ccf000 r-xp 00000000 08:02 3824684                    /usr/lib/jvm/zulu-17-amd64/bin/java
558777cd0000-558777cd1000 r--p 00001000 08:02 3824684                    /usr/lib/jvm/zulu-17-amd64/bin/java
558777cd1000-558777cd2000 rw-p 00002000 08:02 3824684                    /usr/lib/jvm/zulu-17-amd64/bin/java
5587790e8000-558779130000 rw-p 00000000 00:00 0                          [heap]
7f2cb8000000-7f2cb8069000 rw-p 00000000 00:00 0 
7f2cb8069000-7f2cbc000000 ---p 00000000 00:00 0 
7f2cbc000000-7f2cbc021000 rw-p 00000000 00:00 0 
7f2cbc021000-7f2cc0000000 ---p 00000000 00:00 0 
7f2cc0000000-7f2cc0021000 rw-p 00000000 00:00 0 
7f2cc0021000-7f2cc4000000 ---p 00000000 00:00 0 
7f2cc4000000-7f2cc4068000 rw-p 00000000 00:00 0 
7f2cc4068000-7f2cc8000000 ---p 00000000 00:00 0 
7f2cc8000000-7f2cc8021000 rw-p 00000000 00:00 0 
7f2cc8021000-7f2ccc000000 ---p 00000000 00:00 0 
7f2ccc000000-7f2ccc021000 rw-p 00000000 00:00 0 
7f2ccc021000-7f2cd0000000 ---p 00000000 00:00 0 
7f2cd0000000-7f2cd0021000 rw-p 00000000 00:00 0 
7f2cd0021000-7f2cd4000000 ---p 00000000 00:00 0 
7f2cd4000000-7f2cd4021000 rw-p 00000000 00:00 0 
7f2cd4021000-7f2cd8000000 ---p 00000000 00:00 0 
7f2cd8000000-7f2cd8021000 rw-p 00000000 00:00 0 
7f2cd8021000-7f2cdc000000 ---p 00000000 00:00 0 
7f2cdf000000-7f2cdfbeb000 rw-p 00001000 08:02 3824635                    /usr/lib/jvm/zulu-17-amd64/lib/server/classes.jsa
7f2cdfbeb000-7f2ce0000000 ---p 00000000 00:00 0 
7f2ce0000000-7f2ce0010000 rw-p 00000000 00:00 0 
7f2ce0010000-7f2ce0040000 ---p 00000000 00:00 0 
7f2ce0040000-7f2ce0050000 rw-p 00000000 00:00 0 
7f2ce0050000-7f2d20000000 ---p 00000000 00:00 0 
7f2d20000000-7f2d20021000 rw-p 00000000 00:00 0 
7f2d20021000-7f2d24000000 ---p 00000000 00:00 0 
7f2d24000000-7f2d240a0000 rw-p 00000000 00:00 0 
7f2d240a0000-7f2d24400000 ---p 00000000 00:00 0 
7f2d24400000-7f2d24410000 rw-p 00000000 00:00 0 
7f2d24410000-7f2d28000000 ---p 00000000 00:00 0 
7f2d28000000-7f2d28021000 rw-p 00000000 00:00 0 
7f2d28021000-7f2d2c000000 ---p 00000000 00:00 0 
7f2d2d0cc000-7f2d2d4bd000 rw-p 00000000 00:00 0 
7f2d2d4bd000-7f2d2d4c1000 ---p 00000000 00:00 0 
7f2d2d4c1000-7f2d2d5bd000 rw-p 00000000 00:00 0 
7f2d2d5bd000-7f2d2d5be000 ---p 00000000 00:00 0 
7f2d2d5be000-7f2d2d6be000 rw-p 00000000 00:00 0 
7f2d2d6be000-7f2d2d6c2000 ---p 00000000 00:00 0 
7f2d2d6c2000-7f2d2d7be000 rw-p 00000000 00:00 0 
7f2d2d7be000-7f2d2e000000 r--p 00000000 08:02 3809057                    /usr/lib/locale/locale-archive
7f2d2e000000-7f2d30000000 rw-p 00000000 00:00 0 
7f2d30000000-7f2d30021000 rw-p 00000000 00:00 0 
7f2d30021000-7f2d34000000 ---p 00000000 00:00 0 
7f2d34000000-7f2d34021000 rw-p 00000000 00:00 0 
7f2d34021000-7f2d38000000 ---p 00000000 00:00 0 
7f2d38000000-7f2d38021000 rw-p 00000000 00:00 0 
7f2d38021000-7f2d3c000000 ---p 00000000 00:00 0 
7f2d3c065000-7f2d3c069000 ---p 00000000 00:00 0 
7f2d3c069000-7f2d3c165000 rw-p 00000000 00:00 0 
7f2d3c165000-7f2d3c169000 ---p 00000000 00:00 0 
7f2d3c169000-7f2d3c265000 rw-p 00000000 00:00 0 
7f2d3c265000-7f2d3c269000 ---p 00000000 00:00 0 
7f2d3c269000-7f2d3c365000 rw-p 00000000 00:00 0 
7f2d3c365000-7f2d3c369000 ---p 00000000 00:00 0 
7f2d3c369000-7f2d3c55d000 rw-p 00000000 00:00 0 
7f2d3c55d000-7f2d3d39d000 ---p 00000000 00:00 0 
7f2d3d39d000-7f2d3d3a5000 rw-p 00000000 00:00 0 
7f2d3d3a5000-7f2d3d615000 rwxp 00000000 00:00 0 
7f2d3d615000-7f2d448dd000 ---p 00000000 00:00 0 
7f2d448dd000-7f2d44b4d000 rwxp 00000000 00:00 0 
7f2d44b4d000-7f2d44e6c000 ---p 00000000 00:00 0 
7f2d44e6c000-7f2d450dc000 rwxp 00000000 00:00 0 
7f2d450dc000-7f2d4c3a5000 ---p 00000000 00:00 0 
7f2d4c3a5000-7f2d54000000 r--s 00000000 08:02 3824643                    /usr/lib/jvm/zulu-17-amd64/lib/modules
7f2d54000000-7f2d54112000 rw-p 00000000 00:00 0 
7f2d54112000-7f2d58000000 ---p 00000000 00:00 0 
7f2d5801c000-7f2d5804d000 rw-p 00000000 00:00 0 
7f2d5804d000-7f2d58051000 ---p 00000000 00:00 0 
7f2d58051000-7f2d5814d000 rw-p 00000000 00:00 0 
7f2d5814d000-7f2d58151000 ---p 00000000 00:00 0 
7f2d58151000-7f2d5824d000 rw-p 00000000 00:00 0 
7f2d5824d000-7f2d58251000 ---p 00000000 00:00 0 
7f2d58251000-7f2d5834d000 rw-p 00000000 00:00 0 
7f2d5834d000-7f2d58351000 ---p 00000000 00:00 0 
7f2d58351000-7f2d5844d000 rw-p 00000000 00:00 0 
7f2d5844d000-7f2d5844e000 ---p 00000000 00:00 0 
7f2d5844e000-7f2d5854e000 rw-p 00000000 00:00 0 
7f2d5854e000-7f2d5861c000 r-xp 00000000 08:02 3824676                    /usr/lib/jvm/zulu-17-amd64/lib/libjsvml.so
7f2d5861c000-7f2d5861d000 r--p 000cd000 08:02 3824676                    /usr/lib/jvm/zulu-17-amd64/lib/libjsvml.so
7f2d5861d000-7f2d5861e000 rw-p 000ce000 08:02 3824676                    /usr/lib/jvm/zulu-17-amd64/lib/libjsvml.so
7f2d5861e000-7f2d5873b000 rw-p 00000000 00:00 0 
7f2d58740000-7f2d58747000 r--s 00000000 08:02 4070884                    /usr/lib/x86_64-linux-gnu/gconv/gconv-modules.cache
7f2d58747000-7f2d5875c000 r-xp 00000000 08:02 3824625                    /usr/lib/jvm/zulu-17-amd64/lib/libnet.so
7f2d5875c000-7f2d5875d000 r--p 00014000 08:02 3824625                    /usr/lib/jvm/zulu-17-amd64/lib/libnet.so
7f2d5875d000-7f2d5875e000 rw-p 00015000 08:02 3824625                    /usr/lib/jvm/zulu-17-amd64/lib/libnet.so
7f2d5875e000-7f2d58770000 r-xp 00000000 08:02 3824657                    /usr/lib/jvm/zulu-17-amd64/lib/libnio.so
7f2d58770000-7f2d58771000 ---p 00012000 08:02 3824657                    /usr/lib/jvm/zulu-17-amd64/lib/libnio.so
7f2d58771000-7f2d58772000 r--p 00012000 08:02 3824657                    /usr/lib/jvm/zulu-17-amd64/lib/libnio.so
7f2d58772000-7f2d58773000 rw-p 00013000 08:02 3824657                    /usr/lib/jvm/zulu-17-amd64/lib/libnio.so
7f2d58773000-7f2d58774000 ---p 00000000 00:00 0 
7f2d58774000-7f2d58874000 rw-p 00000000 00:00 0 
7f2d58874000-7f2d58875000 ---p 00000000 00:00 0 
7f2d58875000-7f2d58b77000 rw-p 00000000 00:00 0 
7f2d58b77000-7f2d58b78000 ---p 00000000 00:00 0 
7f2d58b78000-7f2d58c78000 rw-p 00000000 00:00 0 
7f2d58c78000-7f2d58c79000 ---p 00000000 00:00 0 
7f2d58c79000-7f2d58d79000 rw-p 00000000 00:00 0 
7f2d58d79000-7f2d58d7a000 ---p 00000000 00:00 0 
7f2d58d7a000-7f2d58f93000 rw-p 00000000 00:00 0 
7f2d58f93000-7f2d59dd3000 ---p 00000000 00:00 0 
7f2d59dd3000-7f2d59dfa000 rw-p 00000000 00:00 0 
7f2d59dfa000-7f2d59fc2000 ---p 00000000 00:00 0 
7f2d59fc2000-7f2d59fe2000 rw-p 00000000 00:00 0 
7f2d59fe2000-7f2d5a1aa000 ---p 00000000 00:00 0 
7f2d5a1aa000-7f2d5a1ca000 rw-p 00000000 00:00 0 
7f2d5a1ca000-7f2d5a392000 ---p 00000000 00:00 0 
7f2d5a392000-7f2d5a59a000 rw-p 00000000 00:00 0 
7f2d5a59a000-7f2d5a680000 ---p 00000000 00:00 0 
7f2d5a680000-7f2d5a685000 rw-p 00000000 00:00 0 
7f2d5a685000-7f2d5a76b000 ---p 00000000 00:00 0 
7f2d5a76b000-7f2d5a770000 rw-p 00000000 00:00 0 
7f2d5a770000-7f2d5a777000 ---p 00000000 00:00 0 
7f2d5a777000-7f2d5a79b000 r-xp 00000000 08:02 3824655                    /usr/lib/jvm/zulu-17-amd64/lib/libjava.so
7f2d5a79b000-7f2d5a79c000 ---p 00024000 08:02 3824655                    /usr/lib/jvm/zulu-17-amd64/lib/libjava.so
7f2d5a79c000-7f2d5a79d000 r--p 00024000 08:02 3824655                    /usr/lib/jvm/zulu-17-amd64/lib/libjava.so
7f2d5a79d000-7f2d5a79e000 rw-p 00025000 08:02 3824655                    /usr/lib/jvm/zulu-17-amd64/lib/libjava.so
7f2d5a79e000-7f2d5a79f000 rw-p 00000000 00:00 0 
7f2d5a79f000-7f2d5a7ba000 r-xp 00000000 08:02 3824659                    /usr/lib/jvm/zulu-17-amd64/lib/libjimage.so
7f2d5a7ba000-7f2d5a7bc000 r--p 0001a000 08:02 3824659                    /usr/lib/jvm/zulu-17-amd64/lib/libjimage.so
7f2d5a7bc000-7f2d5a7bd000 rw-p 0001c000 08:02 3824659                    /usr/lib/jvm/zulu-17-amd64/lib/libjimage.so
7f2d5a7bd000-7f2d5a7c1000 ---p 00000000 00:00 0 
7f2d5a7c1000-7f2d5a8bd000 rw-p 00000000 00:00 0 
7f2d5a8bd000-7f2d5a8cb000 r--p 00000000 08:02 3804763                    /usr/lib/x86_64-linux-gnu/libm.so.6
7f2d5a8cb000-7f2d5a947000 r-xp 0000e000 08:02 3804763                    /usr/lib/x86_64-linux-gnu/libm.so.6
7f2d5a947000-7f2d5a9a2000 r--p 0008a000 08:02 3804763                    /usr/lib/x86_64-linux-gnu/libm.so.6
7f2d5a9a2000-7f2d5a9a3000 r--p 000e4000 08:02 3804763                    /usr/lib/x86_64-linux-gnu/libm.so.6
7f2d5a9a3000-7f2d5a9a4000 rw-p 000e5000 08:02 3804763                    /usr/lib/x86_64-linux-gnu/libm.so.6
7f2d5a9a4000-7f2d5a9a5000 r--p 00000000 08:02 3804851                    /usr/lib/x86_64-linux-gnu/librt.so.1
7f2d5a9a5000-7f2d5a9a6000 r-xp 00001000 08:02 3804851                    /usr/lib/x86_64-linux-gnu/librt.so.1
7f2d5a9a6000-7f2d5a9a7000 r--p 00002000 08:02 3804851                    /usr/lib/x86_64-linux-gnu/librt.so.1
7f2d5a9a7000-7f2d5a9a8000 r--p 00002000 08:02 3804851                    /usr/lib/x86_64-linux-gnu/librt.so.1
7f2d5a9a8000-7f2d5a9a9000 rw-p 00003000 08:02 3804851                    /usr/lib/x86_64-linux-gnu/librt.so.1
7f2d5a9a9000-7f2d5bbba000 r-xp 00000000 08:02 3824636                    /usr/lib/jvm/zulu-17-amd64/lib/server/libjvm.so
7f2d5bbba000-7f2d5bbbb000 ---p 01211000 08:02 3824636                    /usr/lib/jvm/zulu-17-amd64/lib/server/libjvm.so
7f2d5bbbb000-7f2d5bc74000 r--p 01211000 08:02 3824636                    /usr/lib/jvm/zulu-17-amd64/lib/server/libjvm.so
7f2d5bc74000-7f2d5bca9000 rw-p 012ca000 08:02 3824636                    /usr/lib/jvm/zulu-17-amd64/lib/server/libjvm.so
7f2d5bca9000-7f2d5bd08000 rw-p 00000000 00:00 0 
7f2d5bd08000-7f2d5bd30000 r--p 00000000 08:02 3804750                    /usr/lib/x86_64-linux-gnu/libc.so.6
7f2d5bd30000-7f2d5bec5000 r-xp 00028000 08:02 3804750                    /usr/lib/x86_64-linux-gnu/libc.so.6
7f2d5bec5000-7f2d5bf1d000 r--p 001bd000 08:02 3804750                    /usr/lib/x86_64-linux-gnu/libc.so.6
7f2d5bf1d000-7f2d5bf1e000 ---p 00215000 08:02 3804750                    /usr/lib/x86_64-linux-gnu/libc.so.6
7f2d5bf1e000-7f2d5bf22000 r--p 00215000 08:02 3804750                    /usr/lib/x86_64-linux-gnu/libc.so.6
7f2d5bf22000-7f2d5bf24000 rw-p 00219000 08:02 3804750                    /usr/lib/x86_64-linux-gnu/libc.so.6
7f2d5bf24000-7f2d5bf31000 rw-p 00000000 00:00 0 
7f2d5bf31000-7f2d5bf32000 r--p 00000000 08:02 3804759                    /usr/lib/x86_64-linux-gnu/libdl.so.2
7f2d5bf32000-7f2d5bf33000 r-xp 00001000 08:02 3804759                    /usr/lib/x86_64-linux-gnu/libdl.so.2
7f2d5bf33000-7f2d5bf34000 r--p 00002000 08:02 3804759                    /usr/lib/x86_64-linux-gnu/libdl.so.2
7f2d5bf34000-7f2d5bf35000 r--p 00002000 08:02 3804759                    /usr/lib/x86_64-linux-gnu/libdl.so.2
7f2d5bf35000-7f2d5bf36000 rw-p 00003000 08:02 3804759                    /usr/lib/x86_64-linux-gnu/libdl.so.2
7f2d5bf36000-7f2d5bf37000 r--p 00000000 08:02 3804833                    /usr/lib/x86_64-linux-gnu/libpthread.so.0
7f2d5bf37000-7f2d5bf38000 r-xp 00001000 08:02 3804833                    /usr/lib/x86_64-linux-gnu/libpthread.so.0
7f2d5bf38000-7f2d5bf39000 r--p 00002000 08:02 3804833                    /usr/lib/x86_64-linux-gnu/libpthread.so.0
7f2d5bf39000-7f2d5bf3a000 r--p 00002000 08:02 3804833                    /usr/lib/x86_64-linux-gnu/libpthread.so.0
7f2d5bf3a000-7f2d5bf3b000 rw-p 00003000 08:02 3804833                    /usr/lib/x86_64-linux-gnu/libpthread.so.0
7f2d5bf3b000-7f2d5bf4a000 r-xp 00000000 08:02 3824621                    /usr/lib/jvm/zulu-17-amd64/lib/libjli.so
7f2d5bf4a000-7f2d5bf4b000 r--p 0000e000 08:02 3824621                    /usr/lib/jvm/zulu-17-amd64/lib/libjli.so
7f2d5bf4b000-7f2d5bf4c000 rw-p 0000f000 08:02 3824621                    /usr/lib/jvm/zulu-17-amd64/lib/libjli.so
7f2d5bf4c000-7f2d5bf4e000 r--p 00000000 08:02 3811012                    /usr/lib/x86_64-linux-gnu/libz.so.1.2.11
7f2d5bf4e000-7f2d5bf5f000 r-xp 00002000 08:02 3811012                    /usr/lib/x86_64-linux-gnu/libz.so.1.2.11
7f2d5bf5f000-7f2d5bf65000 r--p 00013000 08:02 3811012                    /usr/lib/x86_64-linux-gnu/libz.so.1.2.11
7f2d5bf65000-7f2d5bf66000 ---p 00019000 08:02 3811012                    /usr/lib/x86_64-linux-gnu/libz.so.1.2.11
7f2d5bf66000-7f2d5bf67000 r--p 00019000 08:02 3811012                    /usr/lib/x86_64-linux-gnu/libz.so.1.2.11
7f2d5bf67000-7f2d5bf68000 rw-p 0001a000 08:02 3811012                    /usr/lib/x86_64-linux-gnu/libz.so.1.2.11
7f2d5bf6a000-7f2d5bf6b000 rw-s 00000000 00:1a 617                        /dev/shm/sem.Y7Zqa9 (deleted)
7f2d5bf6b000-7f2d5bf6c000 r--p 00000000 08:02 3408180                    /home/iulian/Projects/Eclipse-Workspace/ipc/lib/semaphore.so
7f2d5bf6c000-7f2d5bf6d000 r-xp 00001000 08:02 3408180                    /home/iulian/Projects/Eclipse-Workspace/ipc/lib/semaphore.so
7f2d5bf6d000-7f2d5bf6e000 r--p 00002000 08:02 3408180                    /home/iulian/Projects/Eclipse-Workspace/ipc/lib/semaphore.so
7f2d5bf6e000-7f2d5bf6f000 r--p 00002000 08:02 3408180                    /home/iulian/Projects/Eclipse-Workspace/ipc/lib/semaphore.so
7f2d5bf6f000-7f2d5bf70000 rw-p 00003000 08:02 3408180                    /home/iulian/Projects/Eclipse-Workspace/ipc/lib/semaphore.so
7f2d5bf70000-7f2d5bf78000 rw-s 00000000 08:02 3670051                    /tmp/hsperfdata_iulian/8361
7f2d5bf78000-7f2d5bf79000 ---p 00000000 00:00 0 
7f2d5bf79000-7f2d5bf7a000 r--p 00000000 00:00 0 
7f2d5bf7a000-7f2d5bf7c000 rw-p 00000000 00:00 0 
7f2d5bf7c000-7f2d5bf7e000 r--p 00000000 08:02 3804741                    /usr/lib/x86_64-linux-gnu/ld-linux-x86-64.so.2
7f2d5bf7e000-7f2d5bfa8000 r-xp 00002000 08:02 3804741                    /usr/lib/x86_64-linux-gnu/ld-linux-x86-64.so.2
7f2d5bfa8000-7f2d5bfb3000 r--p 0002c000 08:02 3804741                    /usr/lib/x86_64-linux-gnu/ld-linux-x86-64.so.2
7f2d5bfb3000-7f2d5bfb4000 ---p 00000000 00:00 0 
7f2d5bfb4000-7f2d5bfb6000 r--p 00037000 08:02 3804741                    /usr/lib/x86_64-linux-gnu/ld-linux-x86-64.so.2
7f2d5bfb6000-7f2d5bfb8000 rw-p 00039000 08:02 3804741                    /usr/lib/x86_64-linux-gnu/ld-linux-x86-64.so.2
7ffd0ccb6000-7ffd0ccd7000 rw-p 00000000 00:00 0                          [stack]
7ffd0cde5000-7ffd0cde9000 r--p 00000000 00:00 0                          [vvar]
7ffd0cde9000-7ffd0cdeb000 r-xp 00000000 00:00 0                          [vdso]
ffffffffff600000-ffffffffff601000 --xp 00000000 00:00 0                  [vsyscall]


VM Arguments:
jvm_args: -Dfile.encoding=UTF-8 -Dstdout.encoding=UTF-8 -Dstderr.encoding=UTF-8 -XX:+ShowCodeDetailsInExceptionMessages 
java_command: ipc.semaphore.Worker
java_class_path (initial): /home/iulian/Projects/Eclipse-Workspace/ipc/bin
Launcher Type: SUN_STANDARD

[Global flags]
     intx CICompilerCount                          = 2                                         {product} {ergonomic}
     uint ConcGCThreads                            = 1                                         {product} {ergonomic}
     uint G1ConcRefinementThreads                  = 2                                         {product} {ergonomic}
   size_t G1HeapRegionSize                         = 1048576                                   {product} {ergonomic}
    uintx GCDrainStackTargetSize                   = 64                                        {product} {ergonomic}
   size_t InitialHeapSize                          = 65011712                                  {product} {ergonomic}
   size_t MarkStackSize                            = 4194304                                   {product} {ergonomic}
   size_t MaxHeapSize                              = 1023410176                                {product} {ergonomic}
   size_t MaxNewSize                               = 613416960                                 {product} {ergonomic}
   size_t MinHeapDeltaBytes                        = 1048576                                   {product} {ergonomic}
   size_t MinHeapSize                              = 8388608                                   {product} {ergonomic}
    uintx NonNMethodCodeHeapSize                   = 5826188                                {pd product} {ergonomic}
    uintx NonProfiledCodeHeapSize                  = 122916026                              {pd product} {ergonomic}
    uintx ProfiledCodeHeapSize                     = 122916026                              {pd product} {ergonomic}
    uintx ReservedCodeCacheSize                    = 251658240                              {pd product} {ergonomic}
     bool SegmentedCodeCache                       = true                                      {product} {ergonomic}
     bool ShowCodeDetailsInExceptionMessages       = true                                   {manageable} {command line}
   size_t SoftMaxHeapSize                          = 1023410176                             {manageable} {ergonomic}
     bool UseCompressedClassPointers               = true                           {product lp64_product} {ergonomic}
     bool UseCompressedOops                        = true                           {product lp64_product} {ergonomic}
     bool UseG1GC                                  = true                                      {product} {ergonomic}

Logging:
Log output configuration:
 #0: stdout all=warning uptime,level,tags
 #1: stderr all=off uptime,level,tags

Environment Variables:
PATH=/usr/local/sbin:/usr/local/bin:/usr/sbin:/usr/bin:/sbin:/bin:/usr/games:/usr/local/games:/snap/bin:/home/iulian/.dotnet/tools
SHELL=/bin/bash
DISPLAY=:0
LANG=en_US.UTF-8
LC_NUMERIC=ro_RO.UTF-8

Active Locale:
LC_ALL=LC_CTYPE=en_US.UTF-8;LC_NUMERIC=ro_RO.UTF-8;LC_TIME=en_US.UTF-8;LC_COLLATE=en_US.UTF-8;LC_MONETARY=ro_RO.UTF-8;LC_MESSAGES=en_US.UTF-8;LC_PAPER=ro_RO.UTF-8;LC_NAME=ro_RO.UTF-8;LC_ADDRESS=ro_RO.UTF-8;LC_TELEPHONE=ro_RO.UTF-8;LC_MEASUREMENT=ro_RO.UTF-8;LC_IDENTIFICATION=ro_RO.UTF-8
LC_COLLATE=en_US.UTF-8
LC_CTYPE=en_US.UTF-8
LC_MESSAGES=en_US.UTF-8
LC_MONETARY=ro_RO.UTF-8
LC_NUMERIC=ro_RO.UTF-8
LC_TIME=en_US.UTF-8

Signal Handlers:
   SIGSEGV: crash_handler in libjvm.so, mask=11100100010111111101111111111110, flags=SA_RESTART|SA_SIGINFO, unblocked
    SIGBUS: crash_handler in libjvm.so, mask=11100100010111111101111111111110, flags=SA_RESTART|SA_SIGINFO, unblocked
    SIGFPE: crash_handler in libjvm.so, mask=11100100010111111101111111111110, flags=SA_RESTART|SA_SIGINFO, unblocked
   SIGPIPE: javaSignalHandler in libjvm.so, mask=11100100010111111101111111111110, flags=SA_RESTART|SA_SIGINFO, blocked
   SIGXFSZ: javaSignalHandler in libjvm.so, mask=11100100010111111101111111111110, flags=SA_RESTART|SA_SIGINFO, blocked
    SIGILL: crash_handler in libjvm.so, mask=11100100010111111101111111111110, flags=SA_RESTART|SA_SIGINFO, unblocked
   SIGUSR2: SR_handler in libjvm.so, mask=00100000000000000000000000000000, flags=SA_RESTART|SA_SIGINFO, blocked
    SIGHUP: UserHandler in libjvm.so, mask=11100100010111111101111111111110, flags=SA_RESTART|SA_SIGINFO, blocked
    SIGINT: UserHandler in libjvm.so, mask=11100100010111111101111111111110, flags=SA_RESTART|SA_SIGINFO, blocked
   SIGTERM: UserHandler in libjvm.so, mask=11100100010111111101111111111110, flags=SA_RESTART|SA_SIGINFO, blocked
   SIGQUIT: UserHandler in libjvm.so, mask=11100100010111111101111111111110, flags=SA_RESTART|SA_SIGINFO, blocked
   SIGTRAP: crash_handler in libjvm.so, mask=11100100010111111101111111111110, flags=SA_RESTART|SA_SIGINFO, unblocked


Periodic native trim disabled


---------------  S Y S T E M  ---------------

OS:
DISTRIB_ID=LinuxMint
DISTRIB_RELEASE=21.3
DISTRIB_CODENAME=virginia
DISTRIB_DESCRIPTION="Linux Mint 21.3 Virginia"
uname: Linux 5.15.0-97-generic #107-Ubuntu SMP Wed Feb 7 13:26:48 UTC 2024 x86_64
OS uptime: 0 days 6:58 hours
libc: glibc 2.35 NPTL 2.35 
rlimit (soft/hard): STACK 8192k/infinity , CORE 0k/infinity , NPROC 15066/15066 , NOFILE 1048576/1048576 , AS infinity/infinity , CPU infinity/infinity , DATA infinity/infinity , FSIZE infinity/infinity , MEMLOCK 498700k/498700k
load average: 0,89 0,92 0,64

/proc/meminfo:
MemTotal:        3989600 kB
MemFree:          243576 kB
MemAvailable:    1212008 kB
Buffers:          122944 kB
Cached:          1064540 kB
SwapCached:         2188 kB
Active:           820596 kB
Inactive:        2676428 kB
Active(anon):      38672 kB
Inactive(anon):  2327656 kB
Active(file):     781924 kB
Inactive(file):   348772 kB
Unevictable:         144 kB
Mlocked:             144 kB
SwapTotal:       2097148 kB
SwapFree:        2010628 kB
Dirty:               132 kB
Writeback:             0 kB
AnonPages:       2307816 kB
Mapped:           348420 kB
Shmem:             56788 kB
KReclaimable:      80588 kB
Slab:             139928 kB
SReclaimable:      80588 kB
SUnreclaim:        59340 kB
KernelStack:       10608 kB
PageTables:        27080 kB
NFS_Unstable:          0 kB
Bounce:                0 kB
WritebackTmp:          0 kB
CommitLimit:     4091948 kB
Committed_AS:    6357936 kB
VmallocTotal:   34359738367 kB
VmallocUsed:       51060 kB
VmallocChunk:          0 kB
Percpu:             1368 kB
HardwareCorrupted:     0 kB
AnonHugePages:         0 kB
ShmemHugePages:        0 kB
ShmemPmdMapped:        0 kB
FileHugePages:         0 kB
FilePmdMapped:         0 kB
HugePages_Total:       0
HugePages_Free:        0
HugePages_Rsvd:        0
HugePages_Surp:        0
Hugepagesize:       2048 kB
Hugetlb:               0 kB
DirectMap4k:      243784 kB
DirectMap2M:     3934208 kB

/sys/kernel/mm/transparent_hugepage/enabled: always [madvise] never
/sys/kernel/mm/transparent_hugepage/defrag (defrag/compaction efforts parameter): always defer defer+madvise [madvise] never

Process Memory:
Virtual Size: 3619672K (peak: 3619672K)
Resident Set Size: 41900K (peak: 41900K) (anon: 21344K, file: 20556K, shmem: 0K)
Swapped out: 0K
C-Heap outstanding allocations: 11137K, retained: 2170K
glibc malloc tunables: (default)

/proc/sys/kernel/threads-max (system-wide limit on the number of threads): 30132
/proc/sys/vm/max_map_count (maximum number of memory map areas a process may have): 65530
/proc/sys/kernel/pid_max (system-wide limit on number of process identifiers): 4194304

container (cgroup) information:
container_type: cgroupv2
cpu_cpuset_cpus: not supported
cpu_memory_nodes: not supported
active_processor_count: 2
cpu_quota: not supported
cpu_period: not supported
cpu_shares: not supported
memory_limit_in_bytes: unlimited
memory_and_swap_limit_in_bytes: unlimited
memory_soft_limit_in_bytes: unlimited
memory_usage_in_bytes: 2860164 k
memory_max_usage_in_bytes: not supported
memory_swap_current_in_bytes: 64684 k
memory_swap_max_limit_in_bytes: unlimited
maximum number of tasks: unlimited
current number of tasks: 385

KVM virtualization detected
Steal ticks since vm start: 0
Steal ticks percentage since vm start:  0,000

CPU: total 2 (initial active 2) (2 cores per cpu, 1 threads per core) family 6 model 165 stepping 2 microcode 0xffffffff, cx8, cmov, fxsr, mmx, 3dnowpref, sse, sse2, sse3, ssse3, sse4.1, sse4.2, popcnt, lzcnt, tsc, tscinvbit, aes, clmul, bmi1, bmi2, clflush, clflushopt, hv
CPU Model and flags from /proc/cpuinfo:
model name	: Intel(R) Core(TM) i7-10850H CPU @ 2.70GHz
flags		: fpu vme de pse tsc msr pae mce cx8 apic sep mtrr pge mca cmov pat pse36 clflush mmx fxsr sse sse2 ht syscall nx rdtscp lm constant_tsc rep_good nopl xtopology nonstop_tsc cpuid tsc_known_freq pni pclmulqdq ssse3 cx16 pcid sse4_1 sse4_2 movbe popcnt aes rdrand hypervisor lahf_lm abm 3dnowprefetch invpcid_single ibrs_enhanced fsgsbase bmi1 bmi2 invpcid rdseed clflushopt arat md_clear flush_l1d arch_capabilities

Online cpus: 0-1
Offline cpus: 
BIOS frequency limitation: <Not Available>
Frequency switch latency (ns): <Not Available>
Available cpu frequencies: <Not Available>
Current governor: <Not Available>
Core performance/turbo boost: <Not Available>

Memory: 4k page, physical 3989600k(243576k free), swap 2097148k(2010628k free)
Page Sizes: 4k

vm_info: OpenJDK 64-Bit Server VM (17.0.10+7-LTS) for linux-amd64 JRE (17.0.10+7-LTS) (Zulu17.48+15-CA), built on Jan  5 2024 14:08:22 by "zulu_re" with gcc 8.3.0

END.
