#
# A fatal error has been detected by the Java Runtime Environment:
#
#  SIGSEGV (0xb) at pc=0x00007f133dd9b548, pid=9400, tid=9402
#
# JRE version: OpenJDK Runtime Environment Zulu17.48+15-CA (17.0.10+7) (build 17.0.10+7-LTS)
# Java VM: OpenJDK 64-Bit Server VM Zulu17.48+15-CA (17.0.10+7-LTS, mixed mode, sharing, tiered, compressed oops, compressed class ptrs, g1 gc, linux-amd64)
# Problematic frame:
# C  [libjava.so+0xf548]  Java_java_lang_Object_getClass+0x8
#
# Core dump will be written. Default location: Core dumps may be processed with "/lib/systemd/systemd-coredump %P %u %g %s %t 9223372036854775808 %h" (or dumping to /home/iulian/Projects/Eclipse-Workspace/ipc/core.9400)
#
# If you would like to submit a bug report, please visit:
#   http://www.azul.com/support/
# The crash happened outside the Java Virtual Machine in native code.
# See problematic frame for where to report the bug.
#

---------------  S U M M A R Y ------------

Command Line: -Dfile.encoding=UTF-8 -Dstdout.encoding=UTF-8 -Dstderr.encoding=UTF-8 -XX:+ShowCodeDetailsInExceptionMessages ipc.semaphore.Worker

Host: Intel(R) Core(TM) i7-10850H CPU @ 2.70GHz, 2 cores, 3G, Linux Mint 21.3 Virginia
Time: Wed Feb 28 19:52:00 2024 EET elapsed time: 2.994732 seconds (0d 0h 0m 2s)

---------------  T H R E A D  ---------------

Current thread (0x00007f1338025c20):  JavaThread "main" [_thread_in_native, id=9402, stack(0x00007f133ddd2000,0x00007f133ded2000)]

Stack: [0x00007f133ddd2000,0x00007f133ded2000],  sp=0x00007f133ded07f8,  free space=1017k
Native frames: (J=compiled Java code, j=interpreted, Vv=VM code, C=native code)
C  [libjava.so+0xf548]  Java_java_lang_Object_getClass+0x8
j  java.io.PrintStream.println(Ljava/lang/String;)V+1 java.base@17.0.10
j  ipc.semaphore.Worker.main([Ljava/lang/String;)V+216
v  ~StubRoutines::call_stub
V  [libjvm.so+0x81c782]  JavaCalls::call_helper(JavaValue*, methodHandle const&, JavaCallArguments*, JavaThread*)+0x312
V  [libjvm.so+0x8aa5a1]  jni_invoke_static(JNIEnv_*, JavaValue*, _jobject*, JNICallType, _jmethodID*, JNI_ArgumentPusher*, JavaThread*) [clone .isra.186] [clone .constprop.443]+0x351
V  [libjvm.so+0x8ace95]  jni_CallStaticVoidMethod+0x145
C  [libjli.so+0x4809]  JavaMain+0xd19
C  [libjli.so+0x84e9]  ThreadJavaMain+0x9

Java frames: (J=compiled Java code, j=interpreted, Vv=VM code)
j  java.lang.Object.getClass()Ljava/lang/Class;+0 java.base@17.0.10
j  java.io.PrintStream.println(Ljava/lang/String;)V+1 java.base@17.0.10
j  ipc.semaphore.Worker.main([Ljava/lang/String;)V+216
v  ~StubRoutines::call_stub

siginfo: si_signo: 11 (SIGSEGV), si_code: 128 (SI_KERNEL), si_addr: 0x0000000000000000

Registers:
RAX=0x00007f133f28f51f, RBX=0x00007f12c346c010, RCX=0x00000000000000bc, RDX=0x00007f12c346c260
RSP=0x00007f133ded07f8, RBP=0x00007f133ded0850, RSI=0x00007f133ded0870, RDI=0x00007f1338025ed8
R8 =0x00007f13084009b0, R9 =0x0000000000000002, R10=0x00007f13288ea319, R11=0x0000000000000111
R12=0x0000000000000000, R13=0x00007f12c3b73cd8, R14=0x00007f133ded0870, R15=0x00007f1338025c20
RIP=0x00007f133dd9b548, EFLAGS=0x0000000000010202, CSGSFS=0x002b000000000033, ERR=0x0000000000000000
  TRAPNO=0x000000000000000d


Register to memory mapping:

RAX=0x00007f133f28f51f: <offset 0x00000000012d151f> in /usr/lib/jvm/zulu-17-amd64/lib/server/libjvm.so at 0x00007f133dfbe000
RBX={method} {0x00007f12c346c010} 'getClass' '()Ljava/lang/Class;' in 'java/lang/Object'
RCX=0x00000000000000bc is an unknown value
RDX=0x00007f12c346c260 is pointing into metadata
RSP=0x00007f133ded07f8 is pointing into the stack for thread: 0x00007f1338025c20
RBP=0x00007f133ded0850 is pointing into the stack for thread: 0x00007f1338025c20
RSI=0x00007f133ded0870 is pointing into the stack for thread: 0x00007f1338025c20
RDI=0x00007f1338025ed8 points into unknown readable memory: 0x00007f133f28f51f | 1f f5 28 3f 13 7f 00 00
R8 ={method} {0x00007f13084009b0} 'main' '([Ljava/lang/String;)V' in 'ipc/semaphore/Worker'
R9 =0x0000000000000002 is an unknown value
R10=0x00007f13288ea319 is at code_begin+825 in an Interpreter codelet
method entry point (kind = native)  [0x00007f13288e9fe0, 0x00007f13288ea820]  2112 bytes
R11=0x0000000000000111 is an unknown value
R12=0x0 is NULL
R13=0x00007f12c3b73cd8 is pointing into metadata
R14=0x00007f133ded0870 is pointing into the stack for thread: 0x00007f1338025c20
R15=0x00007f1338025c20 is a thread


Top of Stack: (sp=0x00007f133ded07f8)
0x00007f133ded07f8:   00007f13288ea345 00007f133ded0840
0x00007f133ded0808:   00007f133ded0808 0000000000000000
0x00007f133ded0818:   00007f133ded0870 00007f12c346c260
0x00007f133ded0828:   0000000000000000 00000000ffe008c8
0x00007f133ded0838:   00007f12c346c010 0000000000000000
0x00007f133ded0848:   00007f133ded0870 00007f133ded08c0
0x00007f133ded0858:   00007f13288e6397 0000000000000000
0x00007f133ded0868:   00007f13288e7f1b 00000000c6d07e30
0x00007f133ded0878:   00007f133ded0878 00007f12c3b1e7f1
0x00007f133ded0888:   00007f133ded08e8 00007f12c3431090
0x00007f133ded0898:   0000000000000000 00000000ffe0b750
0x00007f133ded08a8:   00007f12c3015300 00007f133ded0870
0x00007f133ded08b8:   00007f133ded08e0 00007f133ded0938
0x00007f133ded08c8:   00007f13288e623e 0000000000000000
0x00007f133ded08d8:   0000000000000000 00000000c6dd75c8
0x00007f133ded08e8:   00000000c6d07e30 00007f133ded08f0
0x00007f133ded08f8:   00007f1308400878 00007f133ded0988
0x00007f133ded0908:   00007f1308400a90 0000000000000000
0x00007f133ded0918:   00000000c6d19c18 00007f13084009b0
0x00007f133ded0928:   00007f133ded08e0 00007f133ded0988
0x00007f133ded0938:   00007f133ded09f0 00007f13288ddcc7
0x00007f133ded0948:   0000000000000000 00000000c6dd7490
0x00007f133ded0958:   00000000c6dd7490 00000000c6d8c818
0x00007f133ded0968:   0000000000000000 0000000000000000
0x00007f133ded0978:   00007f133f57f000 0000000000000000
0x00007f133ded0988:   00000000c6d1a2f0 0000000000001fa0
0x00007f133ded0998:   000000000000000e 00007f133ded0c58
0x00007f133ded09a8:   00007f133ded0b80 00007f1338025c20
0x00007f133ded09b8:   00007f133ded0b10 00007f133ded0a80
0x00007f133ded09c8:   00007f133ded0c58 000000000000000a
0x00007f133ded09d8:   00007f13084009b0 00007f13288e93a0
0x00007f133ded09e8:   00007f133ded0b88 00007f133ded0af0 

Instructions: (pc=0x00007f133dd9b548)
0x00007f133dd9b448:   83 c2 04 8d 81 ff fe fe fe f7 d1 21 c8 25 80 80
0x00007f133dd9b458:   80 80 74 e9 89 c1 4c 89 e7 c1 e9 10 a9 80 80 00
0x00007f133dd9b468:   00 0f 44 c1 48 8d 4a 02 48 0f 44 d1 b9 01 00 00
0x00007f133dd9b478:   00 89 c6 40 00 c6 48 8b 35 e3 79 01 00 48 83 da
0x00007f133dd9b488:   03 c6 42 fd 00 4c 89 ea e8 0b f9 ff ff 48 89 c3
0x00007f133dd9b498:   48 85 c0 74 23 4c 89 e7 4c 89 ee e8 78 d8 ff ff
0x00007f133dd9b4a8:   4c 89 ef 48 89 c3 e8 dd d2 ff ff 48 89 d8 5b 41
0x00007f133dd9b4b8:   5c 41 5d 41 5e 5d c3 90 4c 89 ef e8 c8 d2 ff ff
0x00007f133dd9b4c8:   48 89 d8 5b 41 5c 41 5d 41 5e 5d c3 0f 1f 40 00
0x00007f133dd9b4d8:   48 89 da 4c 89 f6 4c 89 e7 31 db e8 e8 d7 ff ff
0x00007f133dd9b4e8:   48 89 d8 5b 41 5c 41 5d 41 5e 5d c3 0f 1f 40 00
0x00007f133dd9b4f8:   48 8d 35 41 fd 00 00 31 db e8 2a d8 ff ff eb ab
0x00007f133dd9b508:   0f 1f 84 00 00 00 00 00 48 89 da 4c 89 f6 4c 89
0x00007f133dd9b518:   e7 31 db e8 b0 d7 ff ff 31 f6 4c 89 e7 e8 96 d2
0x00007f133dd9b528:   ff ff eb 87 0f 1f 40 00 e9 0b d8 ff ff 66 66 2e
0x00007f133dd9b538:   0f 1f 84 00 00 00 00 00 48 85 f6 74 0b 48 8b 07
0x00007f133dd9b548:   ff a0 f8 00 00 00 66 90 55 31 f6 48 89 e5 e8 75
0x00007f133dd9b558:   d2 ff ff 31 c0 5d c3 90 55 48 8d 35 2b f1 00 00
0x00007f133dd9b568:   48 89 e5 53 48 89 fb 48 83 ec 08 48 8b 07 ff 50
0x00007f133dd9b578:   30 48 85 c0 74 16 48 8b 13 48 89 c6 48 89 df ff
0x00007f133dd9b588:   92 a8 00 00 00 48 89 05 ec 78 01 00 48 83 c4 08
0x00007f133dd9b598:   5b 5d c3 0f 1f 44 00 00 55 48 8d 0d 07 f1 00 00
0x00007f133dd9b5a8:   48 89 e5 41 55 41 54 49 89 d4 48 8d 15 fa f0 00
0x00007f133dd9b5b8:   00 53 4c 89 e6 48 89 fb 48 83 ec 08 48 8b 07 ff
0x00007f133dd9b5c8:   90 88 03 00 00 48 85 c0 0f 84 aa 00 00 00 49 89
0x00007f133dd9b5d8:   c5 48 8b 03 4c 89 e6 48 89 df ff 50 50 48 85 c0
0x00007f133dd9b5e8:   74 7c 4c 8b 03 48 8d 0d bb f0 00 00 48 89 c6 48
0x00007f133dd9b5f8:   89 df 48 8d 15 b2 f0 00 00 41 ff 90 88 03 00 00
0x00007f133dd9b608:   49 39 c5 41 0f 95 c4 48 85 c0 74 14 48 83 c4 08
0x00007f133dd9b618:   44 89 e0 5b 41 5c 41 5d 5d c3 66 0f 1f 44 00 00
0x00007f133dd9b628:   48 8b 03 48 89 df ff 50 78 48 89 df 49 89 c4 48
0x00007f133dd9b638:   8b 03 ff 90 88 00 00 00 48 8b 03 4c 89 e6 48 89 


Stack slot to memory mapping:
stack at sp + 0 slots: 0x00007f13288ea345 is at code_begin+869 in an Interpreter codelet
method entry point (kind = native)  [0x00007f13288e9fe0, 0x00007f13288ea820]  2112 bytes
stack at sp + 1 slots: 0x00007f133ded0840 is pointing into the stack for thread: 0x00007f1338025c20
stack at sp + 2 slots: 0x00007f133ded0808 is pointing into the stack for thread: 0x00007f1338025c20
stack at sp + 3 slots: 0x0 is NULL
stack at sp + 4 slots: 0x00007f133ded0870 is pointing into the stack for thread: 0x00007f1338025c20
stack at sp + 5 slots: 0x00007f12c346c260 is pointing into metadata
stack at sp + 6 slots: 0x0 is NULL
stack at sp + 7 slots: 0x00000000ffe008c8 is an oop: java.lang.Class 
{0x00000000ffe008c8} - klass: 'java/lang/Class'
 - ---- fields (total size 14 words):
 - private volatile transient 'classRedefinedCount' 'I' @12  0
 - private volatile transient 'cachedConstructor' 'Ljava/lang/reflect/Constructor;' @40  NULL (0)
 - private transient 'name' 'Ljava/lang/String;' @44  "java.lang.Object"{0x00000000c6d19d28} (c6d19d28)
 - private transient 'module' 'Ljava/lang/Module;' @48  a 'java/lang/Module'{0x00000000ffe560e0} (ffe560e0)
 - private final 'classLoader' 'Ljava/lang/ClassLoader;' @52  NULL (0)
 - private transient 'classData' 'Ljava/lang/Object;' @56  NULL (0)
 - private transient 'packageName' 'Ljava/lang/String;' @60  NULL (0)
 - private final 'componentType' 'Ljava/lang/Class;' @64  NULL (0)
 - private volatile transient 'reflectionData' 'Ljava/lang/ref/SoftReference;' @68  NULL (0)
 - private volatile transient 'genericInfo' 'Lsun/reflect/generics/repository/ClassRepository;' @72  NULL (0)
 - private volatile transient 'enumConstants' '[Ljava/lang/Object;' @76  NULL (0)
 - private volatile transient 'enumConstantDirectory' 'Ljava/util/Map;' @80  NULL (0)
 - private volatile transient 'annotationData' 'Ljava/lang/Class$AnnotationData;' @84  NULL (0)
 - private volatile transient 'annotationType' 'Lsun/reflect/annotation/AnnotationType;' @88  NULL (0)
 - transient 'classValueMap' 'Ljava/lang/ClassValue$ClassValueMap;' @92  NULL (0)
 - signature: Ljava/lang/Object;
 - fake entry for mirror: 'java/lang/Object'
 - fake entry for array: 'java/lang/Object'[]
 - fake entry for oop_size: 14
 - fake entry for static_oop_field_count: 0


---------------  P R O C E S S  ---------------

Threads class SMR info:
_java_thread_list=0x00007f13380e4570, length=11, elements={
0x00007f1338025c20, 0x00007f13380c9fe0, 0x00007f13380cb3d0, 0x00007f13380d1a80,
0x00007f13380d2e40, 0x00007f13380d4260, 0x00007f13380d5c20, 0x00007f13380d7160,
0x00007f13380d85e0, 0x00007f13380dfd20, 0x00007f13380e35d0
}

Java Threads: ( => current thread )
=>0x00007f1338025c20 JavaThread "main" [_thread_in_native, id=9402, stack(0x00007f133ddd2000,0x00007f133ded2000)]
  0x00007f13380c9fe0 JavaThread "Reference Handler" daemon [_thread_blocked, id=9412, stack(0x00007f1311d2f000,0x00007f1311e2f000)]
  0x00007f13380cb3d0 JavaThread "Finalizer" daemon [_thread_blocked, id=9413, stack(0x00007f1311c2f000,0x00007f1311d2f000)]
  0x00007f13380d1a80 JavaThread "Signal Dispatcher" daemon [_thread_blocked, id=9414, stack(0x00007f13112ed000,0x00007f13113ed000)]
  0x00007f13380d2e40 JavaThread "Service Thread" daemon [_thread_blocked, id=9415, stack(0x00007f13111ed000,0x00007f13112ed000)]
  0x00007f13380d4260 JavaThread "Monitor Deflation Thread" daemon [_thread_blocked, id=9416, stack(0x00007f13110ed000,0x00007f13111ed000)]
  0x00007f13380d5c20 JavaThread "C2 CompilerThread0" daemon [_thread_blocked, id=9417, stack(0x00007f1310fed000,0x00007f13110ed000)]
  0x00007f13380d7160 JavaThread "C1 CompilerThread0" daemon [_thread_blocked, id=9418, stack(0x00007f1310eed000,0x00007f1310fed000)]
  0x00007f13380d85e0 JavaThread "Sweeper thread" daemon [_thread_blocked, id=9419, stack(0x00007f1310ded000,0x00007f1310eed000)]
  0x00007f13380dfd20 JavaThread "Notification Thread" daemon [_thread_blocked, id=9420, stack(0x00007f1310ced000,0x00007f1310ded000)]
  0x00007f13380e35d0 JavaThread "Common-Cleaner" daemon [_thread_blocked, id=9422, stack(0x00007f1310aec000,0x00007f1310bec000)]

Other Threads:
  0x00007f13380c60c0 VMThread "VM Thread" [stack: 0x00007f1311e30000,0x00007f1311f30000] [id=9411]
  0x00007f13380e1670 WatcherThread [stack: 0x00007f1310bed000,0x00007f1310ced000] [id=9421]
  0x00007f13380619b0 GCTaskThread "GC Thread#0" [stack: 0x00007f133c38f000,0x00007f133c48f000] [id=9405]
  0x00007f133806a990 ConcurrentGCThread "G1 Main Marker" [stack: 0x00007f133c28e000,0x00007f133c38e000] [id=9407]
  0x00007f133806b910 ConcurrentGCThread "G1 Conc#0" [stack: 0x00007f133c18d000,0x00007f133c28d000] [id=9408]
  0x00007f133809e400 ConcurrentGCThread "G1 Refine#0" [stack: 0x00007f1320264000,0x00007f1320364000] [id=9409]
  0x00007f133809f300 ConcurrentGCThread "G1 Service" [stack: 0x00007f1320163000,0x00007f1320263000] [id=9410]

Threads with active compile tasks:

VM state: not at safepoint (normal execution)

VM Mutex/Monitor currently owned by a thread: None

Heap address: 0x00000000c3000000, size: 976 MB, Compressed Oops mode: 32-bit

CDS archive(s) mapped at: [0x00007f12c3000000-0x00007f12c3beb000-0x00007f12c3beb000), size 12496896, SharedBaseAddress: 0x00007f12c3000000, ArchiveRelocationMode: 1.
Compressed class space mapped at: 0x00007f12c4000000-0x00007f1304000000, reserved size: 1073741824
Narrow klass base: 0x00007f12c3000000, Narrow klass shift: 0, Narrow klass range: 0x100000000

GC Precious Log:
 CPUs: 2 total, 2 available
 Memory: 3896M
 Large Page Support: Disabled
 NUMA Support: Disabled
 Compressed Oops: Enabled (32-bit)
 Heap Region Size: 1M
 Heap Min Capacity: 8M
 Heap Initial Capacity: 62M
 Heap Max Capacity: 976M
 Pre-touch: Disabled
 Parallel Workers: 2
 Concurrent Workers: 1
 Concurrent Refinement Workers: 2
 Periodic GC: Disabled

Heap:
 garbage-first heap   total 65536K, used 952K [0x00000000c3000000, 0x0000000100000000)
  region size 1024K, 1 young (1024K), 0 survivors (0K)
 Metaspace       used 679K, committed 832K, reserved 1114112K
  class space    used 53K, committed 128K, reserved 1048576K

Heap Regions: E=young(eden), S=young(survivor), O=old, HS=humongous(starts), HC=humongous(continues), CS=collection set, F=free, OA=open archive, CA=closed archive, TAMS=top-at-mark-start (previous, next)
|   0|0x00000000c3000000, 0x00000000c3000000, 0x00000000c3100000|  0%| F|  |TAMS 0x00000000c3000000, 0x00000000c3000000| Untracked 
|   1|0x00000000c3100000, 0x00000000c3100000, 0x00000000c3200000|  0%| F|  |TAMS 0x00000000c3100000, 0x00000000c3100000| Untracked 
|   2|0x00000000c3200000, 0x00000000c3200000, 0x00000000c3300000|  0%| F|  |TAMS 0x00000000c3200000, 0x00000000c3200000| Untracked 
|   3|0x00000000c3300000, 0x00000000c3300000, 0x00000000c3400000|  0%| F|  |TAMS 0x00000000c3300000, 0x00000000c3300000| Untracked 
|   4|0x00000000c3400000, 0x00000000c3400000, 0x00000000c3500000|  0%| F|  |TAMS 0x00000000c3400000, 0x00000000c3400000| Untracked 
|   5|0x00000000c3500000, 0x00000000c3500000, 0x00000000c3600000|  0%| F|  |TAMS 0x00000000c3500000, 0x00000000c3500000| Untracked 
|   6|0x00000000c3600000, 0x00000000c3600000, 0x00000000c3700000|  0%| F|  |TAMS 0x00000000c3600000, 0x00000000c3600000| Untracked 
|   7|0x00000000c3700000, 0x00000000c3700000, 0x00000000c3800000|  0%| F|  |TAMS 0x00000000c3700000, 0x00000000c3700000| Untracked 
|   8|0x00000000c3800000, 0x00000000c3800000, 0x00000000c3900000|  0%| F|  |TAMS 0x00000000c3800000, 0x00000000c3800000| Untracked 
|   9|0x00000000c3900000, 0x00000000c3900000, 0x00000000c3a00000|  0%| F|  |TAMS 0x00000000c3900000, 0x00000000c3900000| Untracked 
|  10|0x00000000c3a00000, 0x00000000c3a00000, 0x00000000c3b00000|  0%| F|  |TAMS 0x00000000c3a00000, 0x00000000c3a00000| Untracked 
|  11|0x00000000c3b00000, 0x00000000c3b00000, 0x00000000c3c00000|  0%| F|  |TAMS 0x00000000c3b00000, 0x00000000c3b00000| Untracked 
|  12|0x00000000c3c00000, 0x00000000c3c00000, 0x00000000c3d00000|  0%| F|  |TAMS 0x00000000c3c00000, 0x00000000c3c00000| Untracked 
|  13|0x00000000c3d00000, 0x00000000c3d00000, 0x00000000c3e00000|  0%| F|  |TAMS 0x00000000c3d00000, 0x00000000c3d00000| Untracked 
|  14|0x00000000c3e00000, 0x00000000c3e00000, 0x00000000c3f00000|  0%| F|  |TAMS 0x00000000c3e00000, 0x00000000c3e00000| Untracked 
|  15|0x00000000c3f00000, 0x00000000c3f00000, 0x00000000c4000000|  0%| F|  |TAMS 0x00000000c3f00000, 0x00000000c3f00000| Untracked 
|  16|0x00000000c4000000, 0x00000000c4000000, 0x00000000c4100000|  0%| F|  |TAMS 0x00000000c4000000, 0x00000000c4000000| Untracked 
|  17|0x00000000c4100000, 0x00000000c4100000, 0x00000000c4200000|  0%| F|  |TAMS 0x00000000c4100000, 0x00000000c4100000| Untracked 
|  18|0x00000000c4200000, 0x00000000c4200000, 0x00000000c4300000|  0%| F|  |TAMS 0x00000000c4200000, 0x00000000c4200000| Untracked 
|  19|0x00000000c4300000, 0x00000000c4300000, 0x00000000c4400000|  0%| F|  |TAMS 0x00000000c4300000, 0x00000000c4300000| Untracked 
|  20|0x00000000c4400000, 0x00000000c4400000, 0x00000000c4500000|  0%| F|  |TAMS 0x00000000c4400000, 0x00000000c4400000| Untracked 
|  21|0x00000000c4500000, 0x00000000c4500000, 0x00000000c4600000|  0%| F|  |TAMS 0x00000000c4500000, 0x00000000c4500000| Untracked 
|  22|0x00000000c4600000, 0x00000000c4600000, 0x00000000c4700000|  0%| F|  |TAMS 0x00000000c4600000, 0x00000000c4600000| Untracked 
|  23|0x00000000c4700000, 0x00000000c4700000, 0x00000000c4800000|  0%| F|  |TAMS 0x00000000c4700000, 0x00000000c4700000| Untracked 
|  24|0x00000000c4800000, 0x00000000c4800000, 0x00000000c4900000|  0%| F|  |TAMS 0x00000000c4800000, 0x00000000c4800000| Untracked 
|  25|0x00000000c4900000, 0x00000000c4900000, 0x00000000c4a00000|  0%| F|  |TAMS 0x00000000c4900000, 0x00000000c4900000| Untracked 
|  26|0x00000000c4a00000, 0x00000000c4a00000, 0x00000000c4b00000|  0%| F|  |TAMS 0x00000000c4a00000, 0x00000000c4a00000| Untracked 
|  27|0x00000000c4b00000, 0x00000000c4b00000, 0x00000000c4c00000|  0%| F|  |TAMS 0x00000000c4b00000, 0x00000000c4b00000| Untracked 
|  28|0x00000000c4c00000, 0x00000000c4c00000, 0x00000000c4d00000|  0%| F|  |TAMS 0x00000000c4c00000, 0x00000000c4c00000| Untracked 
|  29|0x00000000c4d00000, 0x00000000c4d00000, 0x00000000c4e00000|  0%| F|  |TAMS 0x00000000c4d00000, 0x00000000c4d00000| Untracked 
|  30|0x00000000c4e00000, 0x00000000c4e00000, 0x00000000c4f00000|  0%| F|  |TAMS 0x00000000c4e00000, 0x00000000c4e00000| Untracked 
|  31|0x00000000c4f00000, 0x00000000c4f00000, 0x00000000c5000000|  0%| F|  |TAMS 0x00000000c4f00000, 0x00000000c4f00000| Untracked 
|  32|0x00000000c5000000, 0x00000000c5000000, 0x00000000c5100000|  0%| F|  |TAMS 0x00000000c5000000, 0x00000000c5000000| Untracked 
|  33|0x00000000c5100000, 0x00000000c5100000, 0x00000000c5200000|  0%| F|  |TAMS 0x00000000c5100000, 0x00000000c5100000| Untracked 
|  34|0x00000000c5200000, 0x00000000c5200000, 0x00000000c5300000|  0%| F|  |TAMS 0x00000000c5200000, 0x00000000c5200000| Untracked 
|  35|0x00000000c5300000, 0x00000000c5300000, 0x00000000c5400000|  0%| F|  |TAMS 0x00000000c5300000, 0x00000000c5300000| Untracked 
|  36|0x00000000c5400000, 0x00000000c5400000, 0x00000000c5500000|  0%| F|  |TAMS 0x00000000c5400000, 0x00000000c5400000| Untracked 
|  37|0x00000000c5500000, 0x00000000c5500000, 0x00000000c5600000|  0%| F|  |TAMS 0x00000000c5500000, 0x00000000c5500000| Untracked 
|  38|0x00000000c5600000, 0x00000000c5600000, 0x00000000c5700000|  0%| F|  |TAMS 0x00000000c5600000, 0x00000000c5600000| Untracked 
|  39|0x00000000c5700000, 0x00000000c5700000, 0x00000000c5800000|  0%| F|  |TAMS 0x00000000c5700000, 0x00000000c5700000| Untracked 
|  40|0x00000000c5800000, 0x00000000c5800000, 0x00000000c5900000|  0%| F|  |TAMS 0x00000000c5800000, 0x00000000c5800000| Untracked 
|  41|0x00000000c5900000, 0x00000000c5900000, 0x00000000c5a00000|  0%| F|  |TAMS 0x00000000c5900000, 0x00000000c5900000| Untracked 
|  42|0x00000000c5a00000, 0x00000000c5a00000, 0x00000000c5b00000|  0%| F|  |TAMS 0x00000000c5a00000, 0x00000000c5a00000| Untracked 
|  43|0x00000000c5b00000, 0x00000000c5b00000, 0x00000000c5c00000|  0%| F|  |TAMS 0x00000000c5b00000, 0x00000000c5b00000| Untracked 
|  44|0x00000000c5c00000, 0x00000000c5c00000, 0x00000000c5d00000|  0%| F|  |TAMS 0x00000000c5c00000, 0x00000000c5c00000| Untracked 
|  45|0x00000000c5d00000, 0x00000000c5d00000, 0x00000000c5e00000|  0%| F|  |TAMS 0x00000000c5d00000, 0x00000000c5d00000| Untracked 
|  46|0x00000000c5e00000, 0x00000000c5e00000, 0x00000000c5f00000|  0%| F|  |TAMS 0x00000000c5e00000, 0x00000000c5e00000| Untracked 
|  47|0x00000000c5f00000, 0x00000000c5f00000, 0x00000000c6000000|  0%| F|  |TAMS 0x00000000c5f00000, 0x00000000c5f00000| Untracked 
|  48|0x00000000c6000000, 0x00000000c6000000, 0x00000000c6100000|  0%| F|  |TAMS 0x00000000c6000000, 0x00000000c6000000| Untracked 
|  49|0x00000000c6100000, 0x00000000c6100000, 0x00000000c6200000|  0%| F|  |TAMS 0x00000000c6100000, 0x00000000c6100000| Untracked 
|  50|0x00000000c6200000, 0x00000000c6200000, 0x00000000c6300000|  0%| F|  |TAMS 0x00000000c6200000, 0x00000000c6200000| Untracked 
|  51|0x00000000c6300000, 0x00000000c6300000, 0x00000000c6400000|  0%| F|  |TAMS 0x00000000c6300000, 0x00000000c6300000| Untracked 
|  52|0x00000000c6400000, 0x00000000c6400000, 0x00000000c6500000|  0%| F|  |TAMS 0x00000000c6400000, 0x00000000c6400000| Untracked 
|  53|0x00000000c6500000, 0x00000000c6500000, 0x00000000c6600000|  0%| F|  |TAMS 0x00000000c6500000, 0x00000000c6500000| Untracked 
|  54|0x00000000c6600000, 0x00000000c6600000, 0x00000000c6700000|  0%| F|  |TAMS 0x00000000c6600000, 0x00000000c6600000| Untracked 
|  55|0x00000000c6700000, 0x00000000c6700000, 0x00000000c6800000|  0%| F|  |TAMS 0x00000000c6700000, 0x00000000c6700000| Untracked 
|  56|0x00000000c6800000, 0x00000000c6800000, 0x00000000c6900000|  0%| F|  |TAMS 0x00000000c6800000, 0x00000000c6800000| Untracked 
|  57|0x00000000c6900000, 0x00000000c6900000, 0x00000000c6a00000|  0%| F|  |TAMS 0x00000000c6900000, 0x00000000c6900000| Untracked 
|  58|0x00000000c6a00000, 0x00000000c6a00000, 0x00000000c6b00000|  0%| F|  |TAMS 0x00000000c6a00000, 0x00000000c6a00000| Untracked 
|  59|0x00000000c6b00000, 0x00000000c6b00000, 0x00000000c6c00000|  0%| F|  |TAMS 0x00000000c6b00000, 0x00000000c6b00000| Untracked 
|  60|0x00000000c6c00000, 0x00000000c6c00000, 0x00000000c6d00000|  0%| F|  |TAMS 0x00000000c6c00000, 0x00000000c6c00000| Untracked 
|  61|0x00000000c6d00000, 0x00000000c6df5f38, 0x00000000c6e00000| 96%| E|  |TAMS 0x00000000c6d00000, 0x00000000c6d00000| Complete 
| 974|0x00000000ffe00000, 0x00000000ffe77000, 0x00000000fff00000| 46%|OA|  |TAMS 0x00000000ffe00000, 0x00000000ffe00000| Untracked 
| 975|0x00000000fff00000, 0x00000000fff77000, 0x0000000100000000| 46%|CA|  |TAMS 0x00000000fff00000, 0x00000000fff00000| Untracked 

Card table byte_map: [0x00007f133d5d8000,0x00007f133d7c0000] _byte_map_base: 0x00007f133cfc0000

Marking Bits (Prev, Next): (CMBitMap*) 0x00007f1338062440, (CMBitMap*) 0x00007f1338062480
 Prev Bits: [0x00007f133c4b0000, 0x00007f133d3f0000)
 Next Bits: [0x00007f1320465000, 0x00007f13213a5000)

Polling page: 0x00007f133f58d000

Metaspace:

Usage:
  Non-class:    626,31 KB used.
      Class:     53,38 KB used.
       Both:    679,70 KB used.

Virtual space:
  Non-class space:       64,00 MB reserved,     704,00 KB (  1%) committed,  1 nodes.
      Class space:        1,00 GB reserved,     128,00 KB ( <1%) committed,  1 nodes.
             Both:        1,06 GB reserved,     832,00 KB ( <1%) committed. 

Chunk freelists:
   Non-Class:  11,98 MB
       Class:  15,74 MB
        Both:  27,72 MB

MaxMetaspaceSize: unlimited
CompressedClassSpaceSize: 1,00 GB
Initial GC threshold: 21,00 MB
Current GC threshold: 21,00 MB
CDS: on
MetaspaceReclaimPolicy: balanced
 - commit_granule_bytes: 65536.
 - commit_granule_words: 8192.
 - virtual_space_node_default_size: 8388608.
 - enlarge_chunks_in_place: 1.
 - new_chunks_are_fully_committed: 0.
 - uncommit_free_chunks: 1.
 - use_allocation_guard: 0.
 - handle_deallocations: 1.


Internal statistics:

num_allocs_failed_limit: 0.
num_arena_births: 14.
num_arena_deaths: 0.
num_vsnodes_births: 2.
num_vsnodes_deaths: 0.
num_space_committed: 13.
num_space_uncommitted: 0.
num_chunks_returned_to_freelist: 0.
num_chunks_taken_from_freelist: 15.
num_chunk_merges: 0.
num_chunk_splits: 10.
num_chunks_enlarged: 5.
num_inconsistent_stats: 0.

CodeHeap 'non-profiled nmethods': size=120036Kb used=51Kb max_used=51Kb free=119984Kb
 bounds [0x00007f1328e6c000, 0x00007f13290dc000, 0x00007f13303a5000]
CodeHeap 'profiled nmethods': size=120032Kb used=215Kb max_used=215Kb free=119816Kb
 bounds [0x00007f13213a5000, 0x00007f1321615000, 0x00007f13288dd000]
CodeHeap 'non-nmethods': size=5692Kb used=1090Kb max_used=1095Kb free=4601Kb
 bounds [0x00007f13288dd000, 0x00007f1328b4d000, 0x00007f1328e6c000]
 total_blobs=543 nmethods=172 adapters=286
 compilation: enabled
              stopped_count=0, restarted_count=0
 full_count=0

Compilation events (20 events):
Event: 0,260 Thread 0x00007f13380d7160  159       3       java.lang.StringUTF16::getChar (60 bytes)
Event: 0,260 Thread 0x00007f13380d7160 nmethod 159 0x00007f13213d7390 code [0x00007f13213d7540, 0x00007f13213d76b0]
Event: 0,260 Thread 0x00007f13380d5c20  160       4       java.lang.StringUTF16::getChar (60 bytes)
Event: 0,260 Thread 0x00007f13380d5c20 nmethod 160 0x00007f1328e77710 code [0x00007f1328e778a0, 0x00007f1328e77958]
Event: 0,263 Thread 0x00007f13380d7160  161       3       java.lang.String::isLatin1 (19 bytes)
Event: 0,263 Thread 0x00007f13380d7160 nmethod 161 0x00007f13213d7790 code [0x00007f13213d7920, 0x00007f13213d7a90]
Event: 0,263 Thread 0x00007f13380d7160  162       3       java.lang.StringLatin1::replace (198 bytes)
Event: 0,264 Thread 0x00007f13380d7160 nmethod 162 0x00007f13213d7b10 code [0x00007f13213d7dc0, 0x00007f13213d8c50]
Event: 0,265 Thread 0x00007f13380d7160  164       1       java.lang.invoke.MethodTypeForm::erasedType (5 bytes)
Event: 0,265 Thread 0x00007f13380d7160 nmethod 164 0x00007f1328e77d10 code [0x00007f1328e77ea0, 0x00007f1328e77f70]
Event: 0,265 Thread 0x00007f13380d7160  166       1       java.lang.invoke.MethodTypeForm::parameterSlotCount (5 bytes)
Event: 0,265 Thread 0x00007f13380d7160 nmethod 166 0x00007f1328e78310 code [0x00007f1328e784a0, 0x00007f1328e78570]
Event: 0,265 Thread 0x00007f13380d7160  167       3       java.lang.invoke.LambdaForm::argument (27 bytes)
Event: 0,265 Thread 0x00007f13380d7160 nmethod 167 0x00007f13213d9190 code [0x00007f13213d9360, 0x00007f13213d95c0]
Event: 0,266 Thread 0x00007f13380d7160  170       1       java.lang.invoke.MethodHandles$Lookup::lookupClass (5 bytes)
Event: 0,266 Thread 0x00007f13380d7160 nmethod 170 0x00007f1328e78c10 code [0x00007f1328e78da0, 0x00007f1328e78e70]
Event: 0,266 Thread 0x00007f13380d7160  171       3       java.lang.invoke.MethodType::checkPtypes (76 bytes)
Event: 0,266 Thread 0x00007f13380d7160 nmethod 171 0x00007f13213d9710 code [0x00007f13213d9980, 0x00007f13213da2e0]
Event: 0,266 Thread 0x00007f13380d7160  172       3       java.lang.AbstractStringBuilder::putStringAt (34 bytes)
Event: 0,266 Thread 0x00007f13380d7160 nmethod 172 0x00007f13213da690 code [0x00007f13213da860, 0x00007f13213dab70]

GC Heap History (0 events):
No events

Dll operation events (5 events):
Event: 0,001 Loaded shared library /usr/lib/jvm/zulu-17-amd64/lib/libjava.so
Event: 0,082 Loaded shared library /usr/lib/jvm/zulu-17-amd64/lib/libjsvml.so
Event: 0,218 Loaded shared library /usr/lib/jvm/zulu-17-amd64/lib/libnio.so
Event: 0,218 Loaded shared library /usr/lib/jvm/zulu-17-amd64/lib/libjimage.so
Event: 0,236 Loaded shared library /home/iulian/Projects/Eclipse-Workspace/ipc/lib/semaphore.so

Deoptimization events (4 events):
Event: 0,260 Thread 0x00007f1338025c20 Uncommon trap: trap_request=0xffffff45 fr.pc=0x00007f1328e75dfc relative=0x000000000000005c
Event: 0,260 Thread 0x00007f1338025c20 Uncommon trap: reason=unstable_if action=reinterpret pc=0x00007f1328e75dfc method=java.lang.String.isLatin1()Z @ 10 c2
Event: 0,260 Thread 0x00007f1338025c20 DEOPT PACKING pc=0x00007f1328e75dfc sp=0x00007f133ded0230
Event: 0,260 Thread 0x00007f1338025c20 DEOPT UNPACKING pc=0x00007f1328933693 sp=0x00007f133ded01e0 mode 2

Classes unloaded (0 events):
No events

Classes redefined (0 events):
No events

Internal exceptions (2 events):
Event: 0,206 Thread 0x00007f1338025c20 Exception <a 'java/lang/NoSuchMethodError'{0x00000000c6d20c00}: 'java.lang.Object java.lang.invoke.DirectMethodHandle$Holder.invokeStaticInit(java.lang.Object)'> (0x00000000c6d20c00) 
thrown [src/hotspot/share/interpreter/linkResolver.cpp, line 759]
Event: 0,215 Thread 0x00007f1338025c20 Exception <a 'java/lang/NoSuchMethodError'{0x00000000c6d35110}: 'java.lang.Object java.lang.invoke.DirectMethodHandle$Holder.invokeInterface(java.lang.Object, java.lang.Object)'> (0x00000000c6d35110) 
thrown [src/hotspot/share/interpreter/linkResolver.cpp, line 759]

VM Operations (2 events):
Event: 1,087 Executing VM operation: Cleanup
Event: 1,088 Executing VM operation: Cleanup done

Events (20 events):
Event: 0,228 loading class sun/nio/cs/UTF_8$Decoder
Event: 0,228 loading class sun/nio/cs/UTF_8$Decoder done
Event: 0,228 loading class sun/nio/cs/StreamDecoder
Event: 0,228 loading class sun/nio/cs/StreamDecoder done
Event: 0,229 loading class java/util/ResourceBundle$BundleReference
Event: 0,229 loading class java/util/ResourceBundle$BundleReference done
Event: 0,237 loading class java/util/Scanner
Event: 0,239 loading class java/util/Scanner done
Event: 0,247 loading class java/util/Scanner$PatternLRUCache
Event: 0,247 loading class java/util/Scanner$PatternLRUCache done
Event: 0,250 loading class jdk/internal/module/ModulePatcher$PatchedModuleReader
Event: 0,250 loading class jdk/internal/module/ModulePatcher$PatchedModuleReader done
Event: 0,250 loading class sun/net/www/protocol/jrt/Handler
Event: 0,250 loading class sun/net/www/protocol/jrt/Handler done
Event: 0,256 loading class sun/text/resources/cldr/FormatData_en
Event: 0,256 loading class sun/text/resources/cldr/FormatData_en done
Event: 0,256 loading class sun/text/resources/cldr/FormatData_en_US
Event: 0,256 loading class sun/text/resources/cldr/FormatData_en_US done
Event: 2,994 loading class java/util/regex/Matcher$ImmutableMatchResult
Event: 2,994 loading class java/util/regex/Matcher$ImmutableMatchResult done


Dynamic libraries:
c3000000-c6e00000 rw-p 00000000 00:00 0 
c6e00000-ffe00000 ---p 00000000 00:00 0 
ffe00000-ffe77000 rw-p 00c9b000 08:02 3824635                            /usr/lib/jvm/zulu-17-amd64/lib/server/classes.jsa
ffe77000-fff00000 rw-p 00000000 00:00 0 
fff00000-fff77000 rw-p 00c24000 08:02 3824635                            /usr/lib/jvm/zulu-17-amd64/lib/server/classes.jsa
fff77000-100000000 rw-p 00000000 00:00 0 
564361e2e000-564361e2f000 r-xp 00000000 08:02 3824684                    /usr/lib/jvm/zulu-17-amd64/bin/java
564361e30000-564361e31000 r--p 00001000 08:02 3824684                    /usr/lib/jvm/zulu-17-amd64/bin/java
564361e31000-564361e32000 rw-p 00002000 08:02 3824684                    /usr/lib/jvm/zulu-17-amd64/bin/java
5643630e6000-56436312e000 rw-p 00000000 00:00 0                          [heap]
7f129c000000-7f129c07a000 rw-p 00000000 00:00 0 
7f129c07a000-7f12a0000000 ---p 00000000 00:00 0 
7f12a0000000-7f12a0021000 rw-p 00000000 00:00 0 
7f12a0021000-7f12a4000000 ---p 00000000 00:00 0 
7f12a4000000-7f12a4021000 rw-p 00000000 00:00 0 
7f12a4021000-7f12a8000000 ---p 00000000 00:00 0 
7f12a8000000-7f12a805e000 rw-p 00000000 00:00 0 
7f12a805e000-7f12ac000000 ---p 00000000 00:00 0 
7f12ac000000-7f12ac021000 rw-p 00000000 00:00 0 
7f12ac021000-7f12b0000000 ---p 00000000 00:00 0 
7f12b0000000-7f12b0021000 rw-p 00000000 00:00 0 
7f12b0021000-7f12b4000000 ---p 00000000 00:00 0 
7f12b4000000-7f12b4021000 rw-p 00000000 00:00 0 
7f12b4021000-7f12b8000000 ---p 00000000 00:00 0 
7f12b8000000-7f12b8021000 rw-p 00000000 00:00 0 
7f12b8021000-7f12bc000000 ---p 00000000 00:00 0 
7f12bc000000-7f12bc021000 rw-p 00000000 00:00 0 
7f12bc021000-7f12c0000000 ---p 00000000 00:00 0 
7f12c3000000-7f12c3beb000 rw-p 00001000 08:02 3824635                    /usr/lib/jvm/zulu-17-amd64/lib/server/classes.jsa
7f12c3beb000-7f12c4000000 ---p 00000000 00:00 0 
7f12c4000000-7f12c4010000 rw-p 00000000 00:00 0 
7f12c4010000-7f12c4040000 ---p 00000000 00:00 0 
7f12c4040000-7f12c4050000 rw-p 00000000 00:00 0 
7f12c4050000-7f1304000000 ---p 00000000 00:00 0 
7f1304000000-7f1304021000 rw-p 00000000 00:00 0 
7f1304021000-7f1308000000 ---p 00000000 00:00 0 
7f1308000000-7f13080a0000 rw-p 00000000 00:00 0 
7f13080a0000-7f1308400000 ---p 00000000 00:00 0 
7f1308400000-7f1308410000 rw-p 00000000 00:00 0 
7f1308410000-7f130c000000 ---p 00000000 00:00 0 
7f130c000000-7f130c021000 rw-p 00000000 00:00 0 
7f130c021000-7f1310000000 ---p 00000000 00:00 0 
7f13106fb000-7f1310aec000 rw-p 00000000 00:00 0 
7f1310aec000-7f1310af0000 ---p 00000000 00:00 0 
7f1310af0000-7f1310bec000 rw-p 00000000 00:00 0 
7f1310bec000-7f1310bed000 ---p 00000000 00:00 0 
7f1310bed000-7f1310ced000 rw-p 00000000 00:00 0 
7f1310ced000-7f1310cf1000 ---p 00000000 00:00 0 
7f1310cf1000-7f1310ded000 rw-p 00000000 00:00 0 
7f1310ded000-7f1310df1000 ---p 00000000 00:00 0 
7f1310df1000-7f1310eed000 rw-p 00000000 00:00 0 
7f1310eed000-7f1310ef1000 ---p 00000000 00:00 0 
7f1310ef1000-7f1310fed000 rw-p 00000000 00:00 0 
7f1310fed000-7f1310ff1000 ---p 00000000 00:00 0 
7f1310ff1000-7f13110ed000 rw-p 00000000 00:00 0 
7f13110ed000-7f13110f1000 ---p 00000000 00:00 0 
7f13110f1000-7f13111ed000 rw-p 00000000 00:00 0 
7f13111ed000-7f13111f1000 ---p 00000000 00:00 0 
7f13111f1000-7f13112ed000 rw-p 00000000 00:00 0 
7f13112ed000-7f13112f1000 ---p 00000000 00:00 0 
7f13112f1000-7f13113ed000 rw-p 00000000 00:00 0 
7f13113ed000-7f1311c2f000 r--p 00000000 08:02 3809057                    /usr/lib/locale/locale-archive
7f1311c2f000-7f1311c33000 ---p 00000000 00:00 0 
7f1311c33000-7f1311d2f000 rw-p 00000000 00:00 0 
7f1311d2f000-7f1311d33000 ---p 00000000 00:00 0 
7f1311d33000-7f1311e2f000 rw-p 00000000 00:00 0 
7f1311e2f000-7f1311e30000 ---p 00000000 00:00 0 
7f1311e30000-7f1311f30000 rw-p 00000000 00:00 0 
7f1311f30000-7f1311ffe000 r-xp 00000000 08:02 3824676                    /usr/lib/jvm/zulu-17-amd64/lib/libjsvml.so
7f1311ffe000-7f1311fff000 r--p 000cd000 08:02 3824676                    /usr/lib/jvm/zulu-17-amd64/lib/libjsvml.so
7f1311fff000-7f1312000000 rw-p 000ce000 08:02 3824676                    /usr/lib/jvm/zulu-17-amd64/lib/libjsvml.so
7f1312000000-7f1314000000 rw-p 00000000 00:00 0 
7f1314000000-7f1314021000 rw-p 00000000 00:00 0 
7f1314021000-7f1318000000 ---p 00000000 00:00 0 
7f1318000000-7f1318021000 rw-p 00000000 00:00 0 
7f1318021000-7f131c000000 ---p 00000000 00:00 0 
7f131c000000-7f131c021000 rw-p 00000000 00:00 0 
7f131c021000-7f1320000000 ---p 00000000 00:00 0 
7f1320055000-7f1320162000 rw-p 00000000 00:00 0 
7f1320162000-7f1320163000 ---p 00000000 00:00 0 
7f1320163000-7f1320263000 rw-p 00000000 00:00 0 
7f1320263000-7f1320264000 ---p 00000000 00:00 0 
7f1320264000-7f132055d000 rw-p 00000000 00:00 0 
7f132055d000-7f132139d000 ---p 00000000 00:00 0 
7f132139d000-7f13213a5000 rw-p 00000000 00:00 0 
7f13213a5000-7f1321615000 rwxp 00000000 00:00 0 
7f1321615000-7f13288dd000 ---p 00000000 00:00 0 
7f13288dd000-7f1328b4d000 rwxp 00000000 00:00 0 
7f1328b4d000-7f1328e6c000 ---p 00000000 00:00 0 
7f1328e6c000-7f13290dc000 rwxp 00000000 00:00 0 
7f13290dc000-7f13303a5000 ---p 00000000 00:00 0 
7f13303a5000-7f1338000000 r--s 00000000 08:02 3824643                    /usr/lib/jvm/zulu-17-amd64/lib/modules
7f1338000000-7f1338113000 rw-p 00000000 00:00 0 
7f1338113000-7f133c000000 ---p 00000000 00:00 0 
7f133c012000-7f133c053000 rw-p 00000000 00:00 0 
7f133c058000-7f133c05f000 r--s 00000000 08:02 4070884                    /usr/lib/x86_64-linux-gnu/gconv/gconv-modules.cache
7f133c05f000-7f133c074000 r-xp 00000000 08:02 3824625                    /usr/lib/jvm/zulu-17-amd64/lib/libnet.so
7f133c074000-7f133c075000 r--p 00014000 08:02 3824625                    /usr/lib/jvm/zulu-17-amd64/lib/libnet.so
7f133c075000-7f133c076000 rw-p 00015000 08:02 3824625                    /usr/lib/jvm/zulu-17-amd64/lib/libnet.so
7f133c076000-7f133c088000 r-xp 00000000 08:02 3824657                    /usr/lib/jvm/zulu-17-amd64/lib/libnio.so
7f133c088000-7f133c089000 ---p 00012000 08:02 3824657                    /usr/lib/jvm/zulu-17-amd64/lib/libnio.so
7f133c089000-7f133c08a000 r--p 00012000 08:02 3824657                    /usr/lib/jvm/zulu-17-amd64/lib/libnio.so
7f133c08a000-7f133c08b000 rw-p 00013000 08:02 3824657                    /usr/lib/jvm/zulu-17-amd64/lib/libnio.so
7f133c08b000-7f133c18c000 rw-p 00000000 00:00 0 
7f133c18c000-7f133c18d000 ---p 00000000 00:00 0 
7f133c18d000-7f133c28d000 rw-p 00000000 00:00 0 
7f133c28d000-7f133c28e000 ---p 00000000 00:00 0 
7f133c28e000-7f133c38e000 rw-p 00000000 00:00 0 
7f133c38e000-7f133c38f000 ---p 00000000 00:00 0 
7f133c38f000-7f133c5a8000 rw-p 00000000 00:00 0 
7f133c5a8000-7f133d3e8000 ---p 00000000 00:00 0 
7f133d3e8000-7f133d40f000 rw-p 00000000 00:00 0 
7f133d40f000-7f133d5d7000 ---p 00000000 00:00 0 
7f133d5d7000-7f133d5f7000 rw-p 00000000 00:00 0 
7f133d5f7000-7f133d7bf000 ---p 00000000 00:00 0 
7f133d7bf000-7f133d7df000 rw-p 00000000 00:00 0 
7f133d7df000-7f133d9a7000 ---p 00000000 00:00 0 
7f133d9a7000-7f133dbaf000 rw-p 00000000 00:00 0 
7f133dbaf000-7f133dc95000 ---p 00000000 00:00 0 
7f133dc95000-7f133dc9a000 rw-p 00000000 00:00 0 
7f133dc9a000-7f133dd80000 ---p 00000000 00:00 0 
7f133dd80000-7f133dd85000 rw-p 00000000 00:00 0 
7f133dd85000-7f133dd8c000 ---p 00000000 00:00 0 
7f133dd8c000-7f133ddb0000 r-xp 00000000 08:02 3824655                    /usr/lib/jvm/zulu-17-amd64/lib/libjava.so
7f133ddb0000-7f133ddb1000 ---p 00024000 08:02 3824655                    /usr/lib/jvm/zulu-17-amd64/lib/libjava.so
7f133ddb1000-7f133ddb2000 r--p 00024000 08:02 3824655                    /usr/lib/jvm/zulu-17-amd64/lib/libjava.so
7f133ddb2000-7f133ddb3000 rw-p 00025000 08:02 3824655                    /usr/lib/jvm/zulu-17-amd64/lib/libjava.so
7f133ddb3000-7f133ddb4000 rw-p 00000000 00:00 0 
7f133ddb4000-7f133ddcf000 r-xp 00000000 08:02 3824659                    /usr/lib/jvm/zulu-17-amd64/lib/libjimage.so
7f133ddcf000-7f133ddd1000 r--p 0001a000 08:02 3824659                    /usr/lib/jvm/zulu-17-amd64/lib/libjimage.so
7f133ddd1000-7f133ddd2000 rw-p 0001c000 08:02 3824659                    /usr/lib/jvm/zulu-17-amd64/lib/libjimage.so
7f133ddd2000-7f133ddd6000 ---p 00000000 00:00 0 
7f133ddd6000-7f133ded2000 rw-p 00000000 00:00 0 
7f133ded2000-7f133dee0000 r--p 00000000 08:02 3804763                    /usr/lib/x86_64-linux-gnu/libm.so.6
7f133dee0000-7f133df5c000 r-xp 0000e000 08:02 3804763                    /usr/lib/x86_64-linux-gnu/libm.so.6
7f133df5c000-7f133dfb7000 r--p 0008a000 08:02 3804763                    /usr/lib/x86_64-linux-gnu/libm.so.6
7f133dfb7000-7f133dfb8000 r--p 000e4000 08:02 3804763                    /usr/lib/x86_64-linux-gnu/libm.so.6
7f133dfb8000-7f133dfb9000 rw-p 000e5000 08:02 3804763                    /usr/lib/x86_64-linux-gnu/libm.so.6
7f133dfb9000-7f133dfba000 r--p 00000000 08:02 3804851                    /usr/lib/x86_64-linux-gnu/librt.so.1
7f133dfba000-7f133dfbb000 r-xp 00001000 08:02 3804851                    /usr/lib/x86_64-linux-gnu/librt.so.1
7f133dfbb000-7f133dfbc000 r--p 00002000 08:02 3804851                    /usr/lib/x86_64-linux-gnu/librt.so.1
7f133dfbc000-7f133dfbd000 r--p 00002000 08:02 3804851                    /usr/lib/x86_64-linux-gnu/librt.so.1
7f133dfbd000-7f133dfbe000 rw-p 00003000 08:02 3804851                    /usr/lib/x86_64-linux-gnu/librt.so.1
7f133dfbe000-7f133f1cf000 r-xp 00000000 08:02 3824636                    /usr/lib/jvm/zulu-17-amd64/lib/server/libjvm.so
7f133f1cf000-7f133f1d0000 ---p 01211000 08:02 3824636                    /usr/lib/jvm/zulu-17-amd64/lib/server/libjvm.so
7f133f1d0000-7f133f289000 r--p 01211000 08:02 3824636                    /usr/lib/jvm/zulu-17-amd64/lib/server/libjvm.so
7f133f289000-7f133f2be000 rw-p 012ca000 08:02 3824636                    /usr/lib/jvm/zulu-17-amd64/lib/server/libjvm.so
7f133f2be000-7f133f31d000 rw-p 00000000 00:00 0 
7f133f31d000-7f133f345000 r--p 00000000 08:02 3804750                    /usr/lib/x86_64-linux-gnu/libc.so.6
7f133f345000-7f133f4da000 r-xp 00028000 08:02 3804750                    /usr/lib/x86_64-linux-gnu/libc.so.6
7f133f4da000-7f133f532000 r--p 001bd000 08:02 3804750                    /usr/lib/x86_64-linux-gnu/libc.so.6
7f133f532000-7f133f533000 ---p 00215000 08:02 3804750                    /usr/lib/x86_64-linux-gnu/libc.so.6
7f133f533000-7f133f537000 r--p 00215000 08:02 3804750                    /usr/lib/x86_64-linux-gnu/libc.so.6
7f133f537000-7f133f539000 rw-p 00219000 08:02 3804750                    /usr/lib/x86_64-linux-gnu/libc.so.6
7f133f539000-7f133f546000 rw-p 00000000 00:00 0 
7f133f546000-7f133f547000 r--p 00000000 08:02 3804759                    /usr/lib/x86_64-linux-gnu/libdl.so.2
7f133f547000-7f133f548000 r-xp 00001000 08:02 3804759                    /usr/lib/x86_64-linux-gnu/libdl.so.2
7f133f548000-7f133f549000 r--p 00002000 08:02 3804759                    /usr/lib/x86_64-linux-gnu/libdl.so.2
7f133f549000-7f133f54a000 r--p 00002000 08:02 3804759                    /usr/lib/x86_64-linux-gnu/libdl.so.2
7f133f54a000-7f133f54b000 rw-p 00003000 08:02 3804759                    /usr/lib/x86_64-linux-gnu/libdl.so.2
7f133f54b000-7f133f54c000 r--p 00000000 08:02 3804833                    /usr/lib/x86_64-linux-gnu/libpthread.so.0
7f133f54c000-7f133f54d000 r-xp 00001000 08:02 3804833                    /usr/lib/x86_64-linux-gnu/libpthread.so.0
7f133f54d000-7f133f54e000 r--p 00002000 08:02 3804833                    /usr/lib/x86_64-linux-gnu/libpthread.so.0
7f133f54e000-7f133f54f000 r--p 00002000 08:02 3804833                    /usr/lib/x86_64-linux-gnu/libpthread.so.0
7f133f54f000-7f133f550000 rw-p 00003000 08:02 3804833                    /usr/lib/x86_64-linux-gnu/libpthread.so.0
7f133f550000-7f133f55f000 r-xp 00000000 08:02 3824621                    /usr/lib/jvm/zulu-17-amd64/lib/libjli.so
7f133f55f000-7f133f560000 r--p 0000e000 08:02 3824621                    /usr/lib/jvm/zulu-17-amd64/lib/libjli.so
7f133f560000-7f133f561000 rw-p 0000f000 08:02 3824621                    /usr/lib/jvm/zulu-17-amd64/lib/libjli.so
7f133f561000-7f133f563000 r--p 00000000 08:02 3811012                    /usr/lib/x86_64-linux-gnu/libz.so.1.2.11
7f133f563000-7f133f574000 r-xp 00002000 08:02 3811012                    /usr/lib/x86_64-linux-gnu/libz.so.1.2.11
7f133f574000-7f133f57a000 r--p 00013000 08:02 3811012                    /usr/lib/x86_64-linux-gnu/libz.so.1.2.11
7f133f57a000-7f133f57b000 ---p 00019000 08:02 3811012                    /usr/lib/x86_64-linux-gnu/libz.so.1.2.11
7f133f57b000-7f133f57c000 r--p 00019000 08:02 3811012                    /usr/lib/x86_64-linux-gnu/libz.so.1.2.11
7f133f57c000-7f133f57d000 rw-p 0001a000 08:02 3811012                    /usr/lib/x86_64-linux-gnu/libz.so.1.2.11
7f133f57f000-7f133f580000 rw-s 00000000 00:1a 619                        /dev/shm/sem.iBYm5h (deleted)
7f133f580000-7f133f581000 r--p 00000000 08:02 3408180                    /home/iulian/Projects/Eclipse-Workspace/ipc/lib/semaphore.so
7f133f581000-7f133f582000 r-xp 00001000 08:02 3408180                    /home/iulian/Projects/Eclipse-Workspace/ipc/lib/semaphore.so
7f133f582000-7f133f583000 r--p 00002000 08:02 3408180                    /home/iulian/Projects/Eclipse-Workspace/ipc/lib/semaphore.so
7f133f583000-7f133f584000 r--p 00002000 08:02 3408180                    /home/iulian/Projects/Eclipse-Workspace/ipc/lib/semaphore.so
7f133f584000-7f133f585000 rw-p 00003000 08:02 3408180                    /home/iulian/Projects/Eclipse-Workspace/ipc/lib/semaphore.so
7f133f585000-7f133f58d000 rw-s 00000000 08:02 3670051                    /tmp/hsperfdata_iulian/9400
7f133f58d000-7f133f58e000 ---p 00000000 00:00 0 
7f133f58e000-7f133f58f000 r--p 00000000 00:00 0 
7f133f58f000-7f133f591000 rw-p 00000000 00:00 0 
7f133f591000-7f133f593000 r--p 00000000 08:02 3804741                    /usr/lib/x86_64-linux-gnu/ld-linux-x86-64.so.2
7f133f593000-7f133f5bd000 r-xp 00002000 08:02 3804741                    /usr/lib/x86_64-linux-gnu/ld-linux-x86-64.so.2
7f133f5bd000-7f133f5c8000 r--p 0002c000 08:02 3804741                    /usr/lib/x86_64-linux-gnu/ld-linux-x86-64.so.2
7f133f5c8000-7f133f5c9000 ---p 00000000 00:00 0 
7f133f5c9000-7f133f5cb000 r--p 00037000 08:02 3804741                    /usr/lib/x86_64-linux-gnu/ld-linux-x86-64.so.2
7f133f5cb000-7f133f5cd000 rw-p 00039000 08:02 3804741                    /usr/lib/x86_64-linux-gnu/ld-linux-x86-64.so.2
7ffef7380000-7ffef73a1000 rw-p 00000000 00:00 0                          [stack]
7ffef73af000-7ffef73b3000 r--p 00000000 00:00 0                          [vvar]
7ffef73b3000-7ffef73b5000 r-xp 00000000 00:00 0                          [vdso]
ffffffffff600000-ffffffffff601000 --xp 00000000 00:00 0                  [vsyscall]


VM Arguments:
jvm_args: -Dfile.encoding=UTF-8 -Dstdout.encoding=UTF-8 -Dstderr.encoding=UTF-8 -XX:+ShowCodeDetailsInExceptionMessages 
java_command: ipc.semaphore.Worker
java_class_path (initial): /home/iulian/Projects/Eclipse-Workspace/ipc/bin
Launcher Type: SUN_STANDARD

[Global flags]
     intx CICompilerCount                          = 2                                         {product} {ergonomic}
     uint ConcGCThreads                            = 1                                         {product} {ergonomic}
     uint G1ConcRefinementThreads                  = 2                                         {product} {ergonomic}
   size_t G1HeapRegionSize                         = 1048576                                   {product} {ergonomic}
    uintx GCDrainStackTargetSize                   = 64                                        {product} {ergonomic}
   size_t InitialHeapSize                          = 65011712                                  {product} {ergonomic}
   size_t MarkStackSize                            = 4194304                                   {product} {ergonomic}
   size_t MaxHeapSize                              = 1023410176                                {product} {ergonomic}
   size_t MaxNewSize                               = 613416960                                 {product} {ergonomic}
   size_t MinHeapDeltaBytes                        = 1048576                                   {product} {ergonomic}
   size_t MinHeapSize                              = 8388608                                   {product} {ergonomic}
    uintx NonNMethodCodeHeapSize                   = 5826188                                {pd product} {ergonomic}
    uintx NonProfiledCodeHeapSize                  = 122916026                              {pd product} {ergonomic}
    uintx ProfiledCodeHeapSize                     = 122916026                              {pd product} {ergonomic}
    uintx ReservedCodeCacheSize                    = 251658240                              {pd product} {ergonomic}
     bool SegmentedCodeCache                       = true                                      {product} {ergonomic}
     bool ShowCodeDetailsInExceptionMessages       = true                                   {manageable} {command line}
   size_t SoftMaxHeapSize                          = 1023410176                             {manageable} {ergonomic}
     bool UseCompressedClassPointers               = true                           {product lp64_product} {ergonomic}
     bool UseCompressedOops                        = true                           {product lp64_product} {ergonomic}
     bool UseG1GC                                  = true                                      {product} {ergonomic}

Logging:
Log output configuration:
 #0: stdout all=warning uptime,level,tags
 #1: stderr all=off uptime,level,tags

Environment Variables:
PATH=/usr/local/sbin:/usr/local/bin:/usr/sbin:/usr/bin:/sbin:/bin:/usr/games:/usr/local/games:/snap/bin:/home/iulian/.dotnet/tools
SHELL=/bin/bash
DISPLAY=:0
LANG=en_US.UTF-8
LC_NUMERIC=ro_RO.UTF-8

Active Locale:
LC_ALL=LC_CTYPE=en_US.UTF-8;LC_NUMERIC=ro_RO.UTF-8;LC_TIME=en_US.UTF-8;LC_COLLATE=en_US.UTF-8;LC_MONETARY=ro_RO.UTF-8;LC_MESSAGES=en_US.UTF-8;LC_PAPER=ro_RO.UTF-8;LC_NAME=ro_RO.UTF-8;LC_ADDRESS=ro_RO.UTF-8;LC_TELEPHONE=ro_RO.UTF-8;LC_MEASUREMENT=ro_RO.UTF-8;LC_IDENTIFICATION=ro_RO.UTF-8
LC_COLLATE=en_US.UTF-8
LC_CTYPE=en_US.UTF-8
LC_MESSAGES=en_US.UTF-8
LC_MONETARY=ro_RO.UTF-8
LC_NUMERIC=ro_RO.UTF-8
LC_TIME=en_US.UTF-8

Signal Handlers:
   SIGSEGV: crash_handler in libjvm.so, mask=11100100010111111101111111111110, flags=SA_RESTART|SA_SIGINFO, unblocked
    SIGBUS: crash_handler in libjvm.so, mask=11100100010111111101111111111110, flags=SA_RESTART|SA_SIGINFO, unblocked
    SIGFPE: crash_handler in libjvm.so, mask=11100100010111111101111111111110, flags=SA_RESTART|SA_SIGINFO, unblocked
   SIGPIPE: javaSignalHandler in libjvm.so, mask=11100100010111111101111111111110, flags=SA_RESTART|SA_SIGINFO, blocked
   SIGXFSZ: javaSignalHandler in libjvm.so, mask=11100100010111111101111111111110, flags=SA_RESTART|SA_SIGINFO, blocked
    SIGILL: crash_handler in libjvm.so, mask=11100100010111111101111111111110, flags=SA_RESTART|SA_SIGINFO, unblocked
   SIGUSR2: SR_handler in libjvm.so, mask=00100000000000000000000000000000, flags=SA_RESTART|SA_SIGINFO, blocked
    SIGHUP: UserHandler in libjvm.so, mask=11100100010111111101111111111110, flags=SA_RESTART|SA_SIGINFO, blocked
    SIGINT: UserHandler in libjvm.so, mask=11100100010111111101111111111110, flags=SA_RESTART|SA_SIGINFO, blocked
   SIGTERM: UserHandler in libjvm.so, mask=11100100010111111101111111111110, flags=SA_RESTART|SA_SIGINFO, blocked
   SIGQUIT: UserHandler in libjvm.so, mask=11100100010111111101111111111110, flags=SA_RESTART|SA_SIGINFO, blocked
   SIGTRAP: crash_handler in libjvm.so, mask=11100100010111111101111111111110, flags=SA_RESTART|SA_SIGINFO, unblocked


Periodic native trim disabled


---------------  S Y S T E M  ---------------

OS:
DISTRIB_ID=LinuxMint
DISTRIB_RELEASE=21.3
DISTRIB_CODENAME=virginia
DISTRIB_DESCRIPTION="Linux Mint 21.3 Virginia"
uname: Linux 5.15.0-97-generic #107-Ubuntu SMP Wed Feb 7 13:26:48 UTC 2024 x86_64
OS uptime: 0 days 8:05 hours
libc: glibc 2.35 NPTL 2.35 
rlimit (soft/hard): STACK 8192k/infinity , CORE 0k/infinity , NPROC 15066/15066 , NOFILE 1048576/1048576 , AS infinity/infinity , CPU infinity/infinity , DATA infinity/infinity , FSIZE infinity/infinity , MEMLOCK 498700k/498700k
load average: 2,06 1,23 0,66

/proc/meminfo:
MemTotal:        3989600 kB
MemFree:          302532 kB
MemAvailable:    1171488 kB
Buffers:           98236 kB
Cached:           988228 kB
SwapCached:         3020 kB
Active:           813804 kB
Inactive:        2601072 kB
Active(anon):      69092 kB
Inactive(anon):  2313256 kB
Active(file):     744712 kB
Inactive(file):   287816 kB
Unevictable:         192 kB
Mlocked:             192 kB
SwapTotal:       2097148 kB
SwapFree:        1943292 kB
Dirty:               356 kB
Writeback:             0 kB
AnonPages:       2326080 kB
Mapped:           334728 kB
Shmem:             53936 kB
KReclaimable:      77976 kB
Slab:             138764 kB
SReclaimable:      77976 kB
SUnreclaim:        60788 kB
KernelStack:       11504 kB
PageTables:        29600 kB
NFS_Unstable:          0 kB
Bounce:                0 kB
WritebackTmp:          0 kB
CommitLimit:     4091948 kB
Committed_AS:    6863640 kB
VmallocTotal:   34359738367 kB
VmallocUsed:       51956 kB
VmallocChunk:          0 kB
Percpu:             1368 kB
HardwareCorrupted:     0 kB
AnonHugePages:         0 kB
ShmemHugePages:        0 kB
ShmemPmdMapped:        0 kB
FileHugePages:         0 kB
FilePmdMapped:         0 kB
HugePages_Total:       0
HugePages_Free:        0
HugePages_Rsvd:        0
HugePages_Surp:        0
Hugepagesize:       2048 kB
Hugetlb:               0 kB
DirectMap4k:      254024 kB
DirectMap2M:     3923968 kB

/sys/kernel/mm/transparent_hugepage/enabled: always [madvise] never
/sys/kernel/mm/transparent_hugepage/defrag (defrag/compaction efforts parameter): always defer defer+madvise [madvise] never

Process Memory:
Virtual Size: 3619672K (peak: 3619672K)
Resident Set Size: 41556K (peak: 41556K) (anon: 21236K, file: 20320K, shmem: 0K)
Swapped out: 0K
C-Heap outstanding allocations: 11651K, retained: 1688K
glibc malloc tunables: (default)

/proc/sys/kernel/threads-max (system-wide limit on the number of threads): 30132
/proc/sys/vm/max_map_count (maximum number of memory map areas a process may have): 65530
/proc/sys/kernel/pid_max (system-wide limit on number of process identifiers): 4194304

container (cgroup) information:
container_type: cgroupv2
cpu_cpuset_cpus: not supported
cpu_memory_nodes: not supported
active_processor_count: 2
cpu_quota: not supported
cpu_period: not supported
cpu_shares: not supported
memory_limit_in_bytes: unlimited
memory_and_swap_limit_in_bytes: unlimited
memory_soft_limit_in_bytes: unlimited
memory_usage_in_bytes: 2835060 k
memory_max_usage_in_bytes: not supported
memory_swap_current_in_bytes: 131604 k
memory_swap_max_limit_in_bytes: unlimited
maximum number of tasks: unlimited
current number of tasks: 437

KVM virtualization detected
Steal ticks since vm start: 0
Steal ticks percentage since vm start:  0,000

CPU: total 2 (initial active 2) (2 cores per cpu, 1 threads per core) family 6 model 165 stepping 2 microcode 0xffffffff, cx8, cmov, fxsr, mmx, 3dnowpref, sse, sse2, sse3, ssse3, sse4.1, sse4.2, popcnt, lzcnt, tsc, tscinvbit, aes, clmul, bmi1, bmi2, clflush, clflushopt, hv
CPU Model and flags from /proc/cpuinfo:
model name	: Intel(R) Core(TM) i7-10850H CPU @ 2.70GHz
flags		: fpu vme de pse tsc msr pae mce cx8 apic sep mtrr pge mca cmov pat pse36 clflush mmx fxsr sse sse2 ht syscall nx rdtscp lm constant_tsc rep_good nopl xtopology nonstop_tsc cpuid tsc_known_freq pni pclmulqdq ssse3 cx16 pcid sse4_1 sse4_2 movbe popcnt aes rdrand hypervisor lahf_lm abm 3dnowprefetch invpcid_single ibrs_enhanced fsgsbase bmi1 bmi2 invpcid rdseed clflushopt arat md_clear flush_l1d arch_capabilities

Online cpus: 0-1
Offline cpus: 
BIOS frequency limitation: <Not Available>
Frequency switch latency (ns): <Not Available>
Available cpu frequencies: <Not Available>
Current governor: <Not Available>
Core performance/turbo boost: <Not Available>

Memory: 4k page, physical 3989600k(302532k free), swap 2097148k(1943292k free)
Page Sizes: 4k

vm_info: OpenJDK 64-Bit Server VM (17.0.10+7-LTS) for linux-amd64 JRE (17.0.10+7-LTS) (Zulu17.48+15-CA), built on Jan  5 2024 14:08:22 by "zulu_re" with gcc 8.3.0

END.
