#
# A fatal error has been detected by the Java Runtime Environment:
#
#  SIGSEGV (0xb) at pc=0x00007f1c76527548, pid=7959, tid=7960
#
# JRE version: OpenJDK Runtime Environment Zulu17.48+15-CA (17.0.10+7) (build 17.0.10+7-LTS)
# Java VM: OpenJDK 64-Bit Server VM Zulu17.48+15-CA (17.0.10+7-LTS, mixed mode, sharing, tiered, compressed oops, compressed class ptrs, g1 gc, linux-amd64)
# Problematic frame:
# C  [libjava.so+0xf548]  Java_java_lang_Object_getClass+0x8
#
# Core dump will be written. Default location: Core dumps may be processed with "/lib/systemd/systemd-coredump %P %u %g %s %t 9223372036854775808 %h" (or dumping to /home/iulian/Projects/Eclipse-Workspace/ipc/core.7959)
#
# If you would like to submit a bug report, please visit:
#   http://www.azul.com/support/
# The crash happened outside the Java Virtual Machine in native code.
# See problematic frame for where to report the bug.
#

---------------  S U M M A R Y ------------

Command Line: -Dfile.encoding=UTF-8 -Dstdout.encoding=UTF-8 -Dstderr.encoding=UTF-8 -XX:+ShowCodeDetailsInExceptionMessages ipc.semaphore.Worker

Host: Intel(R) Core(TM) i7-10850H CPU @ 2.70GHz, 2 cores, 3G, Linux Mint 21.3 Virginia
Time: Wed Feb 28 18:34:48 2024 EET elapsed time: 4.159866 seconds (0d 0h 0m 4s)

---------------  T H R E A D  ---------------

Current thread (0x00007f1c70025c20):  JavaThread "main" [_thread_in_native, id=7960, stack(0x00007f1c7655e000,0x00007f1c7665e000)]

Stack: [0x00007f1c7655e000,0x00007f1c7665e000],  sp=0x00007f1c7665c7f8,  free space=1017k
Native frames: (J=compiled Java code, j=interpreted, Vv=VM code, C=native code)
C  [libjava.so+0xf548]  Java_java_lang_Object_getClass+0x8
j  java.io.PrintStream.println(Ljava/lang/String;)V+1 java.base@17.0.10
j  ipc.semaphore.Worker.main([Ljava/lang/String;)V+224
v  ~StubRoutines::call_stub
V  [libjvm.so+0x81c782]  JavaCalls::call_helper(JavaValue*, methodHandle const&, JavaCallArguments*, JavaThread*)+0x312
V  [libjvm.so+0x8aa5a1]  jni_invoke_static(JNIEnv_*, JavaValue*, _jobject*, JNICallType, _jmethodID*, JNI_ArgumentPusher*, JavaThread*) [clone .isra.186] [clone .constprop.443]+0x351
V  [libjvm.so+0x8ace95]  jni_CallStaticVoidMethod+0x145
C  [libjli.so+0x4809]  JavaMain+0xd19
C  [libjli.so+0x84e9]  ThreadJavaMain+0x9

Java frames: (J=compiled Java code, j=interpreted, Vv=VM code)
j  java.lang.Object.getClass()Ljava/lang/Class;+0 java.base@17.0.10
j  java.io.PrintStream.println(Ljava/lang/String;)V+1 java.base@17.0.10
j  ipc.semaphore.Worker.main([Ljava/lang/String;)V+224
v  ~StubRoutines::call_stub

siginfo: si_signo: 11 (SIGSEGV), si_code: 128 (SI_KERNEL), si_addr: 0x0000000000000000

Registers:
RAX=0x00007f1c77a1b51f, RBX=0x00007f1bfb46c010, RCX=0x00000000000000aa, RDX=0x00007f1bfb46c260
RSP=0x00007f1c7665c7f8, RBP=0x00007f1c7665c850, RSI=0x00007f1c7665c870, RDI=0x00007f1c70025ed8
R8 =0x00007f1c404008f8, R9 =0x0000000000000002, R10=0x00007f1c608ea319, R11=0x0000000000000111
R12=0x0000000000000000, R13=0x00007f1bfbb73cd8, R14=0x00007f1c7665c870, R15=0x00007f1c70025c20
RIP=0x00007f1c76527548, EFLAGS=0x0000000000010202, CSGSFS=0x002b000000000033, ERR=0x0000000000000000
  TRAPNO=0x000000000000000d


Register to memory mapping:

RAX=0x00007f1c77a1b51f: <offset 0x00000000012d151f> in /usr/lib/jvm/zulu-17-amd64/lib/server/libjvm.so at 0x00007f1c7674a000
RBX={method} {0x00007f1bfb46c010} 'getClass' '()Ljava/lang/Class;' in 'java/lang/Object'
RCX=0x00000000000000aa is an unknown value
RDX=0x00007f1bfb46c260 is pointing into metadata
RSP=0x00007f1c7665c7f8 is pointing into the stack for thread: 0x00007f1c70025c20
RBP=0x00007f1c7665c850 is pointing into the stack for thread: 0x00007f1c70025c20
RSI=0x00007f1c7665c870 is pointing into the stack for thread: 0x00007f1c70025c20
RDI=0x00007f1c70025ed8 points into unknown readable memory: 0x00007f1c77a1b51f | 1f b5 a1 77 1c 7f 00 00
R8 ={method} {0x00007f1c404008f8} 'main' '([Ljava/lang/String;)V' in 'ipc/semaphore/Worker'
R9 =0x0000000000000002 is an unknown value
R10=0x00007f1c608ea319 is at code_begin+825 in an Interpreter codelet
method entry point (kind = native)  [0x00007f1c608e9fe0, 0x00007f1c608ea820]  2112 bytes
R11=0x0000000000000111 is an unknown value
R12=0x0 is NULL
R13=0x00007f1bfbb73cd8 is pointing into metadata
R14=0x00007f1c7665c870 is pointing into the stack for thread: 0x00007f1c70025c20
R15=0x00007f1c70025c20 is a thread


Top of Stack: (sp=0x00007f1c7665c7f8)
0x00007f1c7665c7f8:   00007f1c608ea345 00007f1c7665c840
0x00007f1c7665c808:   00007f1c7665c808 0000000000000000
0x00007f1c7665c818:   00007f1c7665c870 00007f1bfb46c260
0x00007f1c7665c828:   0000000000000000 00000000ffe008c8
0x00007f1c7665c838:   00007f1bfb46c010 0000000000000000
0x00007f1c7665c848:   00007f1c7665c870 00007f1c7665c8c0
0x00007f1c7665c858:   00007f1c608e6397 0000000000000000
0x00007f1c7665c868:   00007f1c608e7f1b 00000000c6d07e30
0x00007f1c7665c878:   00007f1c7665c878 00007f1bfbb1e7f1
0x00007f1c7665c888:   00007f1c7665c8e8 00007f1bfb431090
0x00007f1c7665c898:   0000000000000000 00000000ffe0b750
0x00007f1c7665c8a8:   00007f1bfb015300 00007f1c7665c870
0x00007f1c7665c8b8:   00007f1c7665c8e0 00007f1c7665c938
0x00007f1c7665c8c8:   00007f1c608e623e 0000000000000000
0x00007f1c7665c8d8:   0000000000000000 00000000c6dd1108
0x00007f1c7665c8e8:   00000000c6d07e30 00007f1c7665c8f0
0x00007f1c7665c8f8:   00007f1c404007c8 00007f1c7665c988
0x00007f1c7665c908:   00007f1c404009a8 0000000000000000
0x00007f1c7665c918:   00000000c6d19a68 00007f1c404008f8
0x00007f1c7665c928:   00007f1c7665c8e0 00007f1c7665c988
0x00007f1c7665c938:   00007f1c7665c9f0 00007f1c608ddcc7
0x00007f1c7665c948:   0000000000000000 00000000c6dd0fd0
0x00007f1c7665c958:   00000000c6dd0fd0 00000000c6d86658
0x00007f1c7665c968:   0000000000000000 0000000000000000
0x00007f1c7665c978:   00007f1c77d0b000 0000000000000000
0x00007f1c7665c988:   00000000c6d1a130 0000000000001fa0
0x00007f1c7665c998:   000000000000000e 00007f1c7665cc58
0x00007f1c7665c9a8:   00007f1c7665cb80 00007f1c70025c20
0x00007f1c7665c9b8:   00007f1c7665cb10 00007f1c7665ca80
0x00007f1c7665c9c8:   00007f1c7665cc58 000000000000000a
0x00007f1c7665c9d8:   00007f1c404008f8 00007f1c608e93a0
0x00007f1c7665c9e8:   00007f1c7665cb88 00007f1c7665caf0 

Instructions: (pc=0x00007f1c76527548)
0x00007f1c76527448:   83 c2 04 8d 81 ff fe fe fe f7 d1 21 c8 25 80 80
0x00007f1c76527458:   80 80 74 e9 89 c1 4c 89 e7 c1 e9 10 a9 80 80 00
0x00007f1c76527468:   00 0f 44 c1 48 8d 4a 02 48 0f 44 d1 b9 01 00 00
0x00007f1c76527478:   00 89 c6 40 00 c6 48 8b 35 e3 79 01 00 48 83 da
0x00007f1c76527488:   03 c6 42 fd 00 4c 89 ea e8 0b f9 ff ff 48 89 c3
0x00007f1c76527498:   48 85 c0 74 23 4c 89 e7 4c 89 ee e8 78 d8 ff ff
0x00007f1c765274a8:   4c 89 ef 48 89 c3 e8 dd d2 ff ff 48 89 d8 5b 41
0x00007f1c765274b8:   5c 41 5d 41 5e 5d c3 90 4c 89 ef e8 c8 d2 ff ff
0x00007f1c765274c8:   48 89 d8 5b 41 5c 41 5d 41 5e 5d c3 0f 1f 40 00
0x00007f1c765274d8:   48 89 da 4c 89 f6 4c 89 e7 31 db e8 e8 d7 ff ff
0x00007f1c765274e8:   48 89 d8 5b 41 5c 41 5d 41 5e 5d c3 0f 1f 40 00
0x00007f1c765274f8:   48 8d 35 41 fd 00 00 31 db e8 2a d8 ff ff eb ab
0x00007f1c76527508:   0f 1f 84 00 00 00 00 00 48 89 da 4c 89 f6 4c 89
0x00007f1c76527518:   e7 31 db e8 b0 d7 ff ff 31 f6 4c 89 e7 e8 96 d2
0x00007f1c76527528:   ff ff eb 87 0f 1f 40 00 e9 0b d8 ff ff 66 66 2e
0x00007f1c76527538:   0f 1f 84 00 00 00 00 00 48 85 f6 74 0b 48 8b 07
0x00007f1c76527548:   ff a0 f8 00 00 00 66 90 55 31 f6 48 89 e5 e8 75
0x00007f1c76527558:   d2 ff ff 31 c0 5d c3 90 55 48 8d 35 2b f1 00 00
0x00007f1c76527568:   48 89 e5 53 48 89 fb 48 83 ec 08 48 8b 07 ff 50
0x00007f1c76527578:   30 48 85 c0 74 16 48 8b 13 48 89 c6 48 89 df ff
0x00007f1c76527588:   92 a8 00 00 00 48 89 05 ec 78 01 00 48 83 c4 08
0x00007f1c76527598:   5b 5d c3 0f 1f 44 00 00 55 48 8d 0d 07 f1 00 00
0x00007f1c765275a8:   48 89 e5 41 55 41 54 49 89 d4 48 8d 15 fa f0 00
0x00007f1c765275b8:   00 53 4c 89 e6 48 89 fb 48 83 ec 08 48 8b 07 ff
0x00007f1c765275c8:   90 88 03 00 00 48 85 c0 0f 84 aa 00 00 00 49 89
0x00007f1c765275d8:   c5 48 8b 03 4c 89 e6 48 89 df ff 50 50 48 85 c0
0x00007f1c765275e8:   74 7c 4c 8b 03 48 8d 0d bb f0 00 00 48 89 c6 48
0x00007f1c765275f8:   89 df 48 8d 15 b2 f0 00 00 41 ff 90 88 03 00 00
0x00007f1c76527608:   49 39 c5 41 0f 95 c4 48 85 c0 74 14 48 83 c4 08
0x00007f1c76527618:   44 89 e0 5b 41 5c 41 5d 5d c3 66 0f 1f 44 00 00
0x00007f1c76527628:   48 8b 03 48 89 df ff 50 78 48 89 df 49 89 c4 48
0x00007f1c76527638:   8b 03 ff 90 88 00 00 00 48 8b 03 4c 89 e6 48 89 


Stack slot to memory mapping:
stack at sp + 0 slots: 0x00007f1c608ea345 is at code_begin+869 in an Interpreter codelet
method entry point (kind = native)  [0x00007f1c608e9fe0, 0x00007f1c608ea820]  2112 bytes
stack at sp + 1 slots: 0x00007f1c7665c840 is pointing into the stack for thread: 0x00007f1c70025c20
stack at sp + 2 slots: 0x00007f1c7665c808 is pointing into the stack for thread: 0x00007f1c70025c20
stack at sp + 3 slots: 0x0 is NULL
stack at sp + 4 slots: 0x00007f1c7665c870 is pointing into the stack for thread: 0x00007f1c70025c20
stack at sp + 5 slots: 0x00007f1bfb46c260 is pointing into metadata
stack at sp + 6 slots: 0x0 is NULL
stack at sp + 7 slots: 0x00000000ffe008c8 is an oop: java.lang.Class 
{0x00000000ffe008c8} - klass: 'java/lang/Class'
 - ---- fields (total size 14 words):
 - private volatile transient 'classRedefinedCount' 'I' @12  0
 - private volatile transient 'cachedConstructor' 'Ljava/lang/reflect/Constructor;' @40  NULL (0)
 - private transient 'name' 'Ljava/lang/String;' @44  "java.lang.Object"{0x00000000c6d19b78} (c6d19b78)
 - private transient 'module' 'Ljava/lang/Module;' @48  a 'java/lang/Module'{0x00000000ffe560e0} (ffe560e0)
 - private final 'classLoader' 'Ljava/lang/ClassLoader;' @52  NULL (0)
 - private transient 'classData' 'Ljava/lang/Object;' @56  NULL (0)
 - private transient 'packageName' 'Ljava/lang/String;' @60  NULL (0)
 - private final 'componentType' 'Ljava/lang/Class;' @64  NULL (0)
 - private volatile transient 'reflectionData' 'Ljava/lang/ref/SoftReference;' @68  NULL (0)
 - private volatile transient 'genericInfo' 'Lsun/reflect/generics/repository/ClassRepository;' @72  NULL (0)
 - private volatile transient 'enumConstants' '[Ljava/lang/Object;' @76  NULL (0)
 - private volatile transient 'enumConstantDirectory' 'Ljava/util/Map;' @80  NULL (0)
 - private volatile transient 'annotationData' 'Ljava/lang/Class$AnnotationData;' @84  NULL (0)
 - private volatile transient 'annotationType' 'Lsun/reflect/annotation/AnnotationType;' @88  NULL (0)
 - transient 'classValueMap' 'Ljava/lang/ClassValue$ClassValueMap;' @92  NULL (0)
 - signature: Ljava/lang/Object;
 - fake entry for mirror: 'java/lang/Object'
 - fake entry for array: 'java/lang/Object'[]
 - fake entry for oop_size: 14
 - fake entry for static_oop_field_count: 0


---------------  P R O C E S S  ---------------

Threads class SMR info:
_java_thread_list=0x00007f1c700e4180, length=11, elements={
0x00007f1c70025c20, 0x00007f1c700c9fe0, 0x00007f1c700cb3d0, 0x00007f1c700d1a80,
0x00007f1c700d2e40, 0x00007f1c700d4260, 0x00007f1c700d5c20, 0x00007f1c700d7160,
0x00007f1c700d85e0, 0x00007f1c700df930, 0x00007f1c700e31e0
}

Java Threads: ( => current thread )
=>0x00007f1c70025c20 JavaThread "main" [_thread_in_native, id=7960, stack(0x00007f1c7655e000,0x00007f1c7665e000)]
  0x00007f1c700c9fe0 JavaThread "Reference Handler" daemon [_thread_blocked, id=7973, stack(0x00007f1c740ee000,0x00007f1c741ee000)]
  0x00007f1c700cb3d0 JavaThread "Finalizer" daemon [_thread_blocked, id=7974, stack(0x00007f1c58365000,0x00007f1c58465000)]
  0x00007f1c700d1a80 JavaThread "Signal Dispatcher" daemon [_thread_blocked, id=7975, stack(0x00007f1c58265000,0x00007f1c58365000)]
  0x00007f1c700d2e40 JavaThread "Service Thread" daemon [_thread_blocked, id=7976, stack(0x00007f1c58165000,0x00007f1c58265000)]
  0x00007f1c700d4260 JavaThread "Monitor Deflation Thread" daemon [_thread_blocked, id=7977, stack(0x00007f1c58065000,0x00007f1c58165000)]
  0x00007f1c700d5c20 JavaThread "C2 CompilerThread0" daemon [_thread_blocked, id=7978, stack(0x00007f1c496be000,0x00007f1c497be000)]
  0x00007f1c700d7160 JavaThread "C1 CompilerThread0" daemon [_thread_blocked, id=7979, stack(0x00007f1c495be000,0x00007f1c496be000)]
  0x00007f1c700d85e0 JavaThread "Sweeper thread" daemon [_thread_blocked, id=7980, stack(0x00007f1c494be000,0x00007f1c495be000)]
  0x00007f1c700df930 JavaThread "Notification Thread" daemon [_thread_blocked, id=7981, stack(0x00007f1c493be000,0x00007f1c494be000)]
  0x00007f1c700e31e0 JavaThread "Common-Cleaner" daemon [_thread_blocked, id=7983, stack(0x00007f1c491bd000,0x00007f1c492bd000)]

Other Threads:
  0x00007f1c700c60c0 VMThread "VM Thread" [stack: 0x00007f1c741ef000,0x00007f1c742ef000] [id=7972]
  0x00007f1c700e1280 WatcherThread [stack: 0x00007f1c492be000,0x00007f1c493be000] [id=7982]
  0x00007f1c700619b0 GCTaskThread "GC Thread#0" [stack: 0x00007f1c74b1b000,0x00007f1c74c1b000] [id=7967]
  0x00007f1c7006a990 ConcurrentGCThread "G1 Main Marker" [stack: 0x00007f1c74a1a000,0x00007f1c74b1a000] [id=7968]
  0x00007f1c7006b910 ConcurrentGCThread "G1 Conc#0" [stack: 0x00007f1c74919000,0x00007f1c74a19000] [id=7969]
  0x00007f1c7009e400 ConcurrentGCThread "G1 Refine#0" [stack: 0x00007f1c74616000,0x00007f1c74716000] [id=7970]
  0x00007f1c7009f300 ConcurrentGCThread "G1 Service" [stack: 0x00007f1c74515000,0x00007f1c74615000] [id=7971]

Threads with active compile tasks:

VM state: not at safepoint (normal execution)

VM Mutex/Monitor currently owned by a thread: None

Heap address: 0x00000000c3000000, size: 976 MB, Compressed Oops mode: 32-bit

CDS archive(s) mapped at: [0x00007f1bfb000000-0x00007f1bfbbeb000-0x00007f1bfbbeb000), size 12496896, SharedBaseAddress: 0x00007f1bfb000000, ArchiveRelocationMode: 1.
Compressed class space mapped at: 0x00007f1bfc000000-0x00007f1c3c000000, reserved size: 1073741824
Narrow klass base: 0x00007f1bfb000000, Narrow klass shift: 0, Narrow klass range: 0x100000000

GC Precious Log:
 CPUs: 2 total, 2 available
 Memory: 3896M
 Large Page Support: Disabled
 NUMA Support: Disabled
 Compressed Oops: Enabled (32-bit)
 Heap Region Size: 1M
 Heap Min Capacity: 8M
 Heap Initial Capacity: 62M
 Heap Max Capacity: 976M
 Pre-touch: Disabled
 Parallel Workers: 2
 Concurrent Workers: 1
 Concurrent Refinement Workers: 2
 Periodic GC: Disabled

Heap:
 garbage-first heap   total 65536K, used 952K [0x00000000c3000000, 0x0000000100000000)
  region size 1024K, 1 young (1024K), 0 survivors (0K)
 Metaspace       used 666K, committed 832K, reserved 1114112K
  class space    used 52K, committed 128K, reserved 1048576K

Heap Regions: E=young(eden), S=young(survivor), O=old, HS=humongous(starts), HC=humongous(continues), CS=collection set, F=free, OA=open archive, CA=closed archive, TAMS=top-at-mark-start (previous, next)
|   0|0x00000000c3000000, 0x00000000c3000000, 0x00000000c3100000|  0%| F|  |TAMS 0x00000000c3000000, 0x00000000c3000000| Untracked 
|   1|0x00000000c3100000, 0x00000000c3100000, 0x00000000c3200000|  0%| F|  |TAMS 0x00000000c3100000, 0x00000000c3100000| Untracked 
|   2|0x00000000c3200000, 0x00000000c3200000, 0x00000000c3300000|  0%| F|  |TAMS 0x00000000c3200000, 0x00000000c3200000| Untracked 
|   3|0x00000000c3300000, 0x00000000c3300000, 0x00000000c3400000|  0%| F|  |TAMS 0x00000000c3300000, 0x00000000c3300000| Untracked 
|   4|0x00000000c3400000, 0x00000000c3400000, 0x00000000c3500000|  0%| F|  |TAMS 0x00000000c3400000, 0x00000000c3400000| Untracked 
|   5|0x00000000c3500000, 0x00000000c3500000, 0x00000000c3600000|  0%| F|  |TAMS 0x00000000c3500000, 0x00000000c3500000| Untracked 
|   6|0x00000000c3600000, 0x00000000c3600000, 0x00000000c3700000|  0%| F|  |TAMS 0x00000000c3600000, 0x00000000c3600000| Untracked 
|   7|0x00000000c3700000, 0x00000000c3700000, 0x00000000c3800000|  0%| F|  |TAMS 0x00000000c3700000, 0x00000000c3700000| Untracked 
|   8|0x00000000c3800000, 0x00000000c3800000, 0x00000000c3900000|  0%| F|  |TAMS 0x00000000c3800000, 0x00000000c3800000| Untracked 
|   9|0x00000000c3900000, 0x00000000c3900000, 0x00000000c3a00000|  0%| F|  |TAMS 0x00000000c3900000, 0x00000000c3900000| Untracked 
|  10|0x00000000c3a00000, 0x00000000c3a00000, 0x00000000c3b00000|  0%| F|  |TAMS 0x00000000c3a00000, 0x00000000c3a00000| Untracked 
|  11|0x00000000c3b00000, 0x00000000c3b00000, 0x00000000c3c00000|  0%| F|  |TAMS 0x00000000c3b00000, 0x00000000c3b00000| Untracked 
|  12|0x00000000c3c00000, 0x00000000c3c00000, 0x00000000c3d00000|  0%| F|  |TAMS 0x00000000c3c00000, 0x00000000c3c00000| Untracked 
|  13|0x00000000c3d00000, 0x00000000c3d00000, 0x00000000c3e00000|  0%| F|  |TAMS 0x00000000c3d00000, 0x00000000c3d00000| Untracked 
|  14|0x00000000c3e00000, 0x00000000c3e00000, 0x00000000c3f00000|  0%| F|  |TAMS 0x00000000c3e00000, 0x00000000c3e00000| Untracked 
|  15|0x00000000c3f00000, 0x00000000c3f00000, 0x00000000c4000000|  0%| F|  |TAMS 0x00000000c3f00000, 0x00000000c3f00000| Untracked 
|  16|0x00000000c4000000, 0x00000000c4000000, 0x00000000c4100000|  0%| F|  |TAMS 0x00000000c4000000, 0x00000000c4000000| Untracked 
|  17|0x00000000c4100000, 0x00000000c4100000, 0x00000000c4200000|  0%| F|  |TAMS 0x00000000c4100000, 0x00000000c4100000| Untracked 
|  18|0x00000000c4200000, 0x00000000c4200000, 0x00000000c4300000|  0%| F|  |TAMS 0x00000000c4200000, 0x00000000c4200000| Untracked 
|  19|0x00000000c4300000, 0x00000000c4300000, 0x00000000c4400000|  0%| F|  |TAMS 0x00000000c4300000, 0x00000000c4300000| Untracked 
|  20|0x00000000c4400000, 0x00000000c4400000, 0x00000000c4500000|  0%| F|  |TAMS 0x00000000c4400000, 0x00000000c4400000| Untracked 
|  21|0x00000000c4500000, 0x00000000c4500000, 0x00000000c4600000|  0%| F|  |TAMS 0x00000000c4500000, 0x00000000c4500000| Untracked 
|  22|0x00000000c4600000, 0x00000000c4600000, 0x00000000c4700000|  0%| F|  |TAMS 0x00000000c4600000, 0x00000000c4600000| Untracked 
|  23|0x00000000c4700000, 0x00000000c4700000, 0x00000000c4800000|  0%| F|  |TAMS 0x00000000c4700000, 0x00000000c4700000| Untracked 
|  24|0x00000000c4800000, 0x00000000c4800000, 0x00000000c4900000|  0%| F|  |TAMS 0x00000000c4800000, 0x00000000c4800000| Untracked 
|  25|0x00000000c4900000, 0x00000000c4900000, 0x00000000c4a00000|  0%| F|  |TAMS 0x00000000c4900000, 0x00000000c4900000| Untracked 
|  26|0x00000000c4a00000, 0x00000000c4a00000, 0x00000000c4b00000|  0%| F|  |TAMS 0x00000000c4a00000, 0x00000000c4a00000| Untracked 
|  27|0x00000000c4b00000, 0x00000000c4b00000, 0x00000000c4c00000|  0%| F|  |TAMS 0x00000000c4b00000, 0x00000000c4b00000| Untracked 
|  28|0x00000000c4c00000, 0x00000000c4c00000, 0x00000000c4d00000|  0%| F|  |TAMS 0x00000000c4c00000, 0x00000000c4c00000| Untracked 
|  29|0x00000000c4d00000, 0x00000000c4d00000, 0x00000000c4e00000|  0%| F|  |TAMS 0x00000000c4d00000, 0x00000000c4d00000| Untracked 
|  30|0x00000000c4e00000, 0x00000000c4e00000, 0x00000000c4f00000|  0%| F|  |TAMS 0x00000000c4e00000, 0x00000000c4e00000| Untracked 
|  31|0x00000000c4f00000, 0x00000000c4f00000, 0x00000000c5000000|  0%| F|  |TAMS 0x00000000c4f00000, 0x00000000c4f00000| Untracked 
|  32|0x00000000c5000000, 0x00000000c5000000, 0x00000000c5100000|  0%| F|  |TAMS 0x00000000c5000000, 0x00000000c5000000| Untracked 
|  33|0x00000000c5100000, 0x00000000c5100000, 0x00000000c5200000|  0%| F|  |TAMS 0x00000000c5100000, 0x00000000c5100000| Untracked 
|  34|0x00000000c5200000, 0x00000000c5200000, 0x00000000c5300000|  0%| F|  |TAMS 0x00000000c5200000, 0x00000000c5200000| Untracked 
|  35|0x00000000c5300000, 0x00000000c5300000, 0x00000000c5400000|  0%| F|  |TAMS 0x00000000c5300000, 0x00000000c5300000| Untracked 
|  36|0x00000000c5400000, 0x00000000c5400000, 0x00000000c5500000|  0%| F|  |TAMS 0x00000000c5400000, 0x00000000c5400000| Untracked 
|  37|0x00000000c5500000, 0x00000000c5500000, 0x00000000c5600000|  0%| F|  |TAMS 0x00000000c5500000, 0x00000000c5500000| Untracked 
|  38|0x00000000c5600000, 0x00000000c5600000, 0x00000000c5700000|  0%| F|  |TAMS 0x00000000c5600000, 0x00000000c5600000| Untracked 
|  39|0x00000000c5700000, 0x00000000c5700000, 0x00000000c5800000|  0%| F|  |TAMS 0x00000000c5700000, 0x00000000c5700000| Untracked 
|  40|0x00000000c5800000, 0x00000000c5800000, 0x00000000c5900000|  0%| F|  |TAMS 0x00000000c5800000, 0x00000000c5800000| Untracked 
|  41|0x00000000c5900000, 0x00000000c5900000, 0x00000000c5a00000|  0%| F|  |TAMS 0x00000000c5900000, 0x00000000c5900000| Untracked 
|  42|0x00000000c5a00000, 0x00000000c5a00000, 0x00000000c5b00000|  0%| F|  |TAMS 0x00000000c5a00000, 0x00000000c5a00000| Untracked 
|  43|0x00000000c5b00000, 0x00000000c5b00000, 0x00000000c5c00000|  0%| F|  |TAMS 0x00000000c5b00000, 0x00000000c5b00000| Untracked 
|  44|0x00000000c5c00000, 0x00000000c5c00000, 0x00000000c5d00000|  0%| F|  |TAMS 0x00000000c5c00000, 0x00000000c5c00000| Untracked 
|  45|0x00000000c5d00000, 0x00000000c5d00000, 0x00000000c5e00000|  0%| F|  |TAMS 0x00000000c5d00000, 0x00000000c5d00000| Untracked 
|  46|0x00000000c5e00000, 0x00000000c5e00000, 0x00000000c5f00000|  0%| F|  |TAMS 0x00000000c5e00000, 0x00000000c5e00000| Untracked 
|  47|0x00000000c5f00000, 0x00000000c5f00000, 0x00000000c6000000|  0%| F|  |TAMS 0x00000000c5f00000, 0x00000000c5f00000| Untracked 
|  48|0x00000000c6000000, 0x00000000c6000000, 0x00000000c6100000|  0%| F|  |TAMS 0x00000000c6000000, 0x00000000c6000000| Untracked 
|  49|0x00000000c6100000, 0x00000000c6100000, 0x00000000c6200000|  0%| F|  |TAMS 0x00000000c6100000, 0x00000000c6100000| Untracked 
|  50|0x00000000c6200000, 0x00000000c6200000, 0x00000000c6300000|  0%| F|  |TAMS 0x00000000c6200000, 0x00000000c6200000| Untracked 
|  51|0x00000000c6300000, 0x00000000c6300000, 0x00000000c6400000|  0%| F|  |TAMS 0x00000000c6300000, 0x00000000c6300000| Untracked 
|  52|0x00000000c6400000, 0x00000000c6400000, 0x00000000c6500000|  0%| F|  |TAMS 0x00000000c6400000, 0x00000000c6400000| Untracked 
|  53|0x00000000c6500000, 0x00000000c6500000, 0x00000000c6600000|  0%| F|  |TAMS 0x00000000c6500000, 0x00000000c6500000| Untracked 
|  54|0x00000000c6600000, 0x00000000c6600000, 0x00000000c6700000|  0%| F|  |TAMS 0x00000000c6600000, 0x00000000c6600000| Untracked 
|  55|0x00000000c6700000, 0x00000000c6700000, 0x00000000c6800000|  0%| F|  |TAMS 0x00000000c6700000, 0x00000000c6700000| Untracked 
|  56|0x00000000c6800000, 0x00000000c6800000, 0x00000000c6900000|  0%| F|  |TAMS 0x00000000c6800000, 0x00000000c6800000| Untracked 
|  57|0x00000000c6900000, 0x00000000c6900000, 0x00000000c6a00000|  0%| F|  |TAMS 0x00000000c6900000, 0x00000000c6900000| Untracked 
|  58|0x00000000c6a00000, 0x00000000c6a00000, 0x00000000c6b00000|  0%| F|  |TAMS 0x00000000c6a00000, 0x00000000c6a00000| Untracked 
|  59|0x00000000c6b00000, 0x00000000c6b00000, 0x00000000c6c00000|  0%| F|  |TAMS 0x00000000c6b00000, 0x00000000c6b00000| Untracked 
|  60|0x00000000c6c00000, 0x00000000c6c00000, 0x00000000c6d00000|  0%| F|  |TAMS 0x00000000c6c00000, 0x00000000c6c00000| Untracked 
|  61|0x00000000c6d00000, 0x00000000c6dd92d8, 0x00000000c6e00000| 84%| E|  |TAMS 0x00000000c6d00000, 0x00000000c6d00000| Complete 
| 974|0x00000000ffe00000, 0x00000000ffe77000, 0x00000000fff00000| 46%|OA|  |TAMS 0x00000000ffe00000, 0x00000000ffe00000| Untracked 
| 975|0x00000000fff00000, 0x00000000fff77000, 0x0000000100000000| 46%|CA|  |TAMS 0x00000000fff00000, 0x00000000fff00000| Untracked 

Card table byte_map: [0x00007f1c75d64000,0x00007f1c75f4c000] _byte_map_base: 0x00007f1c7574c000

Marking Bits (Prev, Next): (CMBitMap*) 0x00007f1c70062440, (CMBitMap*) 0x00007f1c70062480
 Prev Bits: [0x00007f1c74c3c000, 0x00007f1c75b7c000)
 Next Bits: [0x00007f1c58465000, 0x00007f1c593a5000)

Polling page: 0x00007f1c77d19000

Metaspace:

Usage:
  Non-class:    613,88 KB used.
      Class:     52,87 KB used.
       Both:    666,75 KB used.

Virtual space:
  Non-class space:       64,00 MB reserved,     704,00 KB (  1%) committed,  1 nodes.
      Class space:        1,00 GB reserved,     128,00 KB ( <1%) committed,  1 nodes.
             Both:        1,06 GB reserved,     832,00 KB ( <1%) committed. 

Chunk freelists:
   Non-Class:  11,98 MB
       Class:  15,74 MB
        Both:  27,72 MB

MaxMetaspaceSize: unlimited
CompressedClassSpaceSize: 1,00 GB
Initial GC threshold: 21,00 MB
Current GC threshold: 21,00 MB
CDS: on
MetaspaceReclaimPolicy: balanced
 - commit_granule_bytes: 65536.
 - commit_granule_words: 8192.
 - virtual_space_node_default_size: 8388608.
 - enlarge_chunks_in_place: 1.
 - new_chunks_are_fully_committed: 0.
 - uncommit_free_chunks: 1.
 - use_allocation_guard: 0.
 - handle_deallocations: 1.


Internal statistics:

num_allocs_failed_limit: 0.
num_arena_births: 12.
num_arena_deaths: 0.
num_vsnodes_births: 2.
num_vsnodes_deaths: 0.
num_space_committed: 13.
num_space_uncommitted: 0.
num_chunks_returned_to_freelist: 0.
num_chunks_taken_from_freelist: 14.
num_chunk_merges: 0.
num_chunk_splits: 8.
num_chunks_enlarged: 4.
num_inconsistent_stats: 0.

CodeHeap 'non-profiled nmethods': size=120036Kb used=42Kb max_used=42Kb free=119993Kb
 bounds [0x00007f1c60e6c000, 0x00007f1c610dc000, 0x00007f1c683a5000]
CodeHeap 'profiled nmethods': size=120032Kb used=196Kb max_used=196Kb free=119836Kb
 bounds [0x00007f1c593a5000, 0x00007f1c59615000, 0x00007f1c608dd000]
CodeHeap 'non-nmethods': size=5692Kb used=1090Kb max_used=1095Kb free=4602Kb
 bounds [0x00007f1c608dd000, 0x00007f1c60b4d000, 0x00007f1c60e6c000]
 total_blobs=521 nmethods=150 adapters=286
 compilation: enabled
              stopped_count=0, restarted_count=0
 full_count=0

Compilation events (20 events):
Event: 0,392 Thread 0x00007f1c700d7160  137       3       java.lang.StringUTF16::getChar (60 bytes)
Event: 0,392 Thread 0x00007f1c700d7160 nmethod 137 0x00007f1c593d0a10 code [0x00007f1c593d0bc0, 0x00007f1c593d0d30]
Event: 0,392 Thread 0x00007f1c700d5c20  138       4       java.lang.StringUTF16::getChar (60 bytes)
Event: 0,393 Thread 0x00007f1c700d5c20 nmethod 138 0x00007f1c60e75a90 code [0x00007f1c60e75c20, 0x00007f1c60e75cd8]
Event: 0,394 Thread 0x00007f1c700d7160  139       3       java.lang.StringLatin1::replace (198 bytes)
Event: 0,395 Thread 0x00007f1c700d7160 nmethod 139 0x00007f1c593d0e10 code [0x00007f1c593d10c0, 0x00007f1c593d1f50]
Event: 0,395 Thread 0x00007f1c700d7160  140       3       jdk.internal.org.objectweb.asm.SymbolTable::addConstantUtf8 (98 bytes)
Event: 0,395 Thread 0x00007f1c700d7160 nmethod 140 0x00007f1c593d2490 code [0x00007f1c593d26c0, 0x00007f1c593d2cb0]
Event: 0,396 Thread 0x00007f1c700d7160  142       3       java.lang.invoke.MethodType$ConcurrentWeakInternSet::get (47 bytes)
Event: 0,396 Thread 0x00007f1c700d7160 nmethod 142 0x00007f1c593d3010 code [0x00007f1c593d3240, 0x00007f1c593d3b90]
Event: 0,396 Thread 0x00007f1c700d7160  144       3       java.lang.invoke.MemberName::initResolved (53 bytes)
Event: 0,396 Thread 0x00007f1c700d7160 nmethod 144 0x00007f1c593d3f10 code [0x00007f1c593d40c0, 0x00007f1c593d4270]
Event: 0,397 Thread 0x00007f1c700d7160  147       3       java.lang.invoke.MethodType::equals (56 bytes)
Event: 0,397 Thread 0x00007f1c700d7160 nmethod 147 0x00007f1c593d4310 code [0x00007f1c593d4540, 0x00007f1c593d50b0]
Event: 0,397 Thread 0x00007f1c700d7160  148       3       java.lang.Math::max (11 bytes)
Event: 0,397 Thread 0x00007f1c700d7160 nmethod 148 0x00007f1c593d5290 code [0x00007f1c593d5420, 0x00007f1c593d5550]
Event: 0,397 Thread 0x00007f1c700d7160  149       3       java.lang.AbstractStringBuilder::append (45 bytes)
Event: 0,397 Thread 0x00007f1c700d7160 nmethod 149 0x00007f1c593d5610 code [0x00007f1c593d5800, 0x00007f1c593d5b20]
Event: 0,397 Thread 0x00007f1c700d7160  150       3       java.lang.StringBuilder::append (8 bytes)
Event: 0,397 Thread 0x00007f1c700d7160 nmethod 150 0x00007f1c593d5c90 code [0x00007f1c593d5e40, 0x00007f1c593d5f80]

GC Heap History (0 events):
No events

Dll operation events (5 events):
Event: 0,017 Loaded shared library /usr/lib/jvm/zulu-17-amd64/lib/libjava.so
Event: 0,109 Loaded shared library /usr/lib/jvm/zulu-17-amd64/lib/libjsvml.so
Event: 0,346 Loaded shared library /usr/lib/jvm/zulu-17-amd64/lib/libnio.so
Event: 0,346 Loaded shared library /usr/lib/jvm/zulu-17-amd64/lib/libjimage.so
Event: 0,367 Loaded shared library /home/iulian/Projects/Eclipse-Workspace/ipc/lib/semaphore.so

Deoptimization events (0 events):
No events

Classes unloaded (0 events):
No events

Classes redefined (0 events):
No events

Internal exceptions (2 events):
Event: 0,268 Thread 0x00007f1c70025c20 Exception <a 'java/lang/NoSuchMethodError'{0x00000000c6d20a48}: 'java.lang.Object java.lang.invoke.DirectMethodHandle$Holder.invokeStaticInit(java.lang.Object)'> (0x00000000c6d20a48) 
thrown [src/hotspot/share/interpreter/linkResolver.cpp, line 759]
Event: 0,340 Thread 0x00007f1c70025c20 Exception <a 'java/lang/NoSuchMethodError'{0x00000000c6d34f58}: 'java.lang.Object java.lang.invoke.DirectMethodHandle$Holder.invokeInterface(java.lang.Object, java.lang.Object)'> (0x00000000c6d34f58) 
thrown [src/hotspot/share/interpreter/linkResolver.cpp, line 759]

VM Operations (2 events):
Event: 1,131 Executing VM operation: Cleanup
Event: 1,131 Executing VM operation: Cleanup done

Events (20 events):
Event: 0,360 loading class sun/nio/cs/UTF_8$Decoder
Event: 0,360 loading class sun/nio/cs/UTF_8$Decoder done
Event: 0,360 loading class sun/nio/cs/StreamDecoder
Event: 0,360 loading class sun/nio/cs/StreamDecoder done
Event: 0,360 loading class java/util/ResourceBundle$BundleReference
Event: 0,360 loading class java/util/ResourceBundle$BundleReference done
Event: 0,367 loading class java/util/Scanner
Event: 0,367 loading class java/util/Scanner done
Event: 0,376 loading class java/util/Scanner$PatternLRUCache
Event: 0,376 loading class java/util/Scanner$PatternLRUCache done
Event: 0,379 loading class jdk/internal/module/ModulePatcher$PatchedModuleReader
Event: 0,380 loading class jdk/internal/module/ModulePatcher$PatchedModuleReader done
Event: 0,380 loading class sun/net/www/protocol/jrt/Handler
Event: 0,380 loading class sun/net/www/protocol/jrt/Handler done
Event: 0,388 loading class sun/text/resources/cldr/FormatData_en
Event: 0,388 loading class sun/text/resources/cldr/FormatData_en done
Event: 0,388 loading class sun/text/resources/cldr/FormatData_en_US
Event: 0,388 loading class sun/text/resources/cldr/FormatData_en_US done
Event: 4,157 loading class java/util/regex/Matcher$ImmutableMatchResult
Event: 4,157 loading class java/util/regex/Matcher$ImmutableMatchResult done


Dynamic libraries:
c3000000-c6e00000 rw-p 00000000 00:00 0 
c6e00000-ffe00000 ---p 00000000 00:00 0 
ffe00000-ffe77000 rw-p 00c9b000 08:02 3824635                            /usr/lib/jvm/zulu-17-amd64/lib/server/classes.jsa
ffe77000-fff00000 rw-p 00000000 00:00 0 
fff00000-fff77000 rw-p 00c24000 08:02 3824635                            /usr/lib/jvm/zulu-17-amd64/lib/server/classes.jsa
fff77000-100000000 rw-p 00000000 00:00 0 
56184d924000-56184d925000 r-xp 00000000 08:02 3824684                    /usr/lib/jvm/zulu-17-amd64/bin/java
56184d926000-56184d927000 r--p 00001000 08:02 3824684                    /usr/lib/jvm/zulu-17-amd64/bin/java
56184d927000-56184d928000 rw-p 00002000 08:02 3824684                    /usr/lib/jvm/zulu-17-amd64/bin/java
56184ecab000-56184ecf3000 rw-p 00000000 00:00 0                          [heap]
7f1bd4000000-7f1bd406a000 rw-p 00000000 00:00 0 
7f1bd406a000-7f1bd8000000 ---p 00000000 00:00 0 
7f1bd8000000-7f1bd8021000 rw-p 00000000 00:00 0 
7f1bd8021000-7f1bdc000000 ---p 00000000 00:00 0 
7f1bdc000000-7f1bdc021000 rw-p 00000000 00:00 0 
7f1bdc021000-7f1be0000000 ---p 00000000 00:00 0 
7f1be0000000-7f1be006f000 rw-p 00000000 00:00 0 
7f1be006f000-7f1be4000000 ---p 00000000 00:00 0 
7f1be4000000-7f1be4021000 rw-p 00000000 00:00 0 
7f1be4021000-7f1be8000000 ---p 00000000 00:00 0 
7f1be8000000-7f1be8021000 rw-p 00000000 00:00 0 
7f1be8021000-7f1bec000000 ---p 00000000 00:00 0 
7f1bec000000-7f1bec021000 rw-p 00000000 00:00 0 
7f1bec021000-7f1bf0000000 ---p 00000000 00:00 0 
7f1bf0000000-7f1bf0021000 rw-p 00000000 00:00 0 
7f1bf0021000-7f1bf4000000 ---p 00000000 00:00 0 
7f1bf4000000-7f1bf4021000 rw-p 00000000 00:00 0 
7f1bf4021000-7f1bf8000000 ---p 00000000 00:00 0 
7f1bfb000000-7f1bfbbeb000 rw-p 00001000 08:02 3824635                    /usr/lib/jvm/zulu-17-amd64/lib/server/classes.jsa
7f1bfbbeb000-7f1bfc000000 ---p 00000000 00:00 0 
7f1bfc000000-7f1bfc010000 rw-p 00000000 00:00 0 
7f1bfc010000-7f1bfc040000 ---p 00000000 00:00 0 
7f1bfc040000-7f1bfc050000 rw-p 00000000 00:00 0 
7f1bfc050000-7f1c3c000000 ---p 00000000 00:00 0 
7f1c3c000000-7f1c3c021000 rw-p 00000000 00:00 0 
7f1c3c021000-7f1c40000000 ---p 00000000 00:00 0 
7f1c40000000-7f1c400a0000 rw-p 00000000 00:00 0 
7f1c400a0000-7f1c40400000 ---p 00000000 00:00 0 
7f1c40400000-7f1c40410000 rw-p 00000000 00:00 0 
7f1c40410000-7f1c44000000 ---p 00000000 00:00 0 
7f1c44000000-7f1c44021000 rw-p 00000000 00:00 0 
7f1c44021000-7f1c48000000 ---p 00000000 00:00 0 
7f1c48dcc000-7f1c491bd000 rw-p 00000000 00:00 0 
7f1c491bd000-7f1c491c1000 ---p 00000000 00:00 0 
7f1c491c1000-7f1c492bd000 rw-p 00000000 00:00 0 
7f1c492bd000-7f1c492be000 ---p 00000000 00:00 0 
7f1c492be000-7f1c493be000 rw-p 00000000 00:00 0 
7f1c493be000-7f1c493c2000 ---p 00000000 00:00 0 
7f1c493c2000-7f1c494be000 rw-p 00000000 00:00 0 
7f1c494be000-7f1c494c2000 ---p 00000000 00:00 0 
7f1c494c2000-7f1c495be000 rw-p 00000000 00:00 0 
7f1c495be000-7f1c495c2000 ---p 00000000 00:00 0 
7f1c495c2000-7f1c496be000 rw-p 00000000 00:00 0 
7f1c496be000-7f1c496c2000 ---p 00000000 00:00 0 
7f1c496c2000-7f1c497be000 rw-p 00000000 00:00 0 
7f1c497be000-7f1c4a000000 r--p 00000000 08:02 3809057                    /usr/lib/locale/locale-archive
7f1c4a000000-7f1c4c000000 rw-p 00000000 00:00 0 
7f1c4c000000-7f1c4c021000 rw-p 00000000 00:00 0 
7f1c4c021000-7f1c50000000 ---p 00000000 00:00 0 
7f1c50000000-7f1c50021000 rw-p 00000000 00:00 0 
7f1c50021000-7f1c54000000 ---p 00000000 00:00 0 
7f1c54000000-7f1c54021000 rw-p 00000000 00:00 0 
7f1c54021000-7f1c58000000 ---p 00000000 00:00 0 
7f1c58065000-7f1c58069000 ---p 00000000 00:00 0 
7f1c58069000-7f1c58165000 rw-p 00000000 00:00 0 
7f1c58165000-7f1c58169000 ---p 00000000 00:00 0 
7f1c58169000-7f1c58265000 rw-p 00000000 00:00 0 
7f1c58265000-7f1c58269000 ---p 00000000 00:00 0 
7f1c58269000-7f1c58365000 rw-p 00000000 00:00 0 
7f1c58365000-7f1c58369000 ---p 00000000 00:00 0 
7f1c58369000-7f1c5855d000 rw-p 00000000 00:00 0 
7f1c5855d000-7f1c5939d000 ---p 00000000 00:00 0 
7f1c5939d000-7f1c593a5000 rw-p 00000000 00:00 0 
7f1c593a5000-7f1c59615000 rwxp 00000000 00:00 0 
7f1c59615000-7f1c608dd000 ---p 00000000 00:00 0 
7f1c608dd000-7f1c60b4d000 rwxp 00000000 00:00 0 
7f1c60b4d000-7f1c60e6c000 ---p 00000000 00:00 0 
7f1c60e6c000-7f1c610dc000 rwxp 00000000 00:00 0 
7f1c610dc000-7f1c683a5000 ---p 00000000 00:00 0 
7f1c683a5000-7f1c70000000 r--s 00000000 08:02 3824643                    /usr/lib/jvm/zulu-17-amd64/lib/modules
7f1c70000000-7f1c7010e000 rw-p 00000000 00:00 0 
7f1c7010e000-7f1c74000000 ---p 00000000 00:00 0 
7f1c740bd000-7f1c740ee000 rw-p 00000000 00:00 0 
7f1c740ee000-7f1c740f2000 ---p 00000000 00:00 0 
7f1c740f2000-7f1c741ee000 rw-p 00000000 00:00 0 
7f1c741ee000-7f1c741ef000 ---p 00000000 00:00 0 
7f1c741ef000-7f1c742ef000 rw-p 00000000 00:00 0 
7f1c742ef000-7f1c743bd000 r-xp 00000000 08:02 3824676                    /usr/lib/jvm/zulu-17-amd64/lib/libjsvml.so
7f1c743bd000-7f1c743be000 r--p 000cd000 08:02 3824676                    /usr/lib/jvm/zulu-17-amd64/lib/libjsvml.so
7f1c743be000-7f1c743bf000 rw-p 000ce000 08:02 3824676                    /usr/lib/jvm/zulu-17-amd64/lib/libjsvml.so
7f1c743bf000-7f1c744dc000 rw-p 00000000 00:00 0 
7f1c744e1000-7f1c744e8000 r--s 00000000 08:02 4070884                    /usr/lib/x86_64-linux-gnu/gconv/gconv-modules.cache
7f1c744e8000-7f1c744fd000 r-xp 00000000 08:02 3824625                    /usr/lib/jvm/zulu-17-amd64/lib/libnet.so
7f1c744fd000-7f1c744fe000 r--p 00014000 08:02 3824625                    /usr/lib/jvm/zulu-17-amd64/lib/libnet.so
7f1c744fe000-7f1c744ff000 rw-p 00015000 08:02 3824625                    /usr/lib/jvm/zulu-17-amd64/lib/libnet.so
7f1c744ff000-7f1c74511000 r-xp 00000000 08:02 3824657                    /usr/lib/jvm/zulu-17-amd64/lib/libnio.so
7f1c74511000-7f1c74512000 ---p 00012000 08:02 3824657                    /usr/lib/jvm/zulu-17-amd64/lib/libnio.so
7f1c74512000-7f1c74513000 r--p 00012000 08:02 3824657                    /usr/lib/jvm/zulu-17-amd64/lib/libnio.so
7f1c74513000-7f1c74514000 rw-p 00013000 08:02 3824657                    /usr/lib/jvm/zulu-17-amd64/lib/libnio.so
7f1c74514000-7f1c74515000 ---p 00000000 00:00 0 
7f1c74515000-7f1c74615000 rw-p 00000000 00:00 0 
7f1c74615000-7f1c74616000 ---p 00000000 00:00 0 
7f1c74616000-7f1c74918000 rw-p 00000000 00:00 0 
7f1c74918000-7f1c74919000 ---p 00000000 00:00 0 
7f1c74919000-7f1c74a19000 rw-p 00000000 00:00 0 
7f1c74a19000-7f1c74a1a000 ---p 00000000 00:00 0 
7f1c74a1a000-7f1c74b1a000 rw-p 00000000 00:00 0 
7f1c74b1a000-7f1c74b1b000 ---p 00000000 00:00 0 
7f1c74b1b000-7f1c74d34000 rw-p 00000000 00:00 0 
7f1c74d34000-7f1c75b74000 ---p 00000000 00:00 0 
7f1c75b74000-7f1c75b9b000 rw-p 00000000 00:00 0 
7f1c75b9b000-7f1c75d63000 ---p 00000000 00:00 0 
7f1c75d63000-7f1c75d83000 rw-p 00000000 00:00 0 
7f1c75d83000-7f1c75f4b000 ---p 00000000 00:00 0 
7f1c75f4b000-7f1c75f6b000 rw-p 00000000 00:00 0 
7f1c75f6b000-7f1c76133000 ---p 00000000 00:00 0 
7f1c76133000-7f1c7633b000 rw-p 00000000 00:00 0 
7f1c7633b000-7f1c76421000 ---p 00000000 00:00 0 
7f1c76421000-7f1c76426000 rw-p 00000000 00:00 0 
7f1c76426000-7f1c7650c000 ---p 00000000 00:00 0 
7f1c7650c000-7f1c76511000 rw-p 00000000 00:00 0 
7f1c76511000-7f1c76518000 ---p 00000000 00:00 0 
7f1c76518000-7f1c7653c000 r-xp 00000000 08:02 3824655                    /usr/lib/jvm/zulu-17-amd64/lib/libjava.so
7f1c7653c000-7f1c7653d000 ---p 00024000 08:02 3824655                    /usr/lib/jvm/zulu-17-amd64/lib/libjava.so
7f1c7653d000-7f1c7653e000 r--p 00024000 08:02 3824655                    /usr/lib/jvm/zulu-17-amd64/lib/libjava.so
7f1c7653e000-7f1c7653f000 rw-p 00025000 08:02 3824655                    /usr/lib/jvm/zulu-17-amd64/lib/libjava.so
7f1c7653f000-7f1c76540000 rw-p 00000000 00:00 0 
7f1c76540000-7f1c7655b000 r-xp 00000000 08:02 3824659                    /usr/lib/jvm/zulu-17-amd64/lib/libjimage.so
7f1c7655b000-7f1c7655d000 r--p 0001a000 08:02 3824659                    /usr/lib/jvm/zulu-17-amd64/lib/libjimage.so
7f1c7655d000-7f1c7655e000 rw-p 0001c000 08:02 3824659                    /usr/lib/jvm/zulu-17-amd64/lib/libjimage.so
7f1c7655e000-7f1c76562000 ---p 00000000 00:00 0 
7f1c76562000-7f1c7665e000 rw-p 00000000 00:00 0 
7f1c7665e000-7f1c7666c000 r--p 00000000 08:02 3804763                    /usr/lib/x86_64-linux-gnu/libm.so.6
7f1c7666c000-7f1c766e8000 r-xp 0000e000 08:02 3804763                    /usr/lib/x86_64-linux-gnu/libm.so.6
7f1c766e8000-7f1c76743000 r--p 0008a000 08:02 3804763                    /usr/lib/x86_64-linux-gnu/libm.so.6
7f1c76743000-7f1c76744000 r--p 000e4000 08:02 3804763                    /usr/lib/x86_64-linux-gnu/libm.so.6
7f1c76744000-7f1c76745000 rw-p 000e5000 08:02 3804763                    /usr/lib/x86_64-linux-gnu/libm.so.6
7f1c76745000-7f1c76746000 r--p 00000000 08:02 3804851                    /usr/lib/x86_64-linux-gnu/librt.so.1
7f1c76746000-7f1c76747000 r-xp 00001000 08:02 3804851                    /usr/lib/x86_64-linux-gnu/librt.so.1
7f1c76747000-7f1c76748000 r--p 00002000 08:02 3804851                    /usr/lib/x86_64-linux-gnu/librt.so.1
7f1c76748000-7f1c76749000 r--p 00002000 08:02 3804851                    /usr/lib/x86_64-linux-gnu/librt.so.1
7f1c76749000-7f1c7674a000 rw-p 00003000 08:02 3804851                    /usr/lib/x86_64-linux-gnu/librt.so.1
7f1c7674a000-7f1c7795b000 r-xp 00000000 08:02 3824636                    /usr/lib/jvm/zulu-17-amd64/lib/server/libjvm.so
7f1c7795b000-7f1c7795c000 ---p 01211000 08:02 3824636                    /usr/lib/jvm/zulu-17-amd64/lib/server/libjvm.so
7f1c7795c000-7f1c77a15000 r--p 01211000 08:02 3824636                    /usr/lib/jvm/zulu-17-amd64/lib/server/libjvm.so
7f1c77a15000-7f1c77a4a000 rw-p 012ca000 08:02 3824636                    /usr/lib/jvm/zulu-17-amd64/lib/server/libjvm.so
7f1c77a4a000-7f1c77aa9000 rw-p 00000000 00:00 0 
7f1c77aa9000-7f1c77ad1000 r--p 00000000 08:02 3804750                    /usr/lib/x86_64-linux-gnu/libc.so.6
7f1c77ad1000-7f1c77c66000 r-xp 00028000 08:02 3804750                    /usr/lib/x86_64-linux-gnu/libc.so.6
7f1c77c66000-7f1c77cbe000 r--p 001bd000 08:02 3804750                    /usr/lib/x86_64-linux-gnu/libc.so.6
7f1c77cbe000-7f1c77cbf000 ---p 00215000 08:02 3804750                    /usr/lib/x86_64-linux-gnu/libc.so.6
7f1c77cbf000-7f1c77cc3000 r--p 00215000 08:02 3804750                    /usr/lib/x86_64-linux-gnu/libc.so.6
7f1c77cc3000-7f1c77cc5000 rw-p 00219000 08:02 3804750                    /usr/lib/x86_64-linux-gnu/libc.so.6
7f1c77cc5000-7f1c77cd2000 rw-p 00000000 00:00 0 
7f1c77cd2000-7f1c77cd3000 r--p 00000000 08:02 3804759                    /usr/lib/x86_64-linux-gnu/libdl.so.2
7f1c77cd3000-7f1c77cd4000 r-xp 00001000 08:02 3804759                    /usr/lib/x86_64-linux-gnu/libdl.so.2
7f1c77cd4000-7f1c77cd5000 r--p 00002000 08:02 3804759                    /usr/lib/x86_64-linux-gnu/libdl.so.2
7f1c77cd5000-7f1c77cd6000 r--p 00002000 08:02 3804759                    /usr/lib/x86_64-linux-gnu/libdl.so.2
7f1c77cd6000-7f1c77cd7000 rw-p 00003000 08:02 3804759                    /usr/lib/x86_64-linux-gnu/libdl.so.2
7f1c77cd7000-7f1c77cd8000 r--p 00000000 08:02 3804833                    /usr/lib/x86_64-linux-gnu/libpthread.so.0
7f1c77cd8000-7f1c77cd9000 r-xp 00001000 08:02 3804833                    /usr/lib/x86_64-linux-gnu/libpthread.so.0
7f1c77cd9000-7f1c77cda000 r--p 00002000 08:02 3804833                    /usr/lib/x86_64-linux-gnu/libpthread.so.0
7f1c77cda000-7f1c77cdb000 r--p 00002000 08:02 3804833                    /usr/lib/x86_64-linux-gnu/libpthread.so.0
7f1c77cdb000-7f1c77cdc000 rw-p 00003000 08:02 3804833                    /usr/lib/x86_64-linux-gnu/libpthread.so.0
7f1c77cdc000-7f1c77ceb000 r-xp 00000000 08:02 3824621                    /usr/lib/jvm/zulu-17-amd64/lib/libjli.so
7f1c77ceb000-7f1c77cec000 r--p 0000e000 08:02 3824621                    /usr/lib/jvm/zulu-17-amd64/lib/libjli.so
7f1c77cec000-7f1c77ced000 rw-p 0000f000 08:02 3824621                    /usr/lib/jvm/zulu-17-amd64/lib/libjli.so
7f1c77ced000-7f1c77cef000 r--p 00000000 08:02 3811012                    /usr/lib/x86_64-linux-gnu/libz.so.1.2.11
7f1c77cef000-7f1c77d00000 r-xp 00002000 08:02 3811012                    /usr/lib/x86_64-linux-gnu/libz.so.1.2.11
7f1c77d00000-7f1c77d06000 r--p 00013000 08:02 3811012                    /usr/lib/x86_64-linux-gnu/libz.so.1.2.11
7f1c77d06000-7f1c77d07000 ---p 00019000 08:02 3811012                    /usr/lib/x86_64-linux-gnu/libz.so.1.2.11
7f1c77d07000-7f1c77d08000 r--p 00019000 08:02 3811012                    /usr/lib/x86_64-linux-gnu/libz.so.1.2.11
7f1c77d08000-7f1c77d09000 rw-p 0001a000 08:02 3811012                    /usr/lib/x86_64-linux-gnu/libz.so.1.2.11
7f1c77d0b000-7f1c77d0c000 rw-s 00000000 00:1a 615                        /dev/shm/sem.CAaz2U (deleted)
7f1c77d0c000-7f1c77d0d000 r--p 00000000 08:02 3408180                    /home/iulian/Projects/Eclipse-Workspace/ipc/lib/semaphore.so
7f1c77d0d000-7f1c77d0e000 r-xp 00001000 08:02 3408180                    /home/iulian/Projects/Eclipse-Workspace/ipc/lib/semaphore.so
7f1c77d0e000-7f1c77d0f000 r--p 00002000 08:02 3408180                    /home/iulian/Projects/Eclipse-Workspace/ipc/lib/semaphore.so
7f1c77d0f000-7f1c77d10000 r--p 00002000 08:02 3408180                    /home/iulian/Projects/Eclipse-Workspace/ipc/lib/semaphore.so
7f1c77d10000-7f1c77d11000 rw-p 00003000 08:02 3408180                    /home/iulian/Projects/Eclipse-Workspace/ipc/lib/semaphore.so
7f1c77d11000-7f1c77d19000 rw-s 00000000 08:02 3670051                    /tmp/hsperfdata_iulian/7959
7f1c77d19000-7f1c77d1a000 ---p 00000000 00:00 0 
7f1c77d1a000-7f1c77d1b000 r--p 00000000 00:00 0 
7f1c77d1b000-7f1c77d1d000 rw-p 00000000 00:00 0 
7f1c77d1d000-7f1c77d1f000 r--p 00000000 08:02 3804741                    /usr/lib/x86_64-linux-gnu/ld-linux-x86-64.so.2
7f1c77d1f000-7f1c77d49000 r-xp 00002000 08:02 3804741                    /usr/lib/x86_64-linux-gnu/ld-linux-x86-64.so.2
7f1c77d49000-7f1c77d54000 r--p 0002c000 08:02 3804741                    /usr/lib/x86_64-linux-gnu/ld-linux-x86-64.so.2
7f1c77d54000-7f1c77d55000 ---p 00000000 00:00 0 
7f1c77d55000-7f1c77d57000 r--p 00037000 08:02 3804741                    /usr/lib/x86_64-linux-gnu/ld-linux-x86-64.so.2
7f1c77d57000-7f1c77d59000 rw-p 00039000 08:02 3804741                    /usr/lib/x86_64-linux-gnu/ld-linux-x86-64.so.2
7ffda2c00000-7ffda2c21000 rw-p 00000000 00:00 0                          [stack]
7ffda2c7a000-7ffda2c7e000 r--p 00000000 00:00 0                          [vvar]
7ffda2c7e000-7ffda2c80000 r-xp 00000000 00:00 0                          [vdso]
ffffffffff600000-ffffffffff601000 --xp 00000000 00:00 0                  [vsyscall]


VM Arguments:
jvm_args: -Dfile.encoding=UTF-8 -Dstdout.encoding=UTF-8 -Dstderr.encoding=UTF-8 -XX:+ShowCodeDetailsInExceptionMessages 
java_command: ipc.semaphore.Worker
java_class_path (initial): /home/iulian/Projects/Eclipse-Workspace/ipc/bin
Launcher Type: SUN_STANDARD

[Global flags]
     intx CICompilerCount                          = 2                                         {product} {ergonomic}
     uint ConcGCThreads                            = 1                                         {product} {ergonomic}
     uint G1ConcRefinementThreads                  = 2                                         {product} {ergonomic}
   size_t G1HeapRegionSize                         = 1048576                                   {product} {ergonomic}
    uintx GCDrainStackTargetSize                   = 64                                        {product} {ergonomic}
   size_t InitialHeapSize                          = 65011712                                  {product} {ergonomic}
   size_t MarkStackSize                            = 4194304                                   {product} {ergonomic}
   size_t MaxHeapSize                              = 1023410176                                {product} {ergonomic}
   size_t MaxNewSize                               = 613416960                                 {product} {ergonomic}
   size_t MinHeapDeltaBytes                        = 1048576                                   {product} {ergonomic}
   size_t MinHeapSize                              = 8388608                                   {product} {ergonomic}
    uintx NonNMethodCodeHeapSize                   = 5826188                                {pd product} {ergonomic}
    uintx NonProfiledCodeHeapSize                  = 122916026                              {pd product} {ergonomic}
    uintx ProfiledCodeHeapSize                     = 122916026                              {pd product} {ergonomic}
    uintx ReservedCodeCacheSize                    = 251658240                              {pd product} {ergonomic}
     bool SegmentedCodeCache                       = true                                      {product} {ergonomic}
     bool ShowCodeDetailsInExceptionMessages       = true                                   {manageable} {command line}
   size_t SoftMaxHeapSize                          = 1023410176                             {manageable} {ergonomic}
     bool UseCompressedClassPointers               = true                           {product lp64_product} {ergonomic}
     bool UseCompressedOops                        = true                           {product lp64_product} {ergonomic}
     bool UseG1GC                                  = true                                      {product} {ergonomic}

Logging:
Log output configuration:
 #0: stdout all=warning uptime,level,tags
 #1: stderr all=off uptime,level,tags

Environment Variables:
PATH=/usr/local/sbin:/usr/local/bin:/usr/sbin:/usr/bin:/sbin:/bin:/usr/games:/usr/local/games:/snap/bin:/home/iulian/.dotnet/tools
SHELL=/bin/bash
DISPLAY=:0
LANG=en_US.UTF-8
LC_NUMERIC=ro_RO.UTF-8

Active Locale:
LC_ALL=LC_CTYPE=en_US.UTF-8;LC_NUMERIC=ro_RO.UTF-8;LC_TIME=en_US.UTF-8;LC_COLLATE=en_US.UTF-8;LC_MONETARY=ro_RO.UTF-8;LC_MESSAGES=en_US.UTF-8;LC_PAPER=ro_RO.UTF-8;LC_NAME=ro_RO.UTF-8;LC_ADDRESS=ro_RO.UTF-8;LC_TELEPHONE=ro_RO.UTF-8;LC_MEASUREMENT=ro_RO.UTF-8;LC_IDENTIFICATION=ro_RO.UTF-8
LC_COLLATE=en_US.UTF-8
LC_CTYPE=en_US.UTF-8
LC_MESSAGES=en_US.UTF-8
LC_MONETARY=ro_RO.UTF-8
LC_NUMERIC=ro_RO.UTF-8
LC_TIME=en_US.UTF-8

Signal Handlers:
   SIGSEGV: crash_handler in libjvm.so, mask=11100100010111111101111111111110, flags=SA_RESTART|SA_SIGINFO, unblocked
    SIGBUS: crash_handler in libjvm.so, mask=11100100010111111101111111111110, flags=SA_RESTART|SA_SIGINFO, unblocked
    SIGFPE: crash_handler in libjvm.so, mask=11100100010111111101111111111110, flags=SA_RESTART|SA_SIGINFO, unblocked
   SIGPIPE: javaSignalHandler in libjvm.so, mask=11100100010111111101111111111110, flags=SA_RESTART|SA_SIGINFO, blocked
   SIGXFSZ: javaSignalHandler in libjvm.so, mask=11100100010111111101111111111110, flags=SA_RESTART|SA_SIGINFO, blocked
    SIGILL: crash_handler in libjvm.so, mask=11100100010111111101111111111110, flags=SA_RESTART|SA_SIGINFO, unblocked
   SIGUSR2: SR_handler in libjvm.so, mask=00100000000000000000000000000000, flags=SA_RESTART|SA_SIGINFO, blocked
    SIGHUP: UserHandler in libjvm.so, mask=11100100010111111101111111111110, flags=SA_RESTART|SA_SIGINFO, blocked
    SIGINT: UserHandler in libjvm.so, mask=11100100010111111101111111111110, flags=SA_RESTART|SA_SIGINFO, blocked
   SIGTERM: UserHandler in libjvm.so, mask=11100100010111111101111111111110, flags=SA_RESTART|SA_SIGINFO, blocked
   SIGQUIT: UserHandler in libjvm.so, mask=11100100010111111101111111111110, flags=SA_RESTART|SA_SIGINFO, blocked
   SIGTRAP: crash_handler in libjvm.so, mask=11100100010111111101111111111110, flags=SA_RESTART|SA_SIGINFO, unblocked


Periodic native trim disabled


---------------  S Y S T E M  ---------------

OS:
DISTRIB_ID=LinuxMint
DISTRIB_RELEASE=21.3
DISTRIB_CODENAME=virginia
DISTRIB_DESCRIPTION="Linux Mint 21.3 Virginia"
uname: Linux 5.15.0-97-generic #107-Ubuntu SMP Wed Feb 7 13:26:48 UTC 2024 x86_64
OS uptime: 0 days 6:48 hours
libc: glibc 2.35 NPTL 2.35 
rlimit (soft/hard): STACK 8192k/infinity , CORE 0k/infinity , NPROC 15066/15066 , NOFILE 1048576/1048576 , AS infinity/infinity , CPU infinity/infinity , DATA infinity/infinity , FSIZE infinity/infinity , MEMLOCK 498700k/498700k
load average: 0,29 0,26 0,20

/proc/meminfo:
MemTotal:        3989600 kB
MemFree:          265608 kB
MemAvailable:    1242956 kB
Buffers:          137740 kB
Cached:          1088188 kB
SwapCached:          704 kB
Active:           926468 kB
Inactive:        2529724 kB
Active(anon):      25384 kB
Inactive(anon):  2291044 kB
Active(file):     901084 kB
Inactive(file):   238680 kB
Unevictable:         128 kB
Mlocked:             128 kB
SwapTotal:       2097148 kB
SwapFree:        2075768 kB
Dirty:               100 kB
Writeback:             0 kB
AnonPages:       2229952 kB
Mapped:           397780 kB
Shmem:             86164 kB
KReclaimable:      84384 kB
Slab:             143060 kB
SReclaimable:      84384 kB
SUnreclaim:        58676 kB
KernelStack:       10240 kB
PageTables:        25852 kB
NFS_Unstable:          0 kB
Bounce:                0 kB
WritebackTmp:          0 kB
CommitLimit:     4091948 kB
Committed_AS:    6069004 kB
VmallocTotal:   34359738367 kB
VmallocUsed:       50668 kB
VmallocChunk:          0 kB
Percpu:             1368 kB
HardwareCorrupted:     0 kB
AnonHugePages:         0 kB
ShmemHugePages:        0 kB
ShmemPmdMapped:        0 kB
FileHugePages:         0 kB
FilePmdMapped:         0 kB
HugePages_Total:       0
HugePages_Free:        0
HugePages_Rsvd:        0
HugePages_Surp:        0
Hugepagesize:       2048 kB
Hugetlb:               0 kB
DirectMap4k:      239688 kB
DirectMap2M:     3938304 kB

/sys/kernel/mm/transparent_hugepage/enabled: always [madvise] never
/sys/kernel/mm/transparent_hugepage/defrag (defrag/compaction efforts parameter): always defer defer+madvise [madvise] never

Process Memory:
Virtual Size: 3619672K (peak: 3619672K)
Resident Set Size: 41612K (peak: 41612K) (anon: 21256K, file: 20356K, shmem: 0K)
Swapped out: 0K
C-Heap outstanding allocations: 11631K, retained: 1692K
glibc malloc tunables: (default)

/proc/sys/kernel/threads-max (system-wide limit on the number of threads): 30132
/proc/sys/vm/max_map_count (maximum number of memory map areas a process may have): 65530
/proc/sys/kernel/pid_max (system-wide limit on number of process identifiers): 4194304

container (cgroup) information:
container_type: cgroupv2
cpu_cpuset_cpus: not supported
cpu_memory_nodes: not supported
active_processor_count: 2
cpu_quota: not supported
cpu_period: not supported
cpu_shares: not supported
memory_limit_in_bytes: unlimited
memory_and_swap_limit_in_bytes: unlimited
memory_soft_limit_in_bytes: unlimited
memory_usage_in_bytes: 2811552 k
memory_max_usage_in_bytes: not supported
memory_swap_current_in_bytes: 1200 k
memory_swap_max_limit_in_bytes: unlimited
maximum number of tasks: unlimited
current number of tasks: 367

KVM virtualization detected
Steal ticks since vm start: 0
Steal ticks percentage since vm start:  0,000

CPU: total 2 (initial active 2) (2 cores per cpu, 1 threads per core) family 6 model 165 stepping 2 microcode 0xffffffff, cx8, cmov, fxsr, mmx, 3dnowpref, sse, sse2, sse3, ssse3, sse4.1, sse4.2, popcnt, lzcnt, tsc, tscinvbit, aes, clmul, bmi1, bmi2, clflush, clflushopt, hv
CPU Model and flags from /proc/cpuinfo:
model name	: Intel(R) Core(TM) i7-10850H CPU @ 2.70GHz
flags		: fpu vme de pse tsc msr pae mce cx8 apic sep mtrr pge mca cmov pat pse36 clflush mmx fxsr sse sse2 ht syscall nx rdtscp lm constant_tsc rep_good nopl xtopology nonstop_tsc cpuid tsc_known_freq pni pclmulqdq ssse3 cx16 pcid sse4_1 sse4_2 movbe popcnt aes rdrand hypervisor lahf_lm abm 3dnowprefetch invpcid_single ibrs_enhanced fsgsbase bmi1 bmi2 invpcid rdseed clflushopt arat md_clear flush_l1d arch_capabilities

Online cpus: 0-1
Offline cpus: 
BIOS frequency limitation: <Not Available>
Frequency switch latency (ns): <Not Available>
Available cpu frequencies: <Not Available>
Current governor: <Not Available>
Core performance/turbo boost: <Not Available>

Memory: 4k page, physical 3989600k(265608k free), swap 2097148k(2075768k free)
Page Sizes: 4k

vm_info: OpenJDK 64-Bit Server VM (17.0.10+7-LTS) for linux-amd64 JRE (17.0.10+7-LTS) (Zulu17.48+15-CA), built on Jan  5 2024 14:08:22 by "zulu_re" with gcc 8.3.0

END.
