#
# A fatal error has been detected by the Java Runtime Environment:
#
#  SIGSEGV (0xb) at pc=0x00007fbe69398548, pid=9097, tid=9099
#
# JRE version: OpenJDK Runtime Environment Zulu17.48+15-CA (17.0.10+7) (build 17.0.10+7-LTS)
# Java VM: OpenJDK 64-Bit Server VM Zulu17.48+15-CA (17.0.10+7-LTS, mixed mode, sharing, tiered, compressed oops, compressed class ptrs, g1 gc, linux-amd64)
# Problematic frame:
# C  [libjava.so+0xf548]  Java_java_lang_Object_getClass+0x8
#
# Core dump will be written. Default location: Core dumps may be processed with "/lib/systemd/systemd-coredump %P %u %g %s %t 9223372036854775808 %h" (or dumping to /home/iulian/Projects/Eclipse-Workspace/ipc/core.9097)
#
# If you would like to submit a bug report, please visit:
#   http://www.azul.com/support/
# The crash happened outside the Java Virtual Machine in native code.
# See problematic frame for where to report the bug.
#

---------------  S U M M A R Y ------------

Command Line: -Dfile.encoding=UTF-8 -Dstdout.encoding=UTF-8 -Dstderr.encoding=UTF-8 -XX:+ShowCodeDetailsInExceptionMessages ipc.semaphore.Worker

Host: Intel(R) Core(TM) i7-10850H CPU @ 2.70GHz, 2 cores, 3G, Linux Mint 21.3 Virginia
Time: Wed Feb 28 19:48:52 2024 EET elapsed time: 2.573271 seconds (0d 0h 0m 2s)

---------------  T H R E A D  ---------------

Current thread (0x00007fbe64025c20):  JavaThread "main" [_thread_in_native, id=9099, stack(0x00007fbe693cf000,0x00007fbe694cf000)]

Stack: [0x00007fbe693cf000,0x00007fbe694cf000],  sp=0x00007fbe694cd7f8,  free space=1017k
Native frames: (J=compiled Java code, j=interpreted, Vv=VM code, C=native code)
C  [libjava.so+0xf548]  Java_java_lang_Object_getClass+0x8
j  java.io.PrintStream.println(Ljava/lang/String;)V+1 java.base@17.0.10
j  ipc.semaphore.Worker.main([Ljava/lang/String;)V+212
v  ~StubRoutines::call_stub
V  [libjvm.so+0x81c782]  JavaCalls::call_helper(JavaValue*, methodHandle const&, JavaCallArguments*, JavaThread*)+0x312
V  [libjvm.so+0x8aa5a1]  jni_invoke_static(JNIEnv_*, JavaValue*, _jobject*, JNICallType, _jmethodID*, JNI_ArgumentPusher*, JavaThread*) [clone .isra.186] [clone .constprop.443]+0x351
V  [libjvm.so+0x8ace95]  jni_CallStaticVoidMethod+0x145
C  [libjli.so+0x4809]  JavaMain+0xd19
C  [libjli.so+0x84e9]  ThreadJavaMain+0x9

Java frames: (J=compiled Java code, j=interpreted, Vv=VM code)
j  java.lang.Object.getClass()Ljava/lang/Class;+0 java.base@17.0.10
j  java.io.PrintStream.println(Ljava/lang/String;)V+1 java.base@17.0.10
j  ipc.semaphore.Worker.main([Ljava/lang/String;)V+212
v  ~StubRoutines::call_stub

siginfo: si_signo: 11 (SIGSEGV), si_code: 128 (SI_KERNEL), si_addr: 0x0000000000000000

Registers:
RAX=0x00007fbe6a88c51f, RBX=0x00007fbdf346c010, RCX=0x00000000000000aa, RDX=0x00007fbdf346c260
RSP=0x00007fbe694cd7f8, RBP=0x00007fbe694cd850, RSI=0x00007fbe694cd870, RDI=0x00007fbe64025ed8
R8 =0x00007fbdef4008c0, R9 =0x0000000000000002, R10=0x00007fbe548ea319, R11=0x0000000000000111
R12=0x0000000000000000, R13=0x00007fbdf3b73cd8, R14=0x00007fbe694cd870, R15=0x00007fbe64025c20
RIP=0x00007fbe69398548, EFLAGS=0x0000000000010202, CSGSFS=0x002b000000000033, ERR=0x0000000000000000
  TRAPNO=0x000000000000000d


Register to memory mapping:

RAX=0x00007fbe6a88c51f: <offset 0x00000000012d151f> in /usr/lib/jvm/zulu-17-amd64/lib/server/libjvm.so at 0x00007fbe695bb000
RBX={method} {0x00007fbdf346c010} 'getClass' '()Ljava/lang/Class;' in 'java/lang/Object'
RCX=0x00000000000000aa is an unknown value
RDX=0x00007fbdf346c260 is pointing into metadata
RSP=0x00007fbe694cd7f8 is pointing into the stack for thread: 0x00007fbe64025c20
RBP=0x00007fbe694cd850 is pointing into the stack for thread: 0x00007fbe64025c20
RSI=0x00007fbe694cd870 is pointing into the stack for thread: 0x00007fbe64025c20
RDI=0x00007fbe64025ed8 points into unknown readable memory: 0x00007fbe6a88c51f | 1f c5 88 6a be 7f 00 00
R8 ={method} {0x00007fbdef4008c0} 'main' '([Ljava/lang/String;)V' in 'ipc/semaphore/Worker'
R9 =0x0000000000000002 is an unknown value
R10=0x00007fbe548ea319 is at code_begin+825 in an Interpreter codelet
method entry point (kind = native)  [0x00007fbe548e9fe0, 0x00007fbe548ea820]  2112 bytes
R11=0x0000000000000111 is an unknown value
R12=0x0 is NULL
R13=0x00007fbdf3b73cd8 is pointing into metadata
R14=0x00007fbe694cd870 is pointing into the stack for thread: 0x00007fbe64025c20
R15=0x00007fbe64025c20 is a thread


Top of Stack: (sp=0x00007fbe694cd7f8)
0x00007fbe694cd7f8:   00007fbe548ea345 00007fbe694cd840
0x00007fbe694cd808:   00007fbe694cd808 0000000000000000
0x00007fbe694cd818:   00007fbe694cd870 00007fbdf346c260
0x00007fbe694cd828:   0000000000000000 00000000ffe008c8
0x00007fbe694cd838:   00007fbdf346c010 0000000000000000
0x00007fbe694cd848:   00007fbe694cd870 00007fbe694cd8c0
0x00007fbe694cd858:   00007fbe548e6397 0000000000000000
0x00007fbe694cd868:   00007fbe548e7f1b 00000000c6d07e30
0x00007fbe694cd878:   00007fbe694cd878 00007fbdf3b1e7f1
0x00007fbe694cd888:   00007fbe694cd8e8 00007fbdf3431090
0x00007fbe694cd898:   0000000000000000 00000000ffe0b750
0x00007fbe694cd8a8:   00007fbdf3015300 00007fbe694cd870
0x00007fbe694cd8b8:   00007fbe694cd8e0 00007fbe694cd938
0x00007fbe694cd8c8:   00007fbe548e623e 0000000000000000
0x00007fbe694cd8d8:   0000000000000000 00000000c6db2360
0x00007fbe694cd8e8:   00000000c6d07e30 00007fbe694cd8f0
0x00007fbe694cd8f8:   00007fbdef400794 00007fbe694cd988
0x00007fbe694cd908:   00007fbdef400978 0000000000000000
0x00007fbe694cd918:   00000000c6d19a30 00007fbdef4008c0
0x00007fbe694cd928:   00007fbe694cd8e0 00007fbe694cd988
0x00007fbe694cd938:   00007fbe694cd9f0 00007fbe548ddcc7
0x00007fbe694cd948:   0000000000000000 00000000c6db2228
0x00007fbe694cd958:   00000000c6db2228 00000000c6d678b8
0x00007fbe694cd968:   0000000000000000 0000000000000000
0x00007fbe694cd978:   00007fbe6ab7c000 0000000000000000
0x00007fbe694cd988:   00000000c6d1a0f8 0000000000001fa0
0x00007fbe694cd998:   000000000000000e 00007fbe694cdc58
0x00007fbe694cd9a8:   00007fbe694cdb80 00007fbe64025c20
0x00007fbe694cd9b8:   00007fbe694cdb10 00007fbe694cda80
0x00007fbe694cd9c8:   00007fbe694cdc58 000000000000000a
0x00007fbe694cd9d8:   00007fbdef4008c0 00007fbe548e93a0
0x00007fbe694cd9e8:   00007fbe694cdb88 00007fbe694cdaf0 

Instructions: (pc=0x00007fbe69398548)
0x00007fbe69398448:   83 c2 04 8d 81 ff fe fe fe f7 d1 21 c8 25 80 80
0x00007fbe69398458:   80 80 74 e9 89 c1 4c 89 e7 c1 e9 10 a9 80 80 00
0x00007fbe69398468:   00 0f 44 c1 48 8d 4a 02 48 0f 44 d1 b9 01 00 00
0x00007fbe69398478:   00 89 c6 40 00 c6 48 8b 35 e3 79 01 00 48 83 da
0x00007fbe69398488:   03 c6 42 fd 00 4c 89 ea e8 0b f9 ff ff 48 89 c3
0x00007fbe69398498:   48 85 c0 74 23 4c 89 e7 4c 89 ee e8 78 d8 ff ff
0x00007fbe693984a8:   4c 89 ef 48 89 c3 e8 dd d2 ff ff 48 89 d8 5b 41
0x00007fbe693984b8:   5c 41 5d 41 5e 5d c3 90 4c 89 ef e8 c8 d2 ff ff
0x00007fbe693984c8:   48 89 d8 5b 41 5c 41 5d 41 5e 5d c3 0f 1f 40 00
0x00007fbe693984d8:   48 89 da 4c 89 f6 4c 89 e7 31 db e8 e8 d7 ff ff
0x00007fbe693984e8:   48 89 d8 5b 41 5c 41 5d 41 5e 5d c3 0f 1f 40 00
0x00007fbe693984f8:   48 8d 35 41 fd 00 00 31 db e8 2a d8 ff ff eb ab
0x00007fbe69398508:   0f 1f 84 00 00 00 00 00 48 89 da 4c 89 f6 4c 89
0x00007fbe69398518:   e7 31 db e8 b0 d7 ff ff 31 f6 4c 89 e7 e8 96 d2
0x00007fbe69398528:   ff ff eb 87 0f 1f 40 00 e9 0b d8 ff ff 66 66 2e
0x00007fbe69398538:   0f 1f 84 00 00 00 00 00 48 85 f6 74 0b 48 8b 07
0x00007fbe69398548:   ff a0 f8 00 00 00 66 90 55 31 f6 48 89 e5 e8 75
0x00007fbe69398558:   d2 ff ff 31 c0 5d c3 90 55 48 8d 35 2b f1 00 00
0x00007fbe69398568:   48 89 e5 53 48 89 fb 48 83 ec 08 48 8b 07 ff 50
0x00007fbe69398578:   30 48 85 c0 74 16 48 8b 13 48 89 c6 48 89 df ff
0x00007fbe69398588:   92 a8 00 00 00 48 89 05 ec 78 01 00 48 83 c4 08
0x00007fbe69398598:   5b 5d c3 0f 1f 44 00 00 55 48 8d 0d 07 f1 00 00
0x00007fbe693985a8:   48 89 e5 41 55 41 54 49 89 d4 48 8d 15 fa f0 00
0x00007fbe693985b8:   00 53 4c 89 e6 48 89 fb 48 83 ec 08 48 8b 07 ff
0x00007fbe693985c8:   90 88 03 00 00 48 85 c0 0f 84 aa 00 00 00 49 89
0x00007fbe693985d8:   c5 48 8b 03 4c 89 e6 48 89 df ff 50 50 48 85 c0
0x00007fbe693985e8:   74 7c 4c 8b 03 48 8d 0d bb f0 00 00 48 89 c6 48
0x00007fbe693985f8:   89 df 48 8d 15 b2 f0 00 00 41 ff 90 88 03 00 00
0x00007fbe69398608:   49 39 c5 41 0f 95 c4 48 85 c0 74 14 48 83 c4 08
0x00007fbe69398618:   44 89 e0 5b 41 5c 41 5d 5d c3 66 0f 1f 44 00 00
0x00007fbe69398628:   48 8b 03 48 89 df ff 50 78 48 89 df 49 89 c4 48
0x00007fbe69398638:   8b 03 ff 90 88 00 00 00 48 8b 03 4c 89 e6 48 89 


Stack slot to memory mapping:
stack at sp + 0 slots: 0x00007fbe548ea345 is at code_begin+869 in an Interpreter codelet
method entry point (kind = native)  [0x00007fbe548e9fe0, 0x00007fbe548ea820]  2112 bytes
stack at sp + 1 slots: 0x00007fbe694cd840 is pointing into the stack for thread: 0x00007fbe64025c20
stack at sp + 2 slots: 0x00007fbe694cd808 is pointing into the stack for thread: 0x00007fbe64025c20
stack at sp + 3 slots: 0x0 is NULL
stack at sp + 4 slots: 0x00007fbe694cd870 is pointing into the stack for thread: 0x00007fbe64025c20
stack at sp + 5 slots: 0x00007fbdf346c260 is pointing into metadata
stack at sp + 6 slots: 0x0 is NULL
stack at sp + 7 slots: 0x00000000ffe008c8 is an oop: java.lang.Class 
{0x00000000ffe008c8} - klass: 'java/lang/Class'
 - ---- fields (total size 14 words):
 - private volatile transient 'classRedefinedCount' 'I' @12  0
 - private volatile transient 'cachedConstructor' 'Ljava/lang/reflect/Constructor;' @40  NULL (0)
 - private transient 'name' 'Ljava/lang/String;' @44  "java.lang.Object"{0x00000000c6d19b40} (c6d19b40)
 - private transient 'module' 'Ljava/lang/Module;' @48  a 'java/lang/Module'{0x00000000ffe560e0} (ffe560e0)
 - private final 'classLoader' 'Ljava/lang/ClassLoader;' @52  NULL (0)
 - private transient 'classData' 'Ljava/lang/Object;' @56  NULL (0)
 - private transient 'packageName' 'Ljava/lang/String;' @60  NULL (0)
 - private final 'componentType' 'Ljava/lang/Class;' @64  NULL (0)
 - private volatile transient 'reflectionData' 'Ljava/lang/ref/SoftReference;' @68  NULL (0)
 - private volatile transient 'genericInfo' 'Lsun/reflect/generics/repository/ClassRepository;' @72  NULL (0)
 - private volatile transient 'enumConstants' '[Ljava/lang/Object;' @76  NULL (0)
 - private volatile transient 'enumConstantDirectory' 'Ljava/util/Map;' @80  NULL (0)
 - private volatile transient 'annotationData' 'Ljava/lang/Class$AnnotationData;' @84  NULL (0)
 - private volatile transient 'annotationType' 'Lsun/reflect/annotation/AnnotationType;' @88  NULL (0)
 - transient 'classValueMap' 'Ljava/lang/ClassValue$ClassValueMap;' @92  NULL (0)
 - signature: Ljava/lang/Object;
 - fake entry for mirror: 'java/lang/Object'
 - fake entry for array: 'java/lang/Object'[]
 - fake entry for oop_size: 14
 - fake entry for static_oop_field_count: 0


---------------  P R O C E S S  ---------------

Threads class SMR info:
_java_thread_list=0x00007fbe640e4180, length=11, elements={
0x00007fbe64025c20, 0x00007fbe640c9fe0, 0x00007fbe640cb3d0, 0x00007fbe640d1a80,
0x00007fbe640d2e40, 0x00007fbe640d4260, 0x00007fbe640d5c20, 0x00007fbe640d7160,
0x00007fbe640d85e0, 0x00007fbe640df930, 0x00007fbe640e31e0
}

Java Threads: ( => current thread )
=>0x00007fbe64025c20 JavaThread "main" [_thread_in_native, id=9099, stack(0x00007fbe693cf000,0x00007fbe694cf000)]
  0x00007fbe640c9fe0 JavaThread "Reference Handler" daemon [_thread_blocked, id=9110, stack(0x00007fbe49324000,0x00007fbe49424000)]
  0x00007fbe640cb3d0 JavaThread "Finalizer" daemon [_thread_blocked, id=9111, stack(0x00007fbe49224000,0x00007fbe49324000)]
  0x00007fbe640d1a80 JavaThread "Signal Dispatcher" daemon [_thread_blocked, id=9112, stack(0x00007fbe488e2000,0x00007fbe489e2000)]
  0x00007fbe640d2e40 JavaThread "Service Thread" daemon [_thread_blocked, id=9113, stack(0x00007fbe487e2000,0x00007fbe488e2000)]
  0x00007fbe640d4260 JavaThread "Monitor Deflation Thread" daemon [_thread_blocked, id=9114, stack(0x00007fbe486e2000,0x00007fbe487e2000)]
  0x00007fbe640d5c20 JavaThread "C2 CompilerThread0" daemon [_thread_blocked, id=9115, stack(0x00007fbe485e2000,0x00007fbe486e2000)]
  0x00007fbe640d7160 JavaThread "C1 CompilerThread0" daemon [_thread_blocked, id=9116, stack(0x00007fbe484e2000,0x00007fbe485e2000)]
  0x00007fbe640d85e0 JavaThread "Sweeper thread" daemon [_thread_blocked, id=9117, stack(0x00007fbe483e2000,0x00007fbe484e2000)]
  0x00007fbe640df930 JavaThread "Notification Thread" daemon [_thread_blocked, id=9118, stack(0x00007fbe482e2000,0x00007fbe483e2000)]
  0x00007fbe640e31e0 JavaThread "Common-Cleaner" daemon [_thread_blocked, id=9120, stack(0x00007fbe480e1000,0x00007fbe481e1000)]

Other Threads:
  0x00007fbe640c60c0 VMThread "VM Thread" [stack: 0x00007fbe49425000,0x00007fbe49525000] [id=9109]
  0x00007fbe640e1280 WatcherThread [stack: 0x00007fbe481e2000,0x00007fbe482e2000] [id=9119]
  0x00007fbe640619b0 GCTaskThread "GC Thread#0" [stack: 0x00007fbe688cc000,0x00007fbe689cc000] [id=9102]
  0x00007fbe6406a990 ConcurrentGCThread "G1 Main Marker" [stack: 0x00007fbe687cb000,0x00007fbe688cb000] [id=9105]
  0x00007fbe6406b910 ConcurrentGCThread "G1 Conc#0" [stack: 0x00007fbe686ca000,0x00007fbe687ca000] [id=9106]
  0x00007fbe6409e400 ConcurrentGCThread "G1 Refine#0" [stack: 0x00007fbe683c7000,0x00007fbe684c7000] [id=9107]
  0x00007fbe6409f300 ConcurrentGCThread "G1 Service" [stack: 0x00007fbe682c6000,0x00007fbe683c6000] [id=9108]

Threads with active compile tasks:

VM state: not at safepoint (normal execution)

VM Mutex/Monitor currently owned by a thread: None

Heap address: 0x00000000c3000000, size: 976 MB, Compressed Oops mode: 32-bit

CDS archive(s) mapped at: [0x00007fbdf3000000-0x00007fbdf3beb000-0x00007fbdf3beb000), size 12496896, SharedBaseAddress: 0x00007fbdf3000000, ArchiveRelocationMode: 1.
Compressed class space mapped at: 0x00007fbdf4000000-0x00007fbe34000000, reserved size: 1073741824
Narrow klass base: 0x00007fbdf3000000, Narrow klass shift: 0, Narrow klass range: 0x100000000

GC Precious Log:
 CPUs: 2 total, 2 available
 Memory: 3896M
 Large Page Support: Disabled
 NUMA Support: Disabled
 Compressed Oops: Enabled (32-bit)
 Heap Region Size: 1M
 Heap Min Capacity: 8M
 Heap Initial Capacity: 62M
 Heap Max Capacity: 976M
 Pre-touch: Disabled
 Parallel Workers: 2
 Concurrent Workers: 1
 Concurrent Refinement Workers: 2
 Periodic GC: Disabled

Heap:
 garbage-first heap   total 65536K, used 952K [0x00000000c3000000, 0x0000000100000000)
  region size 1024K, 1 young (1024K), 0 survivors (0K)
 Metaspace       used 653K, committed 832K, reserved 1114112K
  class space    used 52K, committed 128K, reserved 1048576K

Heap Regions: E=young(eden), S=young(survivor), O=old, HS=humongous(starts), HC=humongous(continues), CS=collection set, F=free, OA=open archive, CA=closed archive, TAMS=top-at-mark-start (previous, next)
|   0|0x00000000c3000000, 0x00000000c3000000, 0x00000000c3100000|  0%| F|  |TAMS 0x00000000c3000000, 0x00000000c3000000| Untracked 
|   1|0x00000000c3100000, 0x00000000c3100000, 0x00000000c3200000|  0%| F|  |TAMS 0x00000000c3100000, 0x00000000c3100000| Untracked 
|   2|0x00000000c3200000, 0x00000000c3200000, 0x00000000c3300000|  0%| F|  |TAMS 0x00000000c3200000, 0x00000000c3200000| Untracked 
|   3|0x00000000c3300000, 0x00000000c3300000, 0x00000000c3400000|  0%| F|  |TAMS 0x00000000c3300000, 0x00000000c3300000| Untracked 
|   4|0x00000000c3400000, 0x00000000c3400000, 0x00000000c3500000|  0%| F|  |TAMS 0x00000000c3400000, 0x00000000c3400000| Untracked 
|   5|0x00000000c3500000, 0x00000000c3500000, 0x00000000c3600000|  0%| F|  |TAMS 0x00000000c3500000, 0x00000000c3500000| Untracked 
|   6|0x00000000c3600000, 0x00000000c3600000, 0x00000000c3700000|  0%| F|  |TAMS 0x00000000c3600000, 0x00000000c3600000| Untracked 
|   7|0x00000000c3700000, 0x00000000c3700000, 0x00000000c3800000|  0%| F|  |TAMS 0x00000000c3700000, 0x00000000c3700000| Untracked 
|   8|0x00000000c3800000, 0x00000000c3800000, 0x00000000c3900000|  0%| F|  |TAMS 0x00000000c3800000, 0x00000000c3800000| Untracked 
|   9|0x00000000c3900000, 0x00000000c3900000, 0x00000000c3a00000|  0%| F|  |TAMS 0x00000000c3900000, 0x00000000c3900000| Untracked 
|  10|0x00000000c3a00000, 0x00000000c3a00000, 0x00000000c3b00000|  0%| F|  |TAMS 0x00000000c3a00000, 0x00000000c3a00000| Untracked 
|  11|0x00000000c3b00000, 0x00000000c3b00000, 0x00000000c3c00000|  0%| F|  |TAMS 0x00000000c3b00000, 0x00000000c3b00000| Untracked 
|  12|0x00000000c3c00000, 0x00000000c3c00000, 0x00000000c3d00000|  0%| F|  |TAMS 0x00000000c3c00000, 0x00000000c3c00000| Untracked 
|  13|0x00000000c3d00000, 0x00000000c3d00000, 0x00000000c3e00000|  0%| F|  |TAMS 0x00000000c3d00000, 0x00000000c3d00000| Untracked 
|  14|0x00000000c3e00000, 0x00000000c3e00000, 0x00000000c3f00000|  0%| F|  |TAMS 0x00000000c3e00000, 0x00000000c3e00000| Untracked 
|  15|0x00000000c3f00000, 0x00000000c3f00000, 0x00000000c4000000|  0%| F|  |TAMS 0x00000000c3f00000, 0x00000000c3f00000| Untracked 
|  16|0x00000000c4000000, 0x00000000c4000000, 0x00000000c4100000|  0%| F|  |TAMS 0x00000000c4000000, 0x00000000c4000000| Untracked 
|  17|0x00000000c4100000, 0x00000000c4100000, 0x00000000c4200000|  0%| F|  |TAMS 0x00000000c4100000, 0x00000000c4100000| Untracked 
|  18|0x00000000c4200000, 0x00000000c4200000, 0x00000000c4300000|  0%| F|  |TAMS 0x00000000c4200000, 0x00000000c4200000| Untracked 
|  19|0x00000000c4300000, 0x00000000c4300000, 0x00000000c4400000|  0%| F|  |TAMS 0x00000000c4300000, 0x00000000c4300000| Untracked 
|  20|0x00000000c4400000, 0x00000000c4400000, 0x00000000c4500000|  0%| F|  |TAMS 0x00000000c4400000, 0x00000000c4400000| Untracked 
|  21|0x00000000c4500000, 0x00000000c4500000, 0x00000000c4600000|  0%| F|  |TAMS 0x00000000c4500000, 0x00000000c4500000| Untracked 
|  22|0x00000000c4600000, 0x00000000c4600000, 0x00000000c4700000|  0%| F|  |TAMS 0x00000000c4600000, 0x00000000c4600000| Untracked 
|  23|0x00000000c4700000, 0x00000000c4700000, 0x00000000c4800000|  0%| F|  |TAMS 0x00000000c4700000, 0x00000000c4700000| Untracked 
|  24|0x00000000c4800000, 0x00000000c4800000, 0x00000000c4900000|  0%| F|  |TAMS 0x00000000c4800000, 0x00000000c4800000| Untracked 
|  25|0x00000000c4900000, 0x00000000c4900000, 0x00000000c4a00000|  0%| F|  |TAMS 0x00000000c4900000, 0x00000000c4900000| Untracked 
|  26|0x00000000c4a00000, 0x00000000c4a00000, 0x00000000c4b00000|  0%| F|  |TAMS 0x00000000c4a00000, 0x00000000c4a00000| Untracked 
|  27|0x00000000c4b00000, 0x00000000c4b00000, 0x00000000c4c00000|  0%| F|  |TAMS 0x00000000c4b00000, 0x00000000c4b00000| Untracked 
|  28|0x00000000c4c00000, 0x00000000c4c00000, 0x00000000c4d00000|  0%| F|  |TAMS 0x00000000c4c00000, 0x00000000c4c00000| Untracked 
|  29|0x00000000c4d00000, 0x00000000c4d00000, 0x00000000c4e00000|  0%| F|  |TAMS 0x00000000c4d00000, 0x00000000c4d00000| Untracked 
|  30|0x00000000c4e00000, 0x00000000c4e00000, 0x00000000c4f00000|  0%| F|  |TAMS 0x00000000c4e00000, 0x00000000c4e00000| Untracked 
|  31|0x00000000c4f00000, 0x00000000c4f00000, 0x00000000c5000000|  0%| F|  |TAMS 0x00000000c4f00000, 0x00000000c4f00000| Untracked 
|  32|0x00000000c5000000, 0x00000000c5000000, 0x00000000c5100000|  0%| F|  |TAMS 0x00000000c5000000, 0x00000000c5000000| Untracked 
|  33|0x00000000c5100000, 0x00000000c5100000, 0x00000000c5200000|  0%| F|  |TAMS 0x00000000c5100000, 0x00000000c5100000| Untracked 
|  34|0x00000000c5200000, 0x00000000c5200000, 0x00000000c5300000|  0%| F|  |TAMS 0x00000000c5200000, 0x00000000c5200000| Untracked 
|  35|0x00000000c5300000, 0x00000000c5300000, 0x00000000c5400000|  0%| F|  |TAMS 0x00000000c5300000, 0x00000000c5300000| Untracked 
|  36|0x00000000c5400000, 0x00000000c5400000, 0x00000000c5500000|  0%| F|  |TAMS 0x00000000c5400000, 0x00000000c5400000| Untracked 
|  37|0x00000000c5500000, 0x00000000c5500000, 0x00000000c5600000|  0%| F|  |TAMS 0x00000000c5500000, 0x00000000c5500000| Untracked 
|  38|0x00000000c5600000, 0x00000000c5600000, 0x00000000c5700000|  0%| F|  |TAMS 0x00000000c5600000, 0x00000000c5600000| Untracked 
|  39|0x00000000c5700000, 0x00000000c5700000, 0x00000000c5800000|  0%| F|  |TAMS 0x00000000c5700000, 0x00000000c5700000| Untracked 
|  40|0x00000000c5800000, 0x00000000c5800000, 0x00000000c5900000|  0%| F|  |TAMS 0x00000000c5800000, 0x00000000c5800000| Untracked 
|  41|0x00000000c5900000, 0x00000000c5900000, 0x00000000c5a00000|  0%| F|  |TAMS 0x00000000c5900000, 0x00000000c5900000| Untracked 
|  42|0x00000000c5a00000, 0x00000000c5a00000, 0x00000000c5b00000|  0%| F|  |TAMS 0x00000000c5a00000, 0x00000000c5a00000| Untracked 
|  43|0x00000000c5b00000, 0x00000000c5b00000, 0x00000000c5c00000|  0%| F|  |TAMS 0x00000000c5b00000, 0x00000000c5b00000| Untracked 
|  44|0x00000000c5c00000, 0x00000000c5c00000, 0x00000000c5d00000|  0%| F|  |TAMS 0x00000000c5c00000, 0x00000000c5c00000| Untracked 
|  45|0x00000000c5d00000, 0x00000000c5d00000, 0x00000000c5e00000|  0%| F|  |TAMS 0x00000000c5d00000, 0x00000000c5d00000| Untracked 
|  46|0x00000000c5e00000, 0x00000000c5e00000, 0x00000000c5f00000|  0%| F|  |TAMS 0x00000000c5e00000, 0x00000000c5e00000| Untracked 
|  47|0x00000000c5f00000, 0x00000000c5f00000, 0x00000000c6000000|  0%| F|  |TAMS 0x00000000c5f00000, 0x00000000c5f00000| Untracked 
|  48|0x00000000c6000000, 0x00000000c6000000, 0x00000000c6100000|  0%| F|  |TAMS 0x00000000c6000000, 0x00000000c6000000| Untracked 
|  49|0x00000000c6100000, 0x00000000c6100000, 0x00000000c6200000|  0%| F|  |TAMS 0x00000000c6100000, 0x00000000c6100000| Untracked 
|  50|0x00000000c6200000, 0x00000000c6200000, 0x00000000c6300000|  0%| F|  |TAMS 0x00000000c6200000, 0x00000000c6200000| Untracked 
|  51|0x00000000c6300000, 0x00000000c6300000, 0x00000000c6400000|  0%| F|  |TAMS 0x00000000c6300000, 0x00000000c6300000| Untracked 
|  52|0x00000000c6400000, 0x00000000c6400000, 0x00000000c6500000|  0%| F|  |TAMS 0x00000000c6400000, 0x00000000c6400000| Untracked 
|  53|0x00000000c6500000, 0x00000000c6500000, 0x00000000c6600000|  0%| F|  |TAMS 0x00000000c6500000, 0x00000000c6500000| Untracked 
|  54|0x00000000c6600000, 0x00000000c6600000, 0x00000000c6700000|  0%| F|  |TAMS 0x00000000c6600000, 0x00000000c6600000| Untracked 
|  55|0x00000000c6700000, 0x00000000c6700000, 0x00000000c6800000|  0%| F|  |TAMS 0x00000000c6700000, 0x00000000c6700000| Untracked 
|  56|0x00000000c6800000, 0x00000000c6800000, 0x00000000c6900000|  0%| F|  |TAMS 0x00000000c6800000, 0x00000000c6800000| Untracked 
|  57|0x00000000c6900000, 0x00000000c6900000, 0x00000000c6a00000|  0%| F|  |TAMS 0x00000000c6900000, 0x00000000c6900000| Untracked 
|  58|0x00000000c6a00000, 0x00000000c6a00000, 0x00000000c6b00000|  0%| F|  |TAMS 0x00000000c6a00000, 0x00000000c6a00000| Untracked 
|  59|0x00000000c6b00000, 0x00000000c6b00000, 0x00000000c6c00000|  0%| F|  |TAMS 0x00000000c6b00000, 0x00000000c6b00000| Untracked 
|  60|0x00000000c6c00000, 0x00000000c6c00000, 0x00000000c6d00000|  0%| F|  |TAMS 0x00000000c6c00000, 0x00000000c6c00000| Untracked 
|  61|0x00000000c6d00000, 0x00000000c6dba650, 0x00000000c6e00000| 72%| E|  |TAMS 0x00000000c6d00000, 0x00000000c6d00000| Complete 
| 974|0x00000000ffe00000, 0x00000000ffe77000, 0x00000000fff00000| 46%|OA|  |TAMS 0x00000000ffe00000, 0x00000000ffe00000| Untracked 
| 975|0x00000000fff00000, 0x00000000fff77000, 0x0000000100000000| 46%|CA|  |TAMS 0x00000000fff00000, 0x00000000fff00000| Untracked 

Card table byte_map: [0x00007fbe68bd5000,0x00007fbe68dbd000] _byte_map_base: 0x00007fbe685bd000

Marking Bits (Prev, Next): (CMBitMap*) 0x00007fbe64062440, (CMBitMap*) 0x00007fbe64062480
 Prev Bits: [0x00007fbe4c465000, 0x00007fbe4d3a5000)
 Next Bits: [0x00007fbe4b525000, 0x00007fbe4c465000)

Polling page: 0x00007fbe6ab8a000

Metaspace:

Usage:
  Non-class:    600,66 KB used.
      Class:     52,37 KB used.
       Both:    653,03 KB used.

Virtual space:
  Non-class space:       64,00 MB reserved,     704,00 KB (  1%) committed,  1 nodes.
      Class space:        1,00 GB reserved,     128,00 KB ( <1%) committed,  1 nodes.
             Both:        1,06 GB reserved,     832,00 KB ( <1%) committed. 

Chunk freelists:
   Non-Class:  11,98 MB
       Class:  15,74 MB
        Both:  27,73 MB

MaxMetaspaceSize: unlimited
CompressedClassSpaceSize: 1,00 GB
Initial GC threshold: 21,00 MB
Current GC threshold: 21,00 MB
CDS: on
MetaspaceReclaimPolicy: balanced
 - commit_granule_bytes: 65536.
 - commit_granule_words: 8192.
 - virtual_space_node_default_size: 8388608.
 - enlarge_chunks_in_place: 1.
 - new_chunks_are_fully_committed: 0.
 - uncommit_free_chunks: 1.
 - use_allocation_guard: 0.
 - handle_deallocations: 1.


Internal statistics:

num_allocs_failed_limit: 0.
num_arena_births: 12.
num_arena_deaths: 0.
num_vsnodes_births: 2.
num_vsnodes_deaths: 0.
num_space_committed: 13.
num_space_uncommitted: 0.
num_chunks_returned_to_freelist: 0.
num_chunks_taken_from_freelist: 13.
num_chunk_merges: 0.
num_chunk_splits: 7.
num_chunks_enlarged: 4.
num_inconsistent_stats: 0.

CodeHeap 'non-profiled nmethods': size=120036Kb used=44Kb max_used=44Kb free=119992Kb
 bounds [0x00007fbe54e6c000, 0x00007fbe550dc000, 0x00007fbe5c3a5000]
CodeHeap 'profiled nmethods': size=120032Kb used=182Kb max_used=182Kb free=119849Kb
 bounds [0x00007fbe4d3a5000, 0x00007fbe4d615000, 0x00007fbe548dd000]
CodeHeap 'non-nmethods': size=5692Kb used=1090Kb max_used=1099Kb free=4602Kb
 bounds [0x00007fbe548dd000, 0x00007fbe54b4d000, 0x00007fbe54e6c000]
 total_blobs=523 nmethods=152 adapters=286
 compilation: enabled
              stopped_count=0, restarted_count=0
 full_count=0

Compilation events (20 events):
Event: 0,273 Thread 0x00007fbe640d7160  137       3       java.lang.StringBuilder::append (8 bytes)
Event: 0,273 Thread 0x00007fbe640d7160 nmethod 137 0x00007fbe4d3cc190 code [0x00007fbe4d3cc340, 0x00007fbe4d3cc480]
Event: 0,273 Thread 0x00007fbe640d7160  140       3       java.lang.StringLatin1::replace (198 bytes)
Event: 0,273 Thread 0x00007fbe640d7160 nmethod 140 0x00007fbe4d3cc510 code [0x00007fbe4d3cc7c0, 0x00007fbe4d3cd650]
Event: 0,273 Thread 0x00007fbe640d7160  141       3       jdk.internal.org.objectweb.asm.SymbolTable::addConstantUtf8 (98 bytes)
Event: 0,274 Thread 0x00007fbe640d7160 nmethod 141 0x00007fbe4d3cdb90 code [0x00007fbe4d3cddc0, 0x00007fbe4d3ce3b0]
Event: 0,274 Thread 0x00007fbe640d7160  144       3       java.lang.invoke.MethodType::makeImpl (109 bytes)
Event: 0,274 Thread 0x00007fbe640d7160 nmethod 144 0x00007fbe4d3ce710 code [0x00007fbe4d3ce9c0, 0x00007fbe4d3cf7b0]
Event: 0,274 Thread 0x00007fbe640d7160  147       3       java.util.Objects::equals (23 bytes)
Event: 0,274 Thread 0x00007fbe640d7160 nmethod 147 0x00007fbe4d3cfc10 code [0x00007fbe4d3cfdc0, 0x00007fbe4d3d0040]
Event: 0,274 Thread 0x00007fbe640d7160  145       3       java.lang.invoke.MethodType::<init> (15 bytes)
Event: 0,274 Thread 0x00007fbe640d7160 nmethod 145 0x00007fbe4d3d0110 code [0x00007fbe4d3d02c0, 0x00007fbe4d3d04d0]
Event: 0,274 Thread 0x00007fbe640d7160  146       3       java.lang.invoke.MethodType$ConcurrentWeakInternSet::get (47 bytes)
Event: 0,275 Thread 0x00007fbe640d7160 nmethod 146 0x00007fbe4d3d0590 code [0x00007fbe4d3d07c0, 0x00007fbe4d3d1110]
Event: 0,275 Thread 0x00007fbe640d7160  142       3       jdk.internal.org.objectweb.asm.SymbolTable$Entry::<init> (17 bytes)
Event: 0,275 Thread 0x00007fbe640d7160 nmethod 142 0x00007fbe4d3d1490 code [0x00007fbe4d3d1640, 0x00007fbe4d3d17c0]
Event: 0,278 Thread 0x00007fbe640d7160  151       3       java.lang.invoke.MethodType::equals (56 bytes)
Event: 0,284 Thread 0x00007fbe640d7160 nmethod 151 0x00007fbe4d3d1890 code [0x00007fbe4d3d1ac0, 0x00007fbe4d3d2630]
Event: 0,284 Thread 0x00007fbe640d7160  152       3       java.lang.Math::max (11 bytes)
Event: 0,284 Thread 0x00007fbe640d7160 nmethod 152 0x00007fbe4d3d2810 code [0x00007fbe4d3d29a0, 0x00007fbe4d3d2ad0]

GC Heap History (0 events):
No events

Dll operation events (5 events):
Event: 0,001 Loaded shared library /usr/lib/jvm/zulu-17-amd64/lib/libjava.so
Event: 0,091 Loaded shared library /usr/lib/jvm/zulu-17-amd64/lib/libjsvml.so
Event: 0,170 Loaded shared library /usr/lib/jvm/zulu-17-amd64/lib/libnio.so
Event: 0,171 Loaded shared library /usr/lib/jvm/zulu-17-amd64/lib/libjimage.so
Event: 0,190 Loaded shared library /home/iulian/Projects/Eclipse-Workspace/ipc/lib/semaphore.so

Deoptimization events (4 events):
Event: 0,264 Thread 0x00007fbe64025c20 Uncommon trap: trap_request=0xffffff45 fr.pc=0x00007fbe54e724fc relative=0x000000000000005c
Event: 0,264 Thread 0x00007fbe64025c20 Uncommon trap: reason=unstable_if action=reinterpret pc=0x00007fbe54e724fc method=java.lang.String.isLatin1()Z @ 10 c2
Event: 0,264 Thread 0x00007fbe64025c20 DEOPT PACKING pc=0x00007fbe54e724fc sp=0x00007fbe694cd230
Event: 0,270 Thread 0x00007fbe64025c20 DEOPT UNPACKING pc=0x00007fbe54933693 sp=0x00007fbe694cd1e0 mode 2

Classes unloaded (0 events):
No events

Classes redefined (0 events):
No events

Internal exceptions (2 events):
Event: 0,150 Thread 0x00007fbe64025c20 Exception <a 'java/lang/NoSuchMethodError'{0x00000000c6d20a08}: 'java.lang.Object java.lang.invoke.DirectMethodHandle$Holder.invokeStaticInit(java.lang.Object)'> (0x00000000c6d20a08) 
thrown [src/hotspot/share/interpreter/linkResolver.cpp, line 759]
Event: 0,167 Thread 0x00007fbe64025c20 Exception <a 'java/lang/NoSuchMethodError'{0x00000000c6d34f18}: 'java.lang.Object java.lang.invoke.DirectMethodHandle$Holder.invokeInterface(java.lang.Object, java.lang.Object)'> (0x00000000c6d34f18) 
thrown [src/hotspot/share/interpreter/linkResolver.cpp, line 759]

VM Operations (2 events):
Event: 1,095 Executing VM operation: Cleanup
Event: 1,095 Executing VM operation: Cleanup done

Events (20 events):
Event: 0,181 loading class sun/nio/cs/UTF_8$Decoder
Event: 0,181 loading class sun/nio/cs/UTF_8$Decoder done
Event: 0,181 loading class sun/nio/cs/StreamDecoder
Event: 0,181 loading class sun/nio/cs/StreamDecoder done
Event: 0,185 loading class java/util/ResourceBundle$BundleReference
Event: 0,185 loading class java/util/ResourceBundle$BundleReference done
Event: 0,191 loading class java/util/Scanner
Event: 0,191 loading class java/util/Scanner done
Event: 0,203 loading class java/util/Scanner$PatternLRUCache
Event: 0,203 loading class java/util/Scanner$PatternLRUCache done
Event: 0,242 loading class jdk/internal/module/ModulePatcher$PatchedModuleReader
Event: 0,242 loading class jdk/internal/module/ModulePatcher$PatchedModuleReader done
Event: 0,242 loading class sun/net/www/protocol/jrt/Handler
Event: 0,242 loading class sun/net/www/protocol/jrt/Handler done
Event: 0,254 loading class sun/text/resources/cldr/FormatData_en
Event: 0,254 loading class sun/text/resources/cldr/FormatData_en done
Event: 0,254 loading class sun/text/resources/cldr/FormatData_en_US
Event: 0,254 loading class sun/text/resources/cldr/FormatData_en_US done
Event: 2,571 loading class java/util/regex/Matcher$ImmutableMatchResult
Event: 2,572 loading class java/util/regex/Matcher$ImmutableMatchResult done


Dynamic libraries:
c3000000-c6e00000 rw-p 00000000 00:00 0 
c6e00000-ffe00000 ---p 00000000 00:00 0 
ffe00000-ffe77000 rw-p 00c9b000 08:02 3824635                            /usr/lib/jvm/zulu-17-amd64/lib/server/classes.jsa
ffe77000-fff00000 rw-p 00000000 00:00 0 
fff00000-fff77000 rw-p 00c24000 08:02 3824635                            /usr/lib/jvm/zulu-17-amd64/lib/server/classes.jsa
fff77000-100000000 rw-p 00000000 00:00 0 
55a7cbd36000-55a7cbd37000 r-xp 00000000 08:02 3824684                    /usr/lib/jvm/zulu-17-amd64/bin/java
55a7cbd38000-55a7cbd39000 r--p 00001000 08:02 3824684                    /usr/lib/jvm/zulu-17-amd64/bin/java
55a7cbd39000-55a7cbd3a000 rw-p 00002000 08:02 3824684                    /usr/lib/jvm/zulu-17-amd64/bin/java
55a7cc5a7000-55a7cc5ef000 rw-p 00000000 00:00 0                          [heap]
7fbdc8000000-7fbdc8061000 rw-p 00000000 00:00 0 
7fbdc8061000-7fbdcc000000 ---p 00000000 00:00 0 
7fbdcc000000-7fbdcc021000 rw-p 00000000 00:00 0 
7fbdcc021000-7fbdd0000000 ---p 00000000 00:00 0 
7fbdd0000000-7fbdd0021000 rw-p 00000000 00:00 0 
7fbdd0021000-7fbdd4000000 ---p 00000000 00:00 0 
7fbdd4000000-7fbdd4068000 rw-p 00000000 00:00 0 
7fbdd4068000-7fbdd8000000 ---p 00000000 00:00 0 
7fbdd8000000-7fbdd8021000 rw-p 00000000 00:00 0 
7fbdd8021000-7fbddc000000 ---p 00000000 00:00 0 
7fbddc000000-7fbddc021000 rw-p 00000000 00:00 0 
7fbddc021000-7fbde0000000 ---p 00000000 00:00 0 
7fbde0000000-7fbde0021000 rw-p 00000000 00:00 0 
7fbde0021000-7fbde4000000 ---p 00000000 00:00 0 
7fbde4000000-7fbde4021000 rw-p 00000000 00:00 0 
7fbde4021000-7fbde8000000 ---p 00000000 00:00 0 
7fbde8000000-7fbde8021000 rw-p 00000000 00:00 0 
7fbde8021000-7fbdec000000 ---p 00000000 00:00 0 
7fbdeec0f000-7fbdef0a0000 rw-p 00000000 00:00 0 
7fbdef0a0000-7fbdef400000 ---p 00000000 00:00 0 
7fbdef400000-7fbdef410000 rw-p 00000000 00:00 0 
7fbdef410000-7fbdf3000000 ---p 00000000 00:00 0 
7fbdf3000000-7fbdf3beb000 rw-p 00001000 08:02 3824635                    /usr/lib/jvm/zulu-17-amd64/lib/server/classes.jsa
7fbdf3beb000-7fbdf4000000 ---p 00000000 00:00 0 
7fbdf4000000-7fbdf4010000 rw-p 00000000 00:00 0 
7fbdf4010000-7fbdf4040000 ---p 00000000 00:00 0 
7fbdf4040000-7fbdf4050000 rw-p 00000000 00:00 0 
7fbdf4050000-7fbe34000000 ---p 00000000 00:00 0 
7fbe34000000-7fbe34021000 rw-p 00000000 00:00 0 
7fbe34021000-7fbe38000000 ---p 00000000 00:00 0 
7fbe38000000-7fbe38021000 rw-p 00000000 00:00 0 
7fbe38021000-7fbe3c000000 ---p 00000000 00:00 0 
7fbe3c000000-7fbe3c021000 rw-p 00000000 00:00 0 
7fbe3c021000-7fbe40000000 ---p 00000000 00:00 0 
7fbe40000000-7fbe40021000 rw-p 00000000 00:00 0 
7fbe40021000-7fbe44000000 ---p 00000000 00:00 0 
7fbe44000000-7fbe44021000 rw-p 00000000 00:00 0 
7fbe44021000-7fbe48000000 ---p 00000000 00:00 0 
7fbe480e1000-7fbe480e5000 ---p 00000000 00:00 0 
7fbe480e5000-7fbe481e1000 rw-p 00000000 00:00 0 
7fbe481e1000-7fbe481e2000 ---p 00000000 00:00 0 
7fbe481e2000-7fbe482e2000 rw-p 00000000 00:00 0 
7fbe482e2000-7fbe482e6000 ---p 00000000 00:00 0 
7fbe482e6000-7fbe483e2000 rw-p 00000000 00:00 0 
7fbe483e2000-7fbe483e6000 ---p 00000000 00:00 0 
7fbe483e6000-7fbe484e2000 rw-p 00000000 00:00 0 
7fbe484e2000-7fbe484e6000 ---p 00000000 00:00 0 
7fbe484e6000-7fbe485e2000 rw-p 00000000 00:00 0 
7fbe485e2000-7fbe485e6000 ---p 00000000 00:00 0 
7fbe485e6000-7fbe486e2000 rw-p 00000000 00:00 0 
7fbe486e2000-7fbe486e6000 ---p 00000000 00:00 0 
7fbe486e6000-7fbe487e2000 rw-p 00000000 00:00 0 
7fbe487e2000-7fbe487e6000 ---p 00000000 00:00 0 
7fbe487e6000-7fbe488e2000 rw-p 00000000 00:00 0 
7fbe488e2000-7fbe488e6000 ---p 00000000 00:00 0 
7fbe488e6000-7fbe489e2000 rw-p 00000000 00:00 0 
7fbe489e2000-7fbe49224000 r--p 00000000 08:02 3809057                    /usr/lib/locale/locale-archive
7fbe49224000-7fbe49228000 ---p 00000000 00:00 0 
7fbe49228000-7fbe49324000 rw-p 00000000 00:00 0 
7fbe49324000-7fbe49328000 ---p 00000000 00:00 0 
7fbe49328000-7fbe49424000 rw-p 00000000 00:00 0 
7fbe49424000-7fbe49425000 ---p 00000000 00:00 0 
7fbe49425000-7fbe4b61d000 rw-p 00000000 00:00 0 
7fbe4b61d000-7fbe4c45d000 ---p 00000000 00:00 0 
7fbe4c45d000-7fbe4c55d000 rw-p 00000000 00:00 0 
7fbe4c55d000-7fbe4d39d000 ---p 00000000 00:00 0 
7fbe4d39d000-7fbe4d3a5000 rw-p 00000000 00:00 0 
7fbe4d3a5000-7fbe4d615000 rwxp 00000000 00:00 0 
7fbe4d615000-7fbe548dd000 ---p 00000000 00:00 0 
7fbe548dd000-7fbe54b4d000 rwxp 00000000 00:00 0 
7fbe54b4d000-7fbe54e6c000 ---p 00000000 00:00 0 
7fbe54e6c000-7fbe550dc000 rwxp 00000000 00:00 0 
7fbe550dc000-7fbe5c3a5000 ---p 00000000 00:00 0 
7fbe5c3a5000-7fbe64000000 r--s 00000000 08:02 3824643                    /usr/lib/jvm/zulu-17-amd64/lib/modules
7fbe64000000-7fbe6411a000 rw-p 00000000 00:00 0 
7fbe6411a000-7fbe68000000 ---p 00000000 00:00 0 
7fbe6806f000-7fbe680a0000 rw-p 00000000 00:00 0 
7fbe680a0000-7fbe6816e000 r-xp 00000000 08:02 3824676                    /usr/lib/jvm/zulu-17-amd64/lib/libjsvml.so
7fbe6816e000-7fbe6816f000 r--p 000cd000 08:02 3824676                    /usr/lib/jvm/zulu-17-amd64/lib/libjsvml.so
7fbe6816f000-7fbe68170000 rw-p 000ce000 08:02 3824676                    /usr/lib/jvm/zulu-17-amd64/lib/libjsvml.so
7fbe68170000-7fbe6828d000 rw-p 00000000 00:00 0 
7fbe68292000-7fbe68299000 r--s 00000000 08:02 4070884                    /usr/lib/x86_64-linux-gnu/gconv/gconv-modules.cache
7fbe68299000-7fbe682ae000 r-xp 00000000 08:02 3824625                    /usr/lib/jvm/zulu-17-amd64/lib/libnet.so
7fbe682ae000-7fbe682af000 r--p 00014000 08:02 3824625                    /usr/lib/jvm/zulu-17-amd64/lib/libnet.so
7fbe682af000-7fbe682b0000 rw-p 00015000 08:02 3824625                    /usr/lib/jvm/zulu-17-amd64/lib/libnet.so
7fbe682b0000-7fbe682c2000 r-xp 00000000 08:02 3824657                    /usr/lib/jvm/zulu-17-amd64/lib/libnio.so
7fbe682c2000-7fbe682c3000 ---p 00012000 08:02 3824657                    /usr/lib/jvm/zulu-17-amd64/lib/libnio.so
7fbe682c3000-7fbe682c4000 r--p 00012000 08:02 3824657                    /usr/lib/jvm/zulu-17-amd64/lib/libnio.so
7fbe682c4000-7fbe682c5000 rw-p 00013000 08:02 3824657                    /usr/lib/jvm/zulu-17-amd64/lib/libnio.so
7fbe682c5000-7fbe682c6000 ---p 00000000 00:00 0 
7fbe682c6000-7fbe683c6000 rw-p 00000000 00:00 0 
7fbe683c6000-7fbe683c7000 ---p 00000000 00:00 0 
7fbe683c7000-7fbe686c9000 rw-p 00000000 00:00 0 
7fbe686c9000-7fbe686ca000 ---p 00000000 00:00 0 
7fbe686ca000-7fbe687ca000 rw-p 00000000 00:00 0 
7fbe687ca000-7fbe687cb000 ---p 00000000 00:00 0 
7fbe687cb000-7fbe688cb000 rw-p 00000000 00:00 0 
7fbe688cb000-7fbe688cc000 ---p 00000000 00:00 0 
7fbe688cc000-7fbe68a0c000 rw-p 00000000 00:00 0 
7fbe68a0c000-7fbe68bd4000 ---p 00000000 00:00 0 
7fbe68bd4000-7fbe68bf4000 rw-p 00000000 00:00 0 
7fbe68bf4000-7fbe68dbc000 ---p 00000000 00:00 0 
7fbe68dbc000-7fbe68ddc000 rw-p 00000000 00:00 0 
7fbe68ddc000-7fbe68fa4000 ---p 00000000 00:00 0 
7fbe68fa4000-7fbe691ac000 rw-p 00000000 00:00 0 
7fbe691ac000-7fbe69292000 ---p 00000000 00:00 0 
7fbe69292000-7fbe69297000 rw-p 00000000 00:00 0 
7fbe69297000-7fbe6937d000 ---p 00000000 00:00 0 
7fbe6937d000-7fbe69382000 rw-p 00000000 00:00 0 
7fbe69382000-7fbe69389000 ---p 00000000 00:00 0 
7fbe69389000-7fbe693ad000 r-xp 00000000 08:02 3824655                    /usr/lib/jvm/zulu-17-amd64/lib/libjava.so
7fbe693ad000-7fbe693ae000 ---p 00024000 08:02 3824655                    /usr/lib/jvm/zulu-17-amd64/lib/libjava.so
7fbe693ae000-7fbe693af000 r--p 00024000 08:02 3824655                    /usr/lib/jvm/zulu-17-amd64/lib/libjava.so
7fbe693af000-7fbe693b0000 rw-p 00025000 08:02 3824655                    /usr/lib/jvm/zulu-17-amd64/lib/libjava.so
7fbe693b0000-7fbe693b1000 rw-p 00000000 00:00 0 
7fbe693b1000-7fbe693cc000 r-xp 00000000 08:02 3824659                    /usr/lib/jvm/zulu-17-amd64/lib/libjimage.so
7fbe693cc000-7fbe693ce000 r--p 0001a000 08:02 3824659                    /usr/lib/jvm/zulu-17-amd64/lib/libjimage.so
7fbe693ce000-7fbe693cf000 rw-p 0001c000 08:02 3824659                    /usr/lib/jvm/zulu-17-amd64/lib/libjimage.so
7fbe693cf000-7fbe693d3000 ---p 00000000 00:00 0 
7fbe693d3000-7fbe694cf000 rw-p 00000000 00:00 0 
7fbe694cf000-7fbe694dd000 r--p 00000000 08:02 3804763                    /usr/lib/x86_64-linux-gnu/libm.so.6
7fbe694dd000-7fbe69559000 r-xp 0000e000 08:02 3804763                    /usr/lib/x86_64-linux-gnu/libm.so.6
7fbe69559000-7fbe695b4000 r--p 0008a000 08:02 3804763                    /usr/lib/x86_64-linux-gnu/libm.so.6
7fbe695b4000-7fbe695b5000 r--p 000e4000 08:02 3804763                    /usr/lib/x86_64-linux-gnu/libm.so.6
7fbe695b5000-7fbe695b6000 rw-p 000e5000 08:02 3804763                    /usr/lib/x86_64-linux-gnu/libm.so.6
7fbe695b6000-7fbe695b7000 r--p 00000000 08:02 3804851                    /usr/lib/x86_64-linux-gnu/librt.so.1
7fbe695b7000-7fbe695b8000 r-xp 00001000 08:02 3804851                    /usr/lib/x86_64-linux-gnu/librt.so.1
7fbe695b8000-7fbe695b9000 r--p 00002000 08:02 3804851                    /usr/lib/x86_64-linux-gnu/librt.so.1
7fbe695b9000-7fbe695ba000 r--p 00002000 08:02 3804851                    /usr/lib/x86_64-linux-gnu/librt.so.1
7fbe695ba000-7fbe695bb000 rw-p 00003000 08:02 3804851                    /usr/lib/x86_64-linux-gnu/librt.so.1
7fbe695bb000-7fbe6a7cc000 r-xp 00000000 08:02 3824636                    /usr/lib/jvm/zulu-17-amd64/lib/server/libjvm.so
7fbe6a7cc000-7fbe6a7cd000 ---p 01211000 08:02 3824636                    /usr/lib/jvm/zulu-17-amd64/lib/server/libjvm.so
7fbe6a7cd000-7fbe6a886000 r--p 01211000 08:02 3824636                    /usr/lib/jvm/zulu-17-amd64/lib/server/libjvm.so
7fbe6a886000-7fbe6a8bb000 rw-p 012ca000 08:02 3824636                    /usr/lib/jvm/zulu-17-amd64/lib/server/libjvm.so
7fbe6a8bb000-7fbe6a91a000 rw-p 00000000 00:00 0 
7fbe6a91a000-7fbe6a942000 r--p 00000000 08:02 3804750                    /usr/lib/x86_64-linux-gnu/libc.so.6
7fbe6a942000-7fbe6aad7000 r-xp 00028000 08:02 3804750                    /usr/lib/x86_64-linux-gnu/libc.so.6
7fbe6aad7000-7fbe6ab2f000 r--p 001bd000 08:02 3804750                    /usr/lib/x86_64-linux-gnu/libc.so.6
7fbe6ab2f000-7fbe6ab30000 ---p 00215000 08:02 3804750                    /usr/lib/x86_64-linux-gnu/libc.so.6
7fbe6ab30000-7fbe6ab34000 r--p 00215000 08:02 3804750                    /usr/lib/x86_64-linux-gnu/libc.so.6
7fbe6ab34000-7fbe6ab36000 rw-p 00219000 08:02 3804750                    /usr/lib/x86_64-linux-gnu/libc.so.6
7fbe6ab36000-7fbe6ab43000 rw-p 00000000 00:00 0 
7fbe6ab43000-7fbe6ab44000 r--p 00000000 08:02 3804759                    /usr/lib/x86_64-linux-gnu/libdl.so.2
7fbe6ab44000-7fbe6ab45000 r-xp 00001000 08:02 3804759                    /usr/lib/x86_64-linux-gnu/libdl.so.2
7fbe6ab45000-7fbe6ab46000 r--p 00002000 08:02 3804759                    /usr/lib/x86_64-linux-gnu/libdl.so.2
7fbe6ab46000-7fbe6ab47000 r--p 00002000 08:02 3804759                    /usr/lib/x86_64-linux-gnu/libdl.so.2
7fbe6ab47000-7fbe6ab48000 rw-p 00003000 08:02 3804759                    /usr/lib/x86_64-linux-gnu/libdl.so.2
7fbe6ab48000-7fbe6ab49000 r--p 00000000 08:02 3804833                    /usr/lib/x86_64-linux-gnu/libpthread.so.0
7fbe6ab49000-7fbe6ab4a000 r-xp 00001000 08:02 3804833                    /usr/lib/x86_64-linux-gnu/libpthread.so.0
7fbe6ab4a000-7fbe6ab4b000 r--p 00002000 08:02 3804833                    /usr/lib/x86_64-linux-gnu/libpthread.so.0
7fbe6ab4b000-7fbe6ab4c000 r--p 00002000 08:02 3804833                    /usr/lib/x86_64-linux-gnu/libpthread.so.0
7fbe6ab4c000-7fbe6ab4d000 rw-p 00003000 08:02 3804833                    /usr/lib/x86_64-linux-gnu/libpthread.so.0
7fbe6ab4d000-7fbe6ab5c000 r-xp 00000000 08:02 3824621                    /usr/lib/jvm/zulu-17-amd64/lib/libjli.so
7fbe6ab5c000-7fbe6ab5d000 r--p 0000e000 08:02 3824621                    /usr/lib/jvm/zulu-17-amd64/lib/libjli.so
7fbe6ab5d000-7fbe6ab5e000 rw-p 0000f000 08:02 3824621                    /usr/lib/jvm/zulu-17-amd64/lib/libjli.so
7fbe6ab5e000-7fbe6ab60000 r--p 00000000 08:02 3811012                    /usr/lib/x86_64-linux-gnu/libz.so.1.2.11
7fbe6ab60000-7fbe6ab71000 r-xp 00002000 08:02 3811012                    /usr/lib/x86_64-linux-gnu/libz.so.1.2.11
7fbe6ab71000-7fbe6ab77000 r--p 00013000 08:02 3811012                    /usr/lib/x86_64-linux-gnu/libz.so.1.2.11
7fbe6ab77000-7fbe6ab78000 ---p 00019000 08:02 3811012                    /usr/lib/x86_64-linux-gnu/libz.so.1.2.11
7fbe6ab78000-7fbe6ab79000 r--p 00019000 08:02 3811012                    /usr/lib/x86_64-linux-gnu/libz.so.1.2.11
7fbe6ab79000-7fbe6ab7a000 rw-p 0001a000 08:02 3811012                    /usr/lib/x86_64-linux-gnu/libz.so.1.2.11
7fbe6ab7c000-7fbe6ab7d000 rw-s 00000000 00:1a 618                        /dev/shm/sem.JjIZrm (deleted)
7fbe6ab7d000-7fbe6ab7e000 r--p 00000000 08:02 3408180                    /home/iulian/Projects/Eclipse-Workspace/ipc/lib/semaphore.so
7fbe6ab7e000-7fbe6ab7f000 r-xp 00001000 08:02 3408180                    /home/iulian/Projects/Eclipse-Workspace/ipc/lib/semaphore.so
7fbe6ab7f000-7fbe6ab80000 r--p 00002000 08:02 3408180                    /home/iulian/Projects/Eclipse-Workspace/ipc/lib/semaphore.so
7fbe6ab80000-7fbe6ab81000 r--p 00002000 08:02 3408180                    /home/iulian/Projects/Eclipse-Workspace/ipc/lib/semaphore.so
7fbe6ab81000-7fbe6ab82000 rw-p 00003000 08:02 3408180                    /home/iulian/Projects/Eclipse-Workspace/ipc/lib/semaphore.so
7fbe6ab82000-7fbe6ab8a000 rw-s 00000000 08:02 3670051                    /tmp/hsperfdata_iulian/9097
7fbe6ab8a000-7fbe6ab8b000 ---p 00000000 00:00 0 
7fbe6ab8b000-7fbe6ab8c000 r--p 00000000 00:00 0 
7fbe6ab8c000-7fbe6ab8e000 rw-p 00000000 00:00 0 
7fbe6ab8e000-7fbe6ab90000 r--p 00000000 08:02 3804741                    /usr/lib/x86_64-linux-gnu/ld-linux-x86-64.so.2
7fbe6ab90000-7fbe6abba000 r-xp 00002000 08:02 3804741                    /usr/lib/x86_64-linux-gnu/ld-linux-x86-64.so.2
7fbe6abba000-7fbe6abc5000 r--p 0002c000 08:02 3804741                    /usr/lib/x86_64-linux-gnu/ld-linux-x86-64.so.2
7fbe6abc5000-7fbe6abc6000 ---p 00000000 00:00 0 
7fbe6abc6000-7fbe6abc8000 r--p 00037000 08:02 3804741                    /usr/lib/x86_64-linux-gnu/ld-linux-x86-64.so.2
7fbe6abc8000-7fbe6abca000 rw-p 00039000 08:02 3804741                    /usr/lib/x86_64-linux-gnu/ld-linux-x86-64.so.2
7fff73c98000-7fff73cb9000 rw-p 00000000 00:00 0                          [stack]
7fff73d16000-7fff73d1a000 r--p 00000000 00:00 0                          [vvar]
7fff73d1a000-7fff73d1c000 r-xp 00000000 00:00 0                          [vdso]
ffffffffff600000-ffffffffff601000 --xp 00000000 00:00 0                  [vsyscall]


VM Arguments:
jvm_args: -Dfile.encoding=UTF-8 -Dstdout.encoding=UTF-8 -Dstderr.encoding=UTF-8 -XX:+ShowCodeDetailsInExceptionMessages 
java_command: ipc.semaphore.Worker
java_class_path (initial): /home/iulian/Projects/Eclipse-Workspace/ipc/bin
Launcher Type: SUN_STANDARD

[Global flags]
     intx CICompilerCount                          = 2                                         {product} {ergonomic}
     uint ConcGCThreads                            = 1                                         {product} {ergonomic}
     uint G1ConcRefinementThreads                  = 2                                         {product} {ergonomic}
   size_t G1HeapRegionSize                         = 1048576                                   {product} {ergonomic}
    uintx GCDrainStackTargetSize                   = 64                                        {product} {ergonomic}
   size_t InitialHeapSize                          = 65011712                                  {product} {ergonomic}
   size_t MarkStackSize                            = 4194304                                   {product} {ergonomic}
   size_t MaxHeapSize                              = 1023410176                                {product} {ergonomic}
   size_t MaxNewSize                               = 613416960                                 {product} {ergonomic}
   size_t MinHeapDeltaBytes                        = 1048576                                   {product} {ergonomic}
   size_t MinHeapSize                              = 8388608                                   {product} {ergonomic}
    uintx NonNMethodCodeHeapSize                   = 5826188                                {pd product} {ergonomic}
    uintx NonProfiledCodeHeapSize                  = 122916026                              {pd product} {ergonomic}
    uintx ProfiledCodeHeapSize                     = 122916026                              {pd product} {ergonomic}
    uintx ReservedCodeCacheSize                    = 251658240                              {pd product} {ergonomic}
     bool SegmentedCodeCache                       = true                                      {product} {ergonomic}
     bool ShowCodeDetailsInExceptionMessages       = true                                   {manageable} {command line}
   size_t SoftMaxHeapSize                          = 1023410176                             {manageable} {ergonomic}
     bool UseCompressedClassPointers               = true                           {product lp64_product} {ergonomic}
     bool UseCompressedOops                        = true                           {product lp64_product} {ergonomic}
     bool UseG1GC                                  = true                                      {product} {ergonomic}

Logging:
Log output configuration:
 #0: stdout all=warning uptime,level,tags
 #1: stderr all=off uptime,level,tags

Environment Variables:
PATH=/usr/local/sbin:/usr/local/bin:/usr/sbin:/usr/bin:/sbin:/bin:/usr/games:/usr/local/games:/snap/bin:/home/iulian/.dotnet/tools
SHELL=/bin/bash
DISPLAY=:0
LANG=en_US.UTF-8
LC_NUMERIC=ro_RO.UTF-8

Active Locale:
LC_ALL=LC_CTYPE=en_US.UTF-8;LC_NUMERIC=ro_RO.UTF-8;LC_TIME=en_US.UTF-8;LC_COLLATE=en_US.UTF-8;LC_MONETARY=ro_RO.UTF-8;LC_MESSAGES=en_US.UTF-8;LC_PAPER=ro_RO.UTF-8;LC_NAME=ro_RO.UTF-8;LC_ADDRESS=ro_RO.UTF-8;LC_TELEPHONE=ro_RO.UTF-8;LC_MEASUREMENT=ro_RO.UTF-8;LC_IDENTIFICATION=ro_RO.UTF-8
LC_COLLATE=en_US.UTF-8
LC_CTYPE=en_US.UTF-8
LC_MESSAGES=en_US.UTF-8
LC_MONETARY=ro_RO.UTF-8
LC_NUMERIC=ro_RO.UTF-8
LC_TIME=en_US.UTF-8

Signal Handlers:
   SIGSEGV: crash_handler in libjvm.so, mask=11100100010111111101111111111110, flags=SA_RESTART|SA_SIGINFO, unblocked
    SIGBUS: crash_handler in libjvm.so, mask=11100100010111111101111111111110, flags=SA_RESTART|SA_SIGINFO, unblocked
    SIGFPE: crash_handler in libjvm.so, mask=11100100010111111101111111111110, flags=SA_RESTART|SA_SIGINFO, unblocked
   SIGPIPE: javaSignalHandler in libjvm.so, mask=11100100010111111101111111111110, flags=SA_RESTART|SA_SIGINFO, blocked
   SIGXFSZ: javaSignalHandler in libjvm.so, mask=11100100010111111101111111111110, flags=SA_RESTART|SA_SIGINFO, blocked
    SIGILL: crash_handler in libjvm.so, mask=11100100010111111101111111111110, flags=SA_RESTART|SA_SIGINFO, unblocked
   SIGUSR2: SR_handler in libjvm.so, mask=00100000000000000000000000000000, flags=SA_RESTART|SA_SIGINFO, blocked
    SIGHUP: UserHandler in libjvm.so, mask=11100100010111111101111111111110, flags=SA_RESTART|SA_SIGINFO, blocked
    SIGINT: UserHandler in libjvm.so, mask=11100100010111111101111111111110, flags=SA_RESTART|SA_SIGINFO, blocked
   SIGTERM: UserHandler in libjvm.so, mask=11100100010111111101111111111110, flags=SA_RESTART|SA_SIGINFO, blocked
   SIGQUIT: UserHandler in libjvm.so, mask=11100100010111111101111111111110, flags=SA_RESTART|SA_SIGINFO, blocked
   SIGTRAP: crash_handler in libjvm.so, mask=11100100010111111101111111111110, flags=SA_RESTART|SA_SIGINFO, unblocked


Periodic native trim disabled


---------------  S Y S T E M  ---------------

OS:
DISTRIB_ID=LinuxMint
DISTRIB_RELEASE=21.3
DISTRIB_CODENAME=virginia
DISTRIB_DESCRIPTION="Linux Mint 21.3 Virginia"
uname: Linux 5.15.0-97-generic #107-Ubuntu SMP Wed Feb 7 13:26:48 UTC 2024 x86_64
OS uptime: 0 days 8:02 hours
libc: glibc 2.35 NPTL 2.35 
rlimit (soft/hard): STACK 8192k/infinity , CORE 0k/infinity , NPROC 15066/15066 , NOFILE 1048576/1048576 , AS infinity/infinity , CPU infinity/infinity , DATA infinity/infinity , FSIZE infinity/infinity , MEMLOCK 498700k/498700k
load average: 1,00 0,56 0,37

/proc/meminfo:
MemTotal:        3989600 kB
MemFree:          338412 kB
MemAvailable:    1235816 kB
Buffers:          108356 kB
Cached:          1006176 kB
SwapCached:         3836 kB
Active:           811640 kB
Inactive:        2571024 kB
Active(anon):      62856 kB
Inactive(anon):  2258620 kB
Active(file):     748784 kB
Inactive(file):   312404 kB
Unevictable:         160 kB
Mlocked:             160 kB
SwapTotal:       2097148 kB
SwapFree:        1967356 kB
Dirty:               400 kB
Writeback:             0 kB
AnonPages:       2265012 kB
Mapped:           338176 kB
Shmem:             53344 kB
KReclaimable:      77552 kB
Slab:             137384 kB
SReclaimable:      77552 kB
SUnreclaim:        59832 kB
KernelStack:       10880 kB
PageTables:        27864 kB
NFS_Unstable:          0 kB
Bounce:                0 kB
WritebackTmp:          0 kB
CommitLimit:     4091948 kB
Committed_AS:    6507576 kB
VmallocTotal:   34359738367 kB
VmallocUsed:       51348 kB
VmallocChunk:          0 kB
Percpu:             1368 kB
HardwareCorrupted:     0 kB
AnonHugePages:         0 kB
ShmemHugePages:        0 kB
ShmemPmdMapped:        0 kB
FileHugePages:         0 kB
FilePmdMapped:         0 kB
HugePages_Total:       0
HugePages_Free:        0
HugePages_Rsvd:        0
HugePages_Surp:        0
Hugepagesize:       2048 kB
Hugetlb:               0 kB
DirectMap4k:      245832 kB
DirectMap2M:     3932160 kB

/sys/kernel/mm/transparent_hugepage/enabled: always [madvise] never
/sys/kernel/mm/transparent_hugepage/defrag (defrag/compaction efforts parameter): always defer defer+madvise [madvise] never

Process Memory:
Virtual Size: 3619672K (peak: 3619672K)
Resident Set Size: 41428K (peak: 41428K) (anon: 21072K, file: 20356K, shmem: 0K)
Swapped out: 0K
C-Heap outstanding allocations: 11615K, retained: 1692K
glibc malloc tunables: (default)

/proc/sys/kernel/threads-max (system-wide limit on the number of threads): 30132
/proc/sys/vm/max_map_count (maximum number of memory map areas a process may have): 65530
/proc/sys/kernel/pid_max (system-wide limit on number of process identifiers): 4194304

container (cgroup) information:
container_type: cgroupv2
cpu_cpuset_cpus: not supported
cpu_memory_nodes: not supported
active_processor_count: 2
cpu_quota: not supported
cpu_period: not supported
cpu_shares: not supported
memory_limit_in_bytes: unlimited
memory_and_swap_limit_in_bytes: unlimited
memory_soft_limit_in_bytes: unlimited
memory_usage_in_bytes: 2802328 k
memory_max_usage_in_bytes: not supported
memory_swap_current_in_bytes: 107840 k
memory_swap_max_limit_in_bytes: unlimited
maximum number of tasks: unlimited
current number of tasks: 402

KVM virtualization detected
Steal ticks since vm start: 0
Steal ticks percentage since vm start:  0,000

CPU: total 2 (initial active 2) (2 cores per cpu, 1 threads per core) family 6 model 165 stepping 2 microcode 0xffffffff, cx8, cmov, fxsr, mmx, 3dnowpref, sse, sse2, sse3, ssse3, sse4.1, sse4.2, popcnt, lzcnt, tsc, tscinvbit, aes, clmul, bmi1, bmi2, clflush, clflushopt, hv
CPU Model and flags from /proc/cpuinfo:
model name	: Intel(R) Core(TM) i7-10850H CPU @ 2.70GHz
flags		: fpu vme de pse tsc msr pae mce cx8 apic sep mtrr pge mca cmov pat pse36 clflush mmx fxsr sse sse2 ht syscall nx rdtscp lm constant_tsc rep_good nopl xtopology nonstop_tsc cpuid tsc_known_freq pni pclmulqdq ssse3 cx16 pcid sse4_1 sse4_2 movbe popcnt aes rdrand hypervisor lahf_lm abm 3dnowprefetch invpcid_single ibrs_enhanced fsgsbase bmi1 bmi2 invpcid rdseed clflushopt arat md_clear flush_l1d arch_capabilities

Online cpus: 0-1
Offline cpus: 
BIOS frequency limitation: <Not Available>
Frequency switch latency (ns): <Not Available>
Available cpu frequencies: <Not Available>
Current governor: <Not Available>
Core performance/turbo boost: <Not Available>

Memory: 4k page, physical 3989600k(338412k free), swap 2097148k(1967356k free)
Page Sizes: 4k

vm_info: OpenJDK 64-Bit Server VM (17.0.10+7-LTS) for linux-amd64 JRE (17.0.10+7-LTS) (Zulu17.48+15-CA), built on Jan  5 2024 14:08:22 by "zulu_re" with gcc 8.3.0

END.
