#
# A fatal error has been detected by the Java Runtime Environment:
#
#  SIGSEGV (0xb) at pc=0x00007f3b3bf71548, pid=6617, tid=6619
#
# JRE version: OpenJDK Runtime Environment Zulu17.48+15-CA (17.0.10+7) (build 17.0.10+7-LTS)
# Java VM: OpenJDK 64-Bit Server VM Zulu17.48+15-CA (17.0.10+7-LTS, mixed mode, sharing, tiered, compressed oops, compressed class ptrs, g1 gc, linux-amd64)
# Problematic frame:
# C  [libjava.so+0xf548]  Java_java_lang_Object_getClass+0x8
#
# Core dump will be written. Default location: Core dumps may be processed with "/lib/systemd/systemd-coredump %P %u %g %s %t 9223372036854775808 %h" (or dumping to /home/iulian/Projects/Eclipse-Workspace/ipc/core.6617)
#
# If you would like to submit a bug report, please visit:
#   http://www.azul.com/support/
# The crash happened outside the Java Virtual Machine in native code.
# See problematic frame for where to report the bug.
#

---------------  S U M M A R Y ------------

Command Line: -Dfile.encoding=UTF-8 -Dstdout.encoding=UTF-8 -Dstderr.encoding=UTF-8 -XX:+ShowCodeDetailsInExceptionMessages ipc.semaphore.Worker

Host: Intel(R) Core(TM) i7-10850H CPU @ 2.70GHz, 2 cores, 3G, Linux Mint 21.3 Virginia
Time: Wed Feb 28 16:38:09 2024 EET elapsed time: 19.114032 seconds (0d 0h 0m 19s)

---------------  T H R E A D  ---------------

Current thread (0x00007f3b34025c20):  JavaThread "main" [_thread_in_native, id=6619, stack(0x00007f3b3bfa8000,0x00007f3b3c0a8000)]

Stack: [0x00007f3b3bfa8000,0x00007f3b3c0a8000],  sp=0x00007f3b3c0a67f8,  free space=1017k
Native frames: (J=compiled Java code, j=interpreted, Vv=VM code, C=native code)
C  [libjava.so+0xf548]  Java_java_lang_Object_getClass+0x8
j  java.io.PrintStream.println(Ljava/lang/String;)V+1 java.base@17.0.10
j  ipc.semaphore.Worker.main([Ljava/lang/String;)V+224
v  ~StubRoutines::call_stub
V  [libjvm.so+0x81c782]  JavaCalls::call_helper(JavaValue*, methodHandle const&, JavaCallArguments*, JavaThread*)+0x312
V  [libjvm.so+0x8aa5a1]  jni_invoke_static(JNIEnv_*, JavaValue*, _jobject*, JNICallType, _jmethodID*, JNI_ArgumentPusher*, JavaThread*) [clone .isra.186] [clone .constprop.443]+0x351
V  [libjvm.so+0x8ace95]  jni_CallStaticVoidMethod+0x145
C  [libjli.so+0x4809]  JavaMain+0xd19
C  [libjli.so+0x84e9]  ThreadJavaMain+0x9

Java frames: (J=compiled Java code, j=interpreted, Vv=VM code)
j  java.lang.Object.getClass()Ljava/lang/Class;+0 java.base@17.0.10
j  java.io.PrintStream.println(Ljava/lang/String;)V+1 java.base@17.0.10
j  ipc.semaphore.Worker.main([Ljava/lang/String;)V+224
v  ~StubRoutines::call_stub

siginfo: si_signo: 11 (SIGSEGV), si_code: 128 (SI_KERNEL), si_addr: 0x0000000000000000

Registers:
RAX=0x00007f3b3d46551f, RBX=0x00007f3abf46c010, RCX=0x00000000000000aa, RDX=0x00007f3abf46c260
RSP=0x00007f3b3c0a67f8, RBP=0x00007f3b3c0a6850, RSI=0x00007f3b3c0a6870, RDI=0x00007f3b34025ed8
R8 =0x00007f3b044008f8, R9 =0x0000000000000002, R10=0x00007f3b248ea319, R11=0x0000000000000111
R12=0x0000000000000000, R13=0x00007f3abfb73cd8, R14=0x00007f3b3c0a6870, R15=0x00007f3b34025c20
RIP=0x00007f3b3bf71548, EFLAGS=0x0000000000010202, CSGSFS=0x002b000000000033, ERR=0x0000000000000000
  TRAPNO=0x000000000000000d


Register to memory mapping:

RAX=0x00007f3b3d46551f: <offset 0x00000000012d151f> in /usr/lib/jvm/zulu-17-amd64/lib/server/libjvm.so at 0x00007f3b3c194000
RBX={method} {0x00007f3abf46c010} 'getClass' '()Ljava/lang/Class;' in 'java/lang/Object'
RCX=0x00000000000000aa is an unknown value
RDX=0x00007f3abf46c260 is pointing into metadata
RSP=0x00007f3b3c0a67f8 is pointing into the stack for thread: 0x00007f3b34025c20
RBP=0x00007f3b3c0a6850 is pointing into the stack for thread: 0x00007f3b34025c20
RSI=0x00007f3b3c0a6870 is pointing into the stack for thread: 0x00007f3b34025c20
RDI=0x00007f3b34025ed8 points into unknown readable memory: 0x00007f3b3d46551f | 1f 55 46 3d 3b 7f 00 00
R8 ={method} {0x00007f3b044008f8} 'main' '([Ljava/lang/String;)V' in 'ipc/semaphore/Worker'
R9 =0x0000000000000002 is an unknown value
R10=0x00007f3b248ea319 is at code_begin+825 in an Interpreter codelet
method entry point (kind = native)  [0x00007f3b248e9fe0, 0x00007f3b248ea820]  2112 bytes
R11=0x0000000000000111 is an unknown value
R12=0x0 is NULL
R13=0x00007f3abfb73cd8 is pointing into metadata
R14=0x00007f3b3c0a6870 is pointing into the stack for thread: 0x00007f3b34025c20
R15=0x00007f3b34025c20 is a thread


Top of Stack: (sp=0x00007f3b3c0a67f8)
0x00007f3b3c0a67f8:   00007f3b248ea345 00007f3b3c0a6840
0x00007f3b3c0a6808:   00007f3b3c0a6808 0000000000000000
0x00007f3b3c0a6818:   00007f3b3c0a6870 00007f3abf46c260
0x00007f3b3c0a6828:   0000000000000000 00000000ffe008c8
0x00007f3b3c0a6838:   00007f3abf46c010 0000000000000000
0x00007f3b3c0a6848:   00007f3b3c0a6870 00007f3b3c0a68c0
0x00007f3b3c0a6858:   00007f3b248e6397 0000000000000000
0x00007f3b3c0a6868:   00007f3b248e7f1b 00000000c6d07e30
0x00007f3b3c0a6878:   00007f3b3c0a6878 00007f3abfb1e7f1
0x00007f3b3c0a6888:   00007f3b3c0a68e8 00007f3abf431090
0x00007f3b3c0a6898:   0000000000000000 00000000ffe0b750
0x00007f3b3c0a68a8:   00007f3abf015300 00007f3b3c0a6870
0x00007f3b3c0a68b8:   00007f3b3c0a68e0 00007f3b3c0a6938
0x00007f3b3c0a68c8:   00007f3b248e623e 0000000000000000
0x00007f3b3c0a68d8:   0000000000000000 00000000c6db2518
0x00007f3b3c0a68e8:   00000000c6d07e30 00007f3b3c0a68f0
0x00007f3b3c0a68f8:   00007f3b044007c8 00007f3b3c0a6988
0x00007f3b3c0a6908:   00007f3b044009a8 0000000000000000
0x00007f3b3c0a6918:   00000000c6d19a68 00007f3b044008f8
0x00007f3b3c0a6928:   00007f3b3c0a68e0 00007f3b3c0a6988
0x00007f3b3c0a6938:   00007f3b3c0a69f0 00007f3b248ddcc7
0x00007f3b3c0a6948:   0000000000000000 00000000c6db23e0
0x00007f3b3c0a6958:   00000000c6db23e0 00000000c6d67a68
0x00007f3b3c0a6968:   0000000000000000 0000000000000000
0x00007f3b3c0a6978:   00007f3b3d755000 0000000000000000
0x00007f3b3c0a6988:   00000000c6d1a130 0000000000001fa0
0x00007f3b3c0a6998:   000000000000000e 00007f3b3c0a6c58
0x00007f3b3c0a69a8:   00007f3b3c0a6b80 00007f3b34025c20
0x00007f3b3c0a69b8:   00007f3b3c0a6b10 00007f3b3c0a6a80
0x00007f3b3c0a69c8:   00007f3b3c0a6c58 000000000000000a
0x00007f3b3c0a69d8:   00007f3b044008f8 00007f3b248e93a0
0x00007f3b3c0a69e8:   00007f3b3c0a6b88 00007f3b3c0a6af0 

Instructions: (pc=0x00007f3b3bf71548)
0x00007f3b3bf71448:   83 c2 04 8d 81 ff fe fe fe f7 d1 21 c8 25 80 80
0x00007f3b3bf71458:   80 80 74 e9 89 c1 4c 89 e7 c1 e9 10 a9 80 80 00
0x00007f3b3bf71468:   00 0f 44 c1 48 8d 4a 02 48 0f 44 d1 b9 01 00 00
0x00007f3b3bf71478:   00 89 c6 40 00 c6 48 8b 35 e3 79 01 00 48 83 da
0x00007f3b3bf71488:   03 c6 42 fd 00 4c 89 ea e8 0b f9 ff ff 48 89 c3
0x00007f3b3bf71498:   48 85 c0 74 23 4c 89 e7 4c 89 ee e8 78 d8 ff ff
0x00007f3b3bf714a8:   4c 89 ef 48 89 c3 e8 dd d2 ff ff 48 89 d8 5b 41
0x00007f3b3bf714b8:   5c 41 5d 41 5e 5d c3 90 4c 89 ef e8 c8 d2 ff ff
0x00007f3b3bf714c8:   48 89 d8 5b 41 5c 41 5d 41 5e 5d c3 0f 1f 40 00
0x00007f3b3bf714d8:   48 89 da 4c 89 f6 4c 89 e7 31 db e8 e8 d7 ff ff
0x00007f3b3bf714e8:   48 89 d8 5b 41 5c 41 5d 41 5e 5d c3 0f 1f 40 00
0x00007f3b3bf714f8:   48 8d 35 41 fd 00 00 31 db e8 2a d8 ff ff eb ab
0x00007f3b3bf71508:   0f 1f 84 00 00 00 00 00 48 89 da 4c 89 f6 4c 89
0x00007f3b3bf71518:   e7 31 db e8 b0 d7 ff ff 31 f6 4c 89 e7 e8 96 d2
0x00007f3b3bf71528:   ff ff eb 87 0f 1f 40 00 e9 0b d8 ff ff 66 66 2e
0x00007f3b3bf71538:   0f 1f 84 00 00 00 00 00 48 85 f6 74 0b 48 8b 07
0x00007f3b3bf71548:   ff a0 f8 00 00 00 66 90 55 31 f6 48 89 e5 e8 75
0x00007f3b3bf71558:   d2 ff ff 31 c0 5d c3 90 55 48 8d 35 2b f1 00 00
0x00007f3b3bf71568:   48 89 e5 53 48 89 fb 48 83 ec 08 48 8b 07 ff 50
0x00007f3b3bf71578:   30 48 85 c0 74 16 48 8b 13 48 89 c6 48 89 df ff
0x00007f3b3bf71588:   92 a8 00 00 00 48 89 05 ec 78 01 00 48 83 c4 08
0x00007f3b3bf71598:   5b 5d c3 0f 1f 44 00 00 55 48 8d 0d 07 f1 00 00
0x00007f3b3bf715a8:   48 89 e5 41 55 41 54 49 89 d4 48 8d 15 fa f0 00
0x00007f3b3bf715b8:   00 53 4c 89 e6 48 89 fb 48 83 ec 08 48 8b 07 ff
0x00007f3b3bf715c8:   90 88 03 00 00 48 85 c0 0f 84 aa 00 00 00 49 89
0x00007f3b3bf715d8:   c5 48 8b 03 4c 89 e6 48 89 df ff 50 50 48 85 c0
0x00007f3b3bf715e8:   74 7c 4c 8b 03 48 8d 0d bb f0 00 00 48 89 c6 48
0x00007f3b3bf715f8:   89 df 48 8d 15 b2 f0 00 00 41 ff 90 88 03 00 00
0x00007f3b3bf71608:   49 39 c5 41 0f 95 c4 48 85 c0 74 14 48 83 c4 08
0x00007f3b3bf71618:   44 89 e0 5b 41 5c 41 5d 5d c3 66 0f 1f 44 00 00
0x00007f3b3bf71628:   48 8b 03 48 89 df ff 50 78 48 89 df 49 89 c4 48
0x00007f3b3bf71638:   8b 03 ff 90 88 00 00 00 48 8b 03 4c 89 e6 48 89 


Stack slot to memory mapping:
stack at sp + 0 slots: 0x00007f3b248ea345 is at code_begin+869 in an Interpreter codelet
method entry point (kind = native)  [0x00007f3b248e9fe0, 0x00007f3b248ea820]  2112 bytes
stack at sp + 1 slots: 0x00007f3b3c0a6840 is pointing into the stack for thread: 0x00007f3b34025c20
stack at sp + 2 slots: 0x00007f3b3c0a6808 is pointing into the stack for thread: 0x00007f3b34025c20
stack at sp + 3 slots: 0x0 is NULL
stack at sp + 4 slots: 0x00007f3b3c0a6870 is pointing into the stack for thread: 0x00007f3b34025c20
stack at sp + 5 slots: 0x00007f3abf46c260 is pointing into metadata
stack at sp + 6 slots: 0x0 is NULL
stack at sp + 7 slots: 0x00000000ffe008c8 is an oop: java.lang.Class 
{0x00000000ffe008c8} - klass: 'java/lang/Class'
 - ---- fields (total size 14 words):
 - private volatile transient 'classRedefinedCount' 'I' @12  0
 - private volatile transient 'cachedConstructor' 'Ljava/lang/reflect/Constructor;' @40  NULL (0)
 - private transient 'name' 'Ljava/lang/String;' @44  "java.lang.Object"{0x00000000c6d19b78} (c6d19b78)
 - private transient 'module' 'Ljava/lang/Module;' @48  a 'java/lang/Module'{0x00000000ffe560e0} (ffe560e0)
 - private final 'classLoader' 'Ljava/lang/ClassLoader;' @52  NULL (0)
 - private transient 'classData' 'Ljava/lang/Object;' @56  NULL (0)
 - private transient 'packageName' 'Ljava/lang/String;' @60  NULL (0)
 - private final 'componentType' 'Ljava/lang/Class;' @64  NULL (0)
 - private volatile transient 'reflectionData' 'Ljava/lang/ref/SoftReference;' @68  NULL (0)
 - private volatile transient 'genericInfo' 'Lsun/reflect/generics/repository/ClassRepository;' @72  NULL (0)
 - private volatile transient 'enumConstants' '[Ljava/lang/Object;' @76  NULL (0)
 - private volatile transient 'enumConstantDirectory' 'Ljava/util/Map;' @80  NULL (0)
 - private volatile transient 'annotationData' 'Ljava/lang/Class$AnnotationData;' @84  NULL (0)
 - private volatile transient 'annotationType' 'Lsun/reflect/annotation/AnnotationType;' @88  NULL (0)
 - transient 'classValueMap' 'Ljava/lang/ClassValue$ClassValueMap;' @92  NULL (0)
 - signature: Ljava/lang/Object;
 - fake entry for mirror: 'java/lang/Object'
 - fake entry for array: 'java/lang/Object'[]
 - fake entry for oop_size: 14
 - fake entry for static_oop_field_count: 0


---------------  P R O C E S S  ---------------

Threads class SMR info:
_java_thread_list=0x00007f3b340e4180, length=11, elements={
0x00007f3b34025c20, 0x00007f3b340c9fe0, 0x00007f3b340cb3d0, 0x00007f3b340d1a80,
0x00007f3b340d2e40, 0x00007f3b340d4260, 0x00007f3b340d5c20, 0x00007f3b340d7160,
0x00007f3b340d85e0, 0x00007f3b340df930, 0x00007f3b340e31e0
}

Java Threads: ( => current thread )
=>0x00007f3b34025c20 JavaThread "main" [_thread_in_native, id=6619, stack(0x00007f3b3bfa8000,0x00007f3b3c0a8000)]
  0x00007f3b340c9fe0 JavaThread "Reference Handler" daemon [_thread_blocked, id=6630, stack(0x00007f3b38bf8000,0x00007f3b38cf8000)]
  0x00007f3b340cb3d0 JavaThread "Finalizer" daemon [_thread_blocked, id=6631, stack(0x00007f3b38af8000,0x00007f3b38bf8000)]
  0x00007f3b340d1a80 JavaThread "Signal Dispatcher" daemon [_thread_blocked, id=6632, stack(0x00007f3b381b6000,0x00007f3b382b6000)]
  0x00007f3b340d2e40 JavaThread "Service Thread" daemon [_thread_blocked, id=6633, stack(0x00007f3b380b6000,0x00007f3b381b6000)]
  0x00007f3b340d4260 JavaThread "Monitor Deflation Thread" daemon [_thread_blocked, id=6634, stack(0x00007f3b1d2a5000,0x00007f3b1d3a5000)]
  0x00007f3b340d5c20 JavaThread "C2 CompilerThread0" daemon [_thread_blocked, id=6635, stack(0x00007f3b1d1a5000,0x00007f3b1d2a5000)]
  0x00007f3b340d7160 JavaThread "C1 CompilerThread0" daemon [_thread_blocked, id=6636, stack(0x00007f3b1d0a5000,0x00007f3b1d1a5000)]
  0x00007f3b340d85e0 JavaThread "Sweeper thread" daemon [_thread_blocked, id=6637, stack(0x00007f3b1cfa5000,0x00007f3b1d0a5000)]
  0x00007f3b340df930 JavaThread "Notification Thread" daemon [_thread_blocked, id=6638, stack(0x00007f3b1cea5000,0x00007f3b1cfa5000)]
  0x00007f3b340e31e0 JavaThread "Common-Cleaner" daemon [_thread_blocked, id=6640, stack(0x00007f3b1cca4000,0x00007f3b1cda4000)]

Other Threads:
  0x00007f3b340c60c0 VMThread "VM Thread" [stack: 0x00007f3b38cf9000,0x00007f3b38df9000] [id=6629]
  0x00007f3b340e1280 WatcherThread [stack: 0x00007f3b1cda5000,0x00007f3b1cea5000] [id=6639]
  0x00007f3b340619b0 GCTaskThread "GC Thread#0" [stack: 0x00007f3b39625000,0x00007f3b39725000] [id=6622]
  0x00007f3b3406a990 ConcurrentGCThread "G1 Main Marker" [stack: 0x00007f3b39524000,0x00007f3b39624000] [id=6623]
  0x00007f3b3406b910 ConcurrentGCThread "G1 Conc#0" [stack: 0x00007f3b39423000,0x00007f3b39523000] [id=6624]
  0x00007f3b3409e400 ConcurrentGCThread "G1 Refine#0" [stack: 0x00007f3b39120000,0x00007f3b39220000] [id=6627]
  0x00007f3b3409f300 ConcurrentGCThread "G1 Service" [stack: 0x00007f3b3901f000,0x00007f3b3911f000] [id=6628]

Threads with active compile tasks:

VM state: not at safepoint (normal execution)

VM Mutex/Monitor currently owned by a thread: None

Heap address: 0x00000000c3000000, size: 976 MB, Compressed Oops mode: 32-bit

CDS archive(s) mapped at: [0x00007f3abf000000-0x00007f3abfbeb000-0x00007f3abfbeb000), size 12496896, SharedBaseAddress: 0x00007f3abf000000, ArchiveRelocationMode: 1.
Compressed class space mapped at: 0x00007f3ac0000000-0x00007f3b00000000, reserved size: 1073741824
Narrow klass base: 0x00007f3abf000000, Narrow klass shift: 0, Narrow klass range: 0x100000000

GC Precious Log:
 CPUs: 2 total, 2 available
 Memory: 3896M
 Large Page Support: Disabled
 NUMA Support: Disabled
 Compressed Oops: Enabled (32-bit)
 Heap Region Size: 1M
 Heap Min Capacity: 8M
 Heap Initial Capacity: 62M
 Heap Max Capacity: 976M
 Pre-touch: Disabled
 Parallel Workers: 2
 Concurrent Workers: 1
 Concurrent Refinement Workers: 2
 Periodic GC: Disabled

Heap:
 garbage-first heap   total 65536K, used 952K [0x00000000c3000000, 0x0000000100000000)
  region size 1024K, 1 young (1024K), 0 survivors (0K)
 Metaspace       used 611K, committed 768K, reserved 1114112K
  class space    used 52K, committed 128K, reserved 1048576K

Heap Regions: E=young(eden), S=young(survivor), O=old, HS=humongous(starts), HC=humongous(continues), CS=collection set, F=free, OA=open archive, CA=closed archive, TAMS=top-at-mark-start (previous, next)
|   0|0x00000000c3000000, 0x00000000c3000000, 0x00000000c3100000|  0%| F|  |TAMS 0x00000000c3000000, 0x00000000c3000000| Untracked 
|   1|0x00000000c3100000, 0x00000000c3100000, 0x00000000c3200000|  0%| F|  |TAMS 0x00000000c3100000, 0x00000000c3100000| Untracked 
|   2|0x00000000c3200000, 0x00000000c3200000, 0x00000000c3300000|  0%| F|  |TAMS 0x00000000c3200000, 0x00000000c3200000| Untracked 
|   3|0x00000000c3300000, 0x00000000c3300000, 0x00000000c3400000|  0%| F|  |TAMS 0x00000000c3300000, 0x00000000c3300000| Untracked 
|   4|0x00000000c3400000, 0x00000000c3400000, 0x00000000c3500000|  0%| F|  |TAMS 0x00000000c3400000, 0x00000000c3400000| Untracked 
|   5|0x00000000c3500000, 0x00000000c3500000, 0x00000000c3600000|  0%| F|  |TAMS 0x00000000c3500000, 0x00000000c3500000| Untracked 
|   6|0x00000000c3600000, 0x00000000c3600000, 0x00000000c3700000|  0%| F|  |TAMS 0x00000000c3600000, 0x00000000c3600000| Untracked 
|   7|0x00000000c3700000, 0x00000000c3700000, 0x00000000c3800000|  0%| F|  |TAMS 0x00000000c3700000, 0x00000000c3700000| Untracked 
|   8|0x00000000c3800000, 0x00000000c3800000, 0x00000000c3900000|  0%| F|  |TAMS 0x00000000c3800000, 0x00000000c3800000| Untracked 
|   9|0x00000000c3900000, 0x00000000c3900000, 0x00000000c3a00000|  0%| F|  |TAMS 0x00000000c3900000, 0x00000000c3900000| Untracked 
|  10|0x00000000c3a00000, 0x00000000c3a00000, 0x00000000c3b00000|  0%| F|  |TAMS 0x00000000c3a00000, 0x00000000c3a00000| Untracked 
|  11|0x00000000c3b00000, 0x00000000c3b00000, 0x00000000c3c00000|  0%| F|  |TAMS 0x00000000c3b00000, 0x00000000c3b00000| Untracked 
|  12|0x00000000c3c00000, 0x00000000c3c00000, 0x00000000c3d00000|  0%| F|  |TAMS 0x00000000c3c00000, 0x00000000c3c00000| Untracked 
|  13|0x00000000c3d00000, 0x00000000c3d00000, 0x00000000c3e00000|  0%| F|  |TAMS 0x00000000c3d00000, 0x00000000c3d00000| Untracked 
|  14|0x00000000c3e00000, 0x00000000c3e00000, 0x00000000c3f00000|  0%| F|  |TAMS 0x00000000c3e00000, 0x00000000c3e00000| Untracked 
|  15|0x00000000c3f00000, 0x00000000c3f00000, 0x00000000c4000000|  0%| F|  |TAMS 0x00000000c3f00000, 0x00000000c3f00000| Untracked 
|  16|0x00000000c4000000, 0x00000000c4000000, 0x00000000c4100000|  0%| F|  |TAMS 0x00000000c4000000, 0x00000000c4000000| Untracked 
|  17|0x00000000c4100000, 0x00000000c4100000, 0x00000000c4200000|  0%| F|  |TAMS 0x00000000c4100000, 0x00000000c4100000| Untracked 
|  18|0x00000000c4200000, 0x00000000c4200000, 0x00000000c4300000|  0%| F|  |TAMS 0x00000000c4200000, 0x00000000c4200000| Untracked 
|  19|0x00000000c4300000, 0x00000000c4300000, 0x00000000c4400000|  0%| F|  |TAMS 0x00000000c4300000, 0x00000000c4300000| Untracked 
|  20|0x00000000c4400000, 0x00000000c4400000, 0x00000000c4500000|  0%| F|  |TAMS 0x00000000c4400000, 0x00000000c4400000| Untracked 
|  21|0x00000000c4500000, 0x00000000c4500000, 0x00000000c4600000|  0%| F|  |TAMS 0x00000000c4500000, 0x00000000c4500000| Untracked 
|  22|0x00000000c4600000, 0x00000000c4600000, 0x00000000c4700000|  0%| F|  |TAMS 0x00000000c4600000, 0x00000000c4600000| Untracked 
|  23|0x00000000c4700000, 0x00000000c4700000, 0x00000000c4800000|  0%| F|  |TAMS 0x00000000c4700000, 0x00000000c4700000| Untracked 
|  24|0x00000000c4800000, 0x00000000c4800000, 0x00000000c4900000|  0%| F|  |TAMS 0x00000000c4800000, 0x00000000c4800000| Untracked 
|  25|0x00000000c4900000, 0x00000000c4900000, 0x00000000c4a00000|  0%| F|  |TAMS 0x00000000c4900000, 0x00000000c4900000| Untracked 
|  26|0x00000000c4a00000, 0x00000000c4a00000, 0x00000000c4b00000|  0%| F|  |TAMS 0x00000000c4a00000, 0x00000000c4a00000| Untracked 
|  27|0x00000000c4b00000, 0x00000000c4b00000, 0x00000000c4c00000|  0%| F|  |TAMS 0x00000000c4b00000, 0x00000000c4b00000| Untracked 
|  28|0x00000000c4c00000, 0x00000000c4c00000, 0x00000000c4d00000|  0%| F|  |TAMS 0x00000000c4c00000, 0x00000000c4c00000| Untracked 
|  29|0x00000000c4d00000, 0x00000000c4d00000, 0x00000000c4e00000|  0%| F|  |TAMS 0x00000000c4d00000, 0x00000000c4d00000| Untracked 
|  30|0x00000000c4e00000, 0x00000000c4e00000, 0x00000000c4f00000|  0%| F|  |TAMS 0x00000000c4e00000, 0x00000000c4e00000| Untracked 
|  31|0x00000000c4f00000, 0x00000000c4f00000, 0x00000000c5000000|  0%| F|  |TAMS 0x00000000c4f00000, 0x00000000c4f00000| Untracked 
|  32|0x00000000c5000000, 0x00000000c5000000, 0x00000000c5100000|  0%| F|  |TAMS 0x00000000c5000000, 0x00000000c5000000| Untracked 
|  33|0x00000000c5100000, 0x00000000c5100000, 0x00000000c5200000|  0%| F|  |TAMS 0x00000000c5100000, 0x00000000c5100000| Untracked 
|  34|0x00000000c5200000, 0x00000000c5200000, 0x00000000c5300000|  0%| F|  |TAMS 0x00000000c5200000, 0x00000000c5200000| Untracked 
|  35|0x00000000c5300000, 0x00000000c5300000, 0x00000000c5400000|  0%| F|  |TAMS 0x00000000c5300000, 0x00000000c5300000| Untracked 
|  36|0x00000000c5400000, 0x00000000c5400000, 0x00000000c5500000|  0%| F|  |TAMS 0x00000000c5400000, 0x00000000c5400000| Untracked 
|  37|0x00000000c5500000, 0x00000000c5500000, 0x00000000c5600000|  0%| F|  |TAMS 0x00000000c5500000, 0x00000000c5500000| Untracked 
|  38|0x00000000c5600000, 0x00000000c5600000, 0x00000000c5700000|  0%| F|  |TAMS 0x00000000c5600000, 0x00000000c5600000| Untracked 
|  39|0x00000000c5700000, 0x00000000c5700000, 0x00000000c5800000|  0%| F|  |TAMS 0x00000000c5700000, 0x00000000c5700000| Untracked 
|  40|0x00000000c5800000, 0x00000000c5800000, 0x00000000c5900000|  0%| F|  |TAMS 0x00000000c5800000, 0x00000000c5800000| Untracked 
|  41|0x00000000c5900000, 0x00000000c5900000, 0x00000000c5a00000|  0%| F|  |TAMS 0x00000000c5900000, 0x00000000c5900000| Untracked 
|  42|0x00000000c5a00000, 0x00000000c5a00000, 0x00000000c5b00000|  0%| F|  |TAMS 0x00000000c5a00000, 0x00000000c5a00000| Untracked 
|  43|0x00000000c5b00000, 0x00000000c5b00000, 0x00000000c5c00000|  0%| F|  |TAMS 0x00000000c5b00000, 0x00000000c5b00000| Untracked 
|  44|0x00000000c5c00000, 0x00000000c5c00000, 0x00000000c5d00000|  0%| F|  |TAMS 0x00000000c5c00000, 0x00000000c5c00000| Untracked 
|  45|0x00000000c5d00000, 0x00000000c5d00000, 0x00000000c5e00000|  0%| F|  |TAMS 0x00000000c5d00000, 0x00000000c5d00000| Untracked 
|  46|0x00000000c5e00000, 0x00000000c5e00000, 0x00000000c5f00000|  0%| F|  |TAMS 0x00000000c5e00000, 0x00000000c5e00000| Untracked 
|  47|0x00000000c5f00000, 0x00000000c5f00000, 0x00000000c6000000|  0%| F|  |TAMS 0x00000000c5f00000, 0x00000000c5f00000| Untracked 
|  48|0x00000000c6000000, 0x00000000c6000000, 0x00000000c6100000|  0%| F|  |TAMS 0x00000000c6000000, 0x00000000c6000000| Untracked 
|  49|0x00000000c6100000, 0x00000000c6100000, 0x00000000c6200000|  0%| F|  |TAMS 0x00000000c6100000, 0x00000000c6100000| Untracked 
|  50|0x00000000c6200000, 0x00000000c6200000, 0x00000000c6300000|  0%| F|  |TAMS 0x00000000c6200000, 0x00000000c6200000| Untracked 
|  51|0x00000000c6300000, 0x00000000c6300000, 0x00000000c6400000|  0%| F|  |TAMS 0x00000000c6300000, 0x00000000c6300000| Untracked 
|  52|0x00000000c6400000, 0x00000000c6400000, 0x00000000c6500000|  0%| F|  |TAMS 0x00000000c6400000, 0x00000000c6400000| Untracked 
|  53|0x00000000c6500000, 0x00000000c6500000, 0x00000000c6600000|  0%| F|  |TAMS 0x00000000c6500000, 0x00000000c6500000| Untracked 
|  54|0x00000000c6600000, 0x00000000c6600000, 0x00000000c6700000|  0%| F|  |TAMS 0x00000000c6600000, 0x00000000c6600000| Untracked 
|  55|0x00000000c6700000, 0x00000000c6700000, 0x00000000c6800000|  0%| F|  |TAMS 0x00000000c6700000, 0x00000000c6700000| Untracked 
|  56|0x00000000c6800000, 0x00000000c6800000, 0x00000000c6900000|  0%| F|  |TAMS 0x00000000c6800000, 0x00000000c6800000| Untracked 
|  57|0x00000000c6900000, 0x00000000c6900000, 0x00000000c6a00000|  0%| F|  |TAMS 0x00000000c6900000, 0x00000000c6900000| Untracked 
|  58|0x00000000c6a00000, 0x00000000c6a00000, 0x00000000c6b00000|  0%| F|  |TAMS 0x00000000c6a00000, 0x00000000c6a00000| Untracked 
|  59|0x00000000c6b00000, 0x00000000c6b00000, 0x00000000c6c00000|  0%| F|  |TAMS 0x00000000c6b00000, 0x00000000c6b00000| Untracked 
|  60|0x00000000c6c00000, 0x00000000c6c00000, 0x00000000c6d00000|  0%| F|  |TAMS 0x00000000c6c00000, 0x00000000c6c00000| Untracked 
|  61|0x00000000c6d00000, 0x00000000c6dba6e8, 0x00000000c6e00000| 72%| E|  |TAMS 0x00000000c6d00000, 0x00000000c6d00000| Complete 
| 974|0x00000000ffe00000, 0x00000000ffe77000, 0x00000000fff00000| 46%|OA|  |TAMS 0x00000000ffe00000, 0x00000000ffe00000| Untracked 
| 975|0x00000000fff00000, 0x00000000fff77000, 0x0000000100000000| 46%|CA|  |TAMS 0x00000000fff00000, 0x00000000fff00000| Untracked 

Card table byte_map: [0x00007f3b3b7ae000,0x00007f3b3b996000] _byte_map_base: 0x00007f3b3b196000

Marking Bits (Prev, Next): (CMBitMap*) 0x00007f3b34062440, (CMBitMap*) 0x00007f3b34062480
 Prev Bits: [0x00007f3b3a686000, 0x00007f3b3b5c6000)
 Next Bits: [0x00007f3b39746000, 0x00007f3b3a686000)

Polling page: 0x00007f3b3d763000

Metaspace:

Usage:
  Non-class:    559,17 KB used.
      Class:     52,37 KB used.
       Both:    611,54 KB used.

Virtual space:
  Non-class space:       64,00 MB reserved,     640,00 KB ( <1%) committed,  1 nodes.
      Class space:        1,00 GB reserved,     128,00 KB ( <1%) committed,  1 nodes.
             Both:        1,06 GB reserved,     768,00 KB ( <1%) committed. 

Chunk freelists:
   Non-Class:  11,98 MB
       Class:  15,74 MB
        Both:  27,72 MB

MaxMetaspaceSize: unlimited
CompressedClassSpaceSize: 1,00 GB
Initial GC threshold: 21,00 MB
Current GC threshold: 21,00 MB
CDS: on
MetaspaceReclaimPolicy: balanced
 - commit_granule_bytes: 65536.
 - commit_granule_words: 8192.
 - virtual_space_node_default_size: 8388608.
 - enlarge_chunks_in_place: 1.
 - new_chunks_are_fully_committed: 0.
 - uncommit_free_chunks: 1.
 - use_allocation_guard: 0.
 - handle_deallocations: 1.


Internal statistics:

num_allocs_failed_limit: 0.
num_arena_births: 12.
num_arena_deaths: 0.
num_vsnodes_births: 2.
num_vsnodes_deaths: 0.
num_space_committed: 12.
num_space_uncommitted: 0.
num_chunks_returned_to_freelist: 0.
num_chunks_taken_from_freelist: 14.
num_chunk_merges: 0.
num_chunk_splits: 8.
num_chunks_enlarged: 4.
num_inconsistent_stats: 0.

CodeHeap 'non-profiled nmethods': size=120036Kb used=40Kb max_used=40Kb free=119995Kb
 bounds [0x00007f3b24e6c000, 0x00007f3b250dc000, 0x00007f3b2c3a5000]
CodeHeap 'profiled nmethods': size=120032Kb used=110Kb max_used=110Kb free=119921Kb
 bounds [0x00007f3b1d3a5000, 0x00007f3b1d615000, 0x00007f3b248dd000]
CodeHeap 'non-nmethods': size=5692Kb used=1090Kb max_used=1102Kb free=4602Kb
 bounds [0x00007f3b248dd000, 0x00007f3b24b4d000, 0x00007f3b24e6c000]
 total_blobs=482 nmethods=111 adapters=286
 compilation: enabled
              stopped_count=0, restarted_count=0
 full_count=0

Compilation events (20 events):
Event: 0,354 Thread 0x00007f3b340d7160   94       3       java.util.HashMap$Node::<init> (26 bytes)
Event: 0,354 Thread 0x00007f3b340d7160 nmethod 94 0x00007f3b1d3bd310 code [0x00007f3b1d3bd4c0, 0x00007f3b1d3bd730]
Event: 0,354 Thread 0x00007f3b340d7160   96       3       java.util.HashMap::afterNodeInsertion (1 bytes)
Event: 0,354 Thread 0x00007f3b340d7160 nmethod 96 0x00007f3b1d3bd810 code [0x00007f3b1d3bd9a0, 0x00007f3b1d3bdab0]
Event: 0,354 Thread 0x00007f3b340d7160   97       3       java.lang.StringLatin1::newString (24 bytes)
Event: 0,355 Thread 0x00007f3b340d7160 nmethod 97 0x00007f3b1d3bdb10 code [0x00007f3b1d3bdce0, 0x00007f3b1d3be000]
Event: 0,355 Thread 0x00007f3b340d7160   90       3       java.lang.String::checkBoundsBeginEnd (63 bytes)
Event: 0,355 Thread 0x00007f3b340d7160 nmethod 90 0x00007f3b1d3be110 code [0x00007f3b1d3be3a0, 0x00007f3b1d3bec70]
Event: 0,355 Thread 0x00007f3b340d7160   91       3       java.lang.String::substring (58 bytes)
Event: 0,355 Thread 0x00007f3b340d7160 nmethod 91 0x00007f3b1d3bf010 code [0x00007f3b1d3bf200, 0x00007f3b1d3bf6a0]
Event: 0,355 Thread 0x00007f3b340d7160  101       3       java.util.StringTokenizer::hasMoreTokens (29 bytes)
Event: 0,355 Thread 0x00007f3b340d7160 nmethod 101 0x00007f3b1d3bf810 code [0x00007f3b1d3bf9c0, 0x00007f3b1d3bfb60]
Event: 0,355 Thread 0x00007f3b340d7160  102       3       java.util.StringTokenizer::nextToken (92 bytes)
Event: 0,369 Thread 0x00007f3b340d7160 nmethod 102 0x00007f3b1d3bfc10 code [0x00007f3b1d3bfe00, 0x00007f3b1d3c0110]
Event: 0,369 Thread 0x00007f3b340d7160  100       3       java.util.HashSet::add (20 bytes)
Event: 0,370 Thread 0x00007f3b340d7160 nmethod 100 0x00007f3b1d3c0290 code [0x00007f3b1d3c0440, 0x00007f3b1d3c05e0]
Event: 0,370 Thread 0x00007f3b340d7160  108       2       java.lang.StringUTF16::getChar (60 bytes)
Event: 0,370 Thread 0x00007f3b340d7160 nmethod 108 0x00007f3b1d3c0690 code [0x00007f3b1d3c0820, 0x00007f3b1d3c0970]
Event: 0,370 Thread 0x00007f3b340d7160  106       1       java.lang.invoke.MethodHandle::type (5 bytes)
Event: 0,370 Thread 0x00007f3b340d7160 nmethod 106 0x00007f3b24e75d90 code [0x00007f3b24e75f20, 0x00007f3b24e75ff0]

GC Heap History (0 events):
No events

Dll operation events (5 events):
Event: 0,002 Loaded shared library /usr/lib/jvm/zulu-17-amd64/lib/libjava.so
Event: 0,143 Loaded shared library /usr/lib/jvm/zulu-17-amd64/lib/libjsvml.so
Event: 0,179 Loaded shared library /usr/lib/jvm/zulu-17-amd64/lib/libnio.so
Event: 0,179 Loaded shared library /usr/lib/jvm/zulu-17-amd64/lib/libjimage.so
Event: 0,195 Loaded shared library /home/iulian/Projects/Eclipse-Workspace/ipc/lib/semaphore.so

Deoptimization events (4 events):
Event: 0,351 Thread 0x00007f3b34025c20 Uncommon trap: trap_request=0xffffff45 fr.pc=0x00007f3b24e7447c relative=0x000000000000005c
Event: 0,351 Thread 0x00007f3b34025c20 Uncommon trap: reason=unstable_if action=reinterpret pc=0x00007f3b24e7447c method=java.lang.String.isLatin1()Z @ 10 c2
Event: 0,351 Thread 0x00007f3b34025c20 DEOPT PACKING pc=0x00007f3b24e7447c sp=0x00007f3b3c0a6230
Event: 0,351 Thread 0x00007f3b34025c20 DEOPT UNPACKING pc=0x00007f3b24933693 sp=0x00007f3b3c0a61e0 mode 2

Classes unloaded (0 events):
No events

Classes redefined (0 events):
No events

Internal exceptions (2 events):
Event: 0,165 Thread 0x00007f3b34025c20 Exception <a 'java/lang/NoSuchMethodError'{0x00000000c6d20a48}: 'java.lang.Object java.lang.invoke.DirectMethodHandle$Holder.invokeStaticInit(java.lang.Object)'> (0x00000000c6d20a48) 
thrown [src/hotspot/share/interpreter/linkResolver.cpp, line 759]
Event: 0,175 Thread 0x00007f3b34025c20 Exception <a 'java/lang/NoSuchMethodError'{0x00000000c6d34f58}: 'java.lang.Object java.lang.invoke.DirectMethodHandle$Holder.invokeInterface(java.lang.Object, java.lang.Object)'> (0x00000000c6d34f58) 
thrown [src/hotspot/share/interpreter/linkResolver.cpp, line 759]

VM Operations (2 events):
Event: 1,146 Executing VM operation: Cleanup
Event: 1,146 Executing VM operation: Cleanup done

Events (20 events):
Event: 0,187 loading class sun/nio/cs/UTF_8$Decoder
Event: 0,188 loading class sun/nio/cs/UTF_8$Decoder done
Event: 0,188 loading class sun/nio/cs/StreamDecoder
Event: 0,188 loading class sun/nio/cs/StreamDecoder done
Event: 0,188 loading class java/util/ResourceBundle$BundleReference
Event: 0,188 loading class java/util/ResourceBundle$BundleReference done
Event: 0,195 loading class java/util/Scanner
Event: 0,195 loading class java/util/Scanner done
Event: 0,206 loading class java/util/Scanner$PatternLRUCache
Event: 0,206 loading class java/util/Scanner$PatternLRUCache done
Event: 0,213 loading class jdk/internal/module/ModulePatcher$PatchedModuleReader
Event: 0,214 loading class jdk/internal/module/ModulePatcher$PatchedModuleReader done
Event: 0,214 loading class sun/net/www/protocol/jrt/Handler
Event: 0,214 loading class sun/net/www/protocol/jrt/Handler done
Event: 0,348 loading class sun/text/resources/cldr/FormatData_en
Event: 0,348 loading class sun/text/resources/cldr/FormatData_en done
Event: 0,349 loading class sun/text/resources/cldr/FormatData_en_US
Event: 0,349 loading class sun/text/resources/cldr/FormatData_en_US done
Event: 19,107 loading class java/util/regex/Matcher$ImmutableMatchResult
Event: 19,107 loading class java/util/regex/Matcher$ImmutableMatchResult done


Dynamic libraries:
c3000000-c6e00000 rw-p 00000000 00:00 0 
c6e00000-ffe00000 ---p 00000000 00:00 0 
ffe00000-ffe77000 rw-p 00c9b000 08:02 3824635                            /usr/lib/jvm/zulu-17-amd64/lib/server/classes.jsa
ffe77000-fff00000 rw-p 00000000 00:00 0 
fff00000-fff77000 rw-p 00c24000 08:02 3824635                            /usr/lib/jvm/zulu-17-amd64/lib/server/classes.jsa
fff77000-100000000 rw-p 00000000 00:00 0 
562b04d51000-562b04d52000 r-xp 00000000 08:02 3824684                    /usr/lib/jvm/zulu-17-amd64/bin/java
562b04d53000-562b04d54000 r--p 00001000 08:02 3824684                    /usr/lib/jvm/zulu-17-amd64/bin/java
562b04d54000-562b04d55000 rw-p 00002000 08:02 3824684                    /usr/lib/jvm/zulu-17-amd64/bin/java
562b061f3000-562b0623b000 rw-p 00000000 00:00 0                          [heap]
7f3a98000000-7f3a98060000 rw-p 00000000 00:00 0 
7f3a98060000-7f3a9c000000 ---p 00000000 00:00 0 
7f3a9c000000-7f3a9c021000 rw-p 00000000 00:00 0 
7f3a9c021000-7f3aa0000000 ---p 00000000 00:00 0 
7f3aa0000000-7f3aa0021000 rw-p 00000000 00:00 0 
7f3aa0021000-7f3aa4000000 ---p 00000000 00:00 0 
7f3aa4000000-7f3aa4067000 rw-p 00000000 00:00 0 
7f3aa4067000-7f3aa8000000 ---p 00000000 00:00 0 
7f3aa8000000-7f3aa8021000 rw-p 00000000 00:00 0 
7f3aa8021000-7f3aac000000 ---p 00000000 00:00 0 
7f3aac000000-7f3aac021000 rw-p 00000000 00:00 0 
7f3aac021000-7f3ab0000000 ---p 00000000 00:00 0 
7f3ab0000000-7f3ab0021000 rw-p 00000000 00:00 0 
7f3ab0021000-7f3ab4000000 ---p 00000000 00:00 0 
7f3ab4000000-7f3ab4021000 rw-p 00000000 00:00 0 
7f3ab4021000-7f3ab8000000 ---p 00000000 00:00 0 
7f3ab8000000-7f3ab8021000 rw-p 00000000 00:00 0 
7f3ab8021000-7f3abc000000 ---p 00000000 00:00 0 
7f3abf000000-7f3abfbeb000 rw-p 00001000 08:02 3824635                    /usr/lib/jvm/zulu-17-amd64/lib/server/classes.jsa
7f3abfbeb000-7f3ac0000000 ---p 00000000 00:00 0 
7f3ac0000000-7f3ac0010000 rw-p 00000000 00:00 0 
7f3ac0010000-7f3ac0040000 ---p 00000000 00:00 0 
7f3ac0040000-7f3ac0050000 rw-p 00000000 00:00 0 
7f3ac0050000-7f3b00000000 ---p 00000000 00:00 0 
7f3b00000000-7f3b00021000 rw-p 00000000 00:00 0 
7f3b00021000-7f3b04000000 ---p 00000000 00:00 0 
7f3b04000000-7f3b04090000 rw-p 00000000 00:00 0 
7f3b04090000-7f3b04400000 ---p 00000000 00:00 0 
7f3b04400000-7f3b04410000 rw-p 00000000 00:00 0 
7f3b04410000-7f3b08000000 ---p 00000000 00:00 0 
7f3b08000000-7f3b08021000 rw-p 00000000 00:00 0 
7f3b08021000-7f3b0c000000 ---p 00000000 00:00 0 
7f3b0e000000-7f3b10000000 rw-p 00000000 00:00 0 
7f3b10000000-7f3b10021000 rw-p 00000000 00:00 0 
7f3b10021000-7f3b14000000 ---p 00000000 00:00 0 
7f3b14000000-7f3b14021000 rw-p 00000000 00:00 0 
7f3b14021000-7f3b18000000 ---p 00000000 00:00 0 
7f3b18000000-7f3b18021000 rw-p 00000000 00:00 0 
7f3b18021000-7f3b1c000000 ---p 00000000 00:00 0 
7f3b1c8b3000-7f3b1cca4000 rw-p 00000000 00:00 0 
7f3b1cca4000-7f3b1cca8000 ---p 00000000 00:00 0 
7f3b1cca8000-7f3b1cda4000 rw-p 00000000 00:00 0 
7f3b1cda4000-7f3b1cda5000 ---p 00000000 00:00 0 
7f3b1cda5000-7f3b1cea5000 rw-p 00000000 00:00 0 
7f3b1cea5000-7f3b1cea9000 ---p 00000000 00:00 0 
7f3b1cea9000-7f3b1cfa5000 rw-p 00000000 00:00 0 
7f3b1cfa5000-7f3b1cfa9000 ---p 00000000 00:00 0 
7f3b1cfa9000-7f3b1d0a5000 rw-p 00000000 00:00 0 
7f3b1d0a5000-7f3b1d0a9000 ---p 00000000 00:00 0 
7f3b1d0a9000-7f3b1d1a5000 rw-p 00000000 00:00 0 
7f3b1d1a5000-7f3b1d1a9000 ---p 00000000 00:00 0 
7f3b1d1a9000-7f3b1d2a5000 rw-p 00000000 00:00 0 
7f3b1d2a5000-7f3b1d2a9000 ---p 00000000 00:00 0 
7f3b1d2a9000-7f3b1d3a5000 rw-p 00000000 00:00 0 
7f3b1d3a5000-7f3b1d615000 rwxp 00000000 00:00 0 
7f3b1d615000-7f3b248dd000 ---p 00000000 00:00 0 
7f3b248dd000-7f3b24b4d000 rwxp 00000000 00:00 0 
7f3b24b4d000-7f3b24e6c000 ---p 00000000 00:00 0 
7f3b24e6c000-7f3b250dc000 rwxp 00000000 00:00 0 
7f3b250dc000-7f3b2c3a5000 ---p 00000000 00:00 0 
7f3b2c3a5000-7f3b34000000 r--s 00000000 08:02 3824643                    /usr/lib/jvm/zulu-17-amd64/lib/modules
7f3b34000000-7f3b3411b000 rw-p 00000000 00:00 0 
7f3b3411b000-7f3b38000000 ---p 00000000 00:00 0 
7f3b38085000-7f3b380b6000 rw-p 00000000 00:00 0 
7f3b380b6000-7f3b380ba000 ---p 00000000 00:00 0 
7f3b380ba000-7f3b381b6000 rw-p 00000000 00:00 0 
7f3b381b6000-7f3b381ba000 ---p 00000000 00:00 0 
7f3b381ba000-7f3b382b6000 rw-p 00000000 00:00 0 
7f3b382b6000-7f3b38af8000 r--p 00000000 08:02 3809057                    /usr/lib/locale/locale-archive
7f3b38af8000-7f3b38afc000 ---p 00000000 00:00 0 
7f3b38afc000-7f3b38bf8000 rw-p 00000000 00:00 0 
7f3b38bf8000-7f3b38bfc000 ---p 00000000 00:00 0 
7f3b38bfc000-7f3b38cf8000 rw-p 00000000 00:00 0 
7f3b38cf8000-7f3b38cf9000 ---p 00000000 00:00 0 
7f3b38cf9000-7f3b38df9000 rw-p 00000000 00:00 0 
7f3b38df9000-7f3b38ec7000 r-xp 00000000 08:02 3824676                    /usr/lib/jvm/zulu-17-amd64/lib/libjsvml.so
7f3b38ec7000-7f3b38ec8000 r--p 000cd000 08:02 3824676                    /usr/lib/jvm/zulu-17-amd64/lib/libjsvml.so
7f3b38ec8000-7f3b38ec9000 rw-p 000ce000 08:02 3824676                    /usr/lib/jvm/zulu-17-amd64/lib/libjsvml.so
7f3b38ec9000-7f3b38fe6000 rw-p 00000000 00:00 0 
7f3b38feb000-7f3b38ff2000 r--s 00000000 08:02 4070884                    /usr/lib/x86_64-linux-gnu/gconv/gconv-modules.cache
7f3b38ff2000-7f3b39007000 r-xp 00000000 08:02 3824625                    /usr/lib/jvm/zulu-17-amd64/lib/libnet.so
7f3b39007000-7f3b39008000 r--p 00014000 08:02 3824625                    /usr/lib/jvm/zulu-17-amd64/lib/libnet.so
7f3b39008000-7f3b39009000 rw-p 00015000 08:02 3824625                    /usr/lib/jvm/zulu-17-amd64/lib/libnet.so
7f3b39009000-7f3b3901b000 r-xp 00000000 08:02 3824657                    /usr/lib/jvm/zulu-17-amd64/lib/libnio.so
7f3b3901b000-7f3b3901c000 ---p 00012000 08:02 3824657                    /usr/lib/jvm/zulu-17-amd64/lib/libnio.so
7f3b3901c000-7f3b3901d000 r--p 00012000 08:02 3824657                    /usr/lib/jvm/zulu-17-amd64/lib/libnio.so
7f3b3901d000-7f3b3901e000 rw-p 00013000 08:02 3824657                    /usr/lib/jvm/zulu-17-amd64/lib/libnio.so
7f3b3901e000-7f3b3901f000 ---p 00000000 00:00 0 
7f3b3901f000-7f3b3911f000 rw-p 00000000 00:00 0 
7f3b3911f000-7f3b39120000 ---p 00000000 00:00 0 
7f3b39120000-7f3b39422000 rw-p 00000000 00:00 0 
7f3b39422000-7f3b39423000 ---p 00000000 00:00 0 
7f3b39423000-7f3b39523000 rw-p 00000000 00:00 0 
7f3b39523000-7f3b39524000 ---p 00000000 00:00 0 
7f3b39524000-7f3b39624000 rw-p 00000000 00:00 0 
7f3b39624000-7f3b39625000 ---p 00000000 00:00 0 
7f3b39625000-7f3b3983e000 rw-p 00000000 00:00 0 
7f3b3983e000-7f3b3a67e000 ---p 00000000 00:00 0 
7f3b3a67e000-7f3b3a77e000 rw-p 00000000 00:00 0 
7f3b3a77e000-7f3b3b5be000 ---p 00000000 00:00 0 
7f3b3b5be000-7f3b3b5e5000 rw-p 00000000 00:00 0 
7f3b3b5e5000-7f3b3b7ad000 ---p 00000000 00:00 0 
7f3b3b7ad000-7f3b3b7cd000 rw-p 00000000 00:00 0 
7f3b3b7cd000-7f3b3b995000 ---p 00000000 00:00 0 
7f3b3b995000-7f3b3b9b5000 rw-p 00000000 00:00 0 
7f3b3b9b5000-7f3b3bb7d000 ---p 00000000 00:00 0 
7f3b3bb7d000-7f3b3bd85000 rw-p 00000000 00:00 0 
7f3b3bd85000-7f3b3be6b000 ---p 00000000 00:00 0 
7f3b3be6b000-7f3b3be70000 rw-p 00000000 00:00 0 
7f3b3be70000-7f3b3bf56000 ---p 00000000 00:00 0 
7f3b3bf56000-7f3b3bf5b000 rw-p 00000000 00:00 0 
7f3b3bf5b000-7f3b3bf62000 ---p 00000000 00:00 0 
7f3b3bf62000-7f3b3bf86000 r-xp 00000000 08:02 3824655                    /usr/lib/jvm/zulu-17-amd64/lib/libjava.so
7f3b3bf86000-7f3b3bf87000 ---p 00024000 08:02 3824655                    /usr/lib/jvm/zulu-17-amd64/lib/libjava.so
7f3b3bf87000-7f3b3bf88000 r--p 00024000 08:02 3824655                    /usr/lib/jvm/zulu-17-amd64/lib/libjava.so
7f3b3bf88000-7f3b3bf89000 rw-p 00025000 08:02 3824655                    /usr/lib/jvm/zulu-17-amd64/lib/libjava.so
7f3b3bf89000-7f3b3bf8a000 rw-p 00000000 00:00 0 
7f3b3bf8a000-7f3b3bfa5000 r-xp 00000000 08:02 3824659                    /usr/lib/jvm/zulu-17-amd64/lib/libjimage.so
7f3b3bfa5000-7f3b3bfa7000 r--p 0001a000 08:02 3824659                    /usr/lib/jvm/zulu-17-amd64/lib/libjimage.so
7f3b3bfa7000-7f3b3bfa8000 rw-p 0001c000 08:02 3824659                    /usr/lib/jvm/zulu-17-amd64/lib/libjimage.so
7f3b3bfa8000-7f3b3bfac000 ---p 00000000 00:00 0 
7f3b3bfac000-7f3b3c0a8000 rw-p 00000000 00:00 0 
7f3b3c0a8000-7f3b3c0b6000 r--p 00000000 08:02 3804763                    /usr/lib/x86_64-linux-gnu/libm.so.6
7f3b3c0b6000-7f3b3c132000 r-xp 0000e000 08:02 3804763                    /usr/lib/x86_64-linux-gnu/libm.so.6
7f3b3c132000-7f3b3c18d000 r--p 0008a000 08:02 3804763                    /usr/lib/x86_64-linux-gnu/libm.so.6
7f3b3c18d000-7f3b3c18e000 r--p 000e4000 08:02 3804763                    /usr/lib/x86_64-linux-gnu/libm.so.6
7f3b3c18e000-7f3b3c18f000 rw-p 000e5000 08:02 3804763                    /usr/lib/x86_64-linux-gnu/libm.so.6
7f3b3c18f000-7f3b3c190000 r--p 00000000 08:02 3804851                    /usr/lib/x86_64-linux-gnu/librt.so.1
7f3b3c190000-7f3b3c191000 r-xp 00001000 08:02 3804851                    /usr/lib/x86_64-linux-gnu/librt.so.1
7f3b3c191000-7f3b3c192000 r--p 00002000 08:02 3804851                    /usr/lib/x86_64-linux-gnu/librt.so.1
7f3b3c192000-7f3b3c193000 r--p 00002000 08:02 3804851                    /usr/lib/x86_64-linux-gnu/librt.so.1
7f3b3c193000-7f3b3c194000 rw-p 00003000 08:02 3804851                    /usr/lib/x86_64-linux-gnu/librt.so.1
7f3b3c194000-7f3b3d3a5000 r-xp 00000000 08:02 3824636                    /usr/lib/jvm/zulu-17-amd64/lib/server/libjvm.so
7f3b3d3a5000-7f3b3d3a6000 ---p 01211000 08:02 3824636                    /usr/lib/jvm/zulu-17-amd64/lib/server/libjvm.so
7f3b3d3a6000-7f3b3d45f000 r--p 01211000 08:02 3824636                    /usr/lib/jvm/zulu-17-amd64/lib/server/libjvm.so
7f3b3d45f000-7f3b3d494000 rw-p 012ca000 08:02 3824636                    /usr/lib/jvm/zulu-17-amd64/lib/server/libjvm.so
7f3b3d494000-7f3b3d4f3000 rw-p 00000000 00:00 0 
7f3b3d4f3000-7f3b3d51b000 r--p 00000000 08:02 3804750                    /usr/lib/x86_64-linux-gnu/libc.so.6
7f3b3d51b000-7f3b3d6b0000 r-xp 00028000 08:02 3804750                    /usr/lib/x86_64-linux-gnu/libc.so.6
7f3b3d6b0000-7f3b3d708000 r--p 001bd000 08:02 3804750                    /usr/lib/x86_64-linux-gnu/libc.so.6
7f3b3d708000-7f3b3d709000 ---p 00215000 08:02 3804750                    /usr/lib/x86_64-linux-gnu/libc.so.6
7f3b3d709000-7f3b3d70d000 r--p 00215000 08:02 3804750                    /usr/lib/x86_64-linux-gnu/libc.so.6
7f3b3d70d000-7f3b3d70f000 rw-p 00219000 08:02 3804750                    /usr/lib/x86_64-linux-gnu/libc.so.6
7f3b3d70f000-7f3b3d71c000 rw-p 00000000 00:00 0 
7f3b3d71c000-7f3b3d71d000 r--p 00000000 08:02 3804759                    /usr/lib/x86_64-linux-gnu/libdl.so.2
7f3b3d71d000-7f3b3d71e000 r-xp 00001000 08:02 3804759                    /usr/lib/x86_64-linux-gnu/libdl.so.2
7f3b3d71e000-7f3b3d71f000 r--p 00002000 08:02 3804759                    /usr/lib/x86_64-linux-gnu/libdl.so.2
7f3b3d71f000-7f3b3d720000 r--p 00002000 08:02 3804759                    /usr/lib/x86_64-linux-gnu/libdl.so.2
7f3b3d720000-7f3b3d721000 rw-p 00003000 08:02 3804759                    /usr/lib/x86_64-linux-gnu/libdl.so.2
7f3b3d721000-7f3b3d722000 r--p 00000000 08:02 3804833                    /usr/lib/x86_64-linux-gnu/libpthread.so.0
7f3b3d722000-7f3b3d723000 r-xp 00001000 08:02 3804833                    /usr/lib/x86_64-linux-gnu/libpthread.so.0
7f3b3d723000-7f3b3d724000 r--p 00002000 08:02 3804833                    /usr/lib/x86_64-linux-gnu/libpthread.so.0
7f3b3d724000-7f3b3d725000 r--p 00002000 08:02 3804833                    /usr/lib/x86_64-linux-gnu/libpthread.so.0
7f3b3d725000-7f3b3d726000 rw-p 00003000 08:02 3804833                    /usr/lib/x86_64-linux-gnu/libpthread.so.0
7f3b3d726000-7f3b3d735000 r-xp 00000000 08:02 3824621                    /usr/lib/jvm/zulu-17-amd64/lib/libjli.so
7f3b3d735000-7f3b3d736000 r--p 0000e000 08:02 3824621                    /usr/lib/jvm/zulu-17-amd64/lib/libjli.so
7f3b3d736000-7f3b3d737000 rw-p 0000f000 08:02 3824621                    /usr/lib/jvm/zulu-17-amd64/lib/libjli.so
7f3b3d737000-7f3b3d739000 r--p 00000000 08:02 3811012                    /usr/lib/x86_64-linux-gnu/libz.so.1.2.11
7f3b3d739000-7f3b3d74a000 r-xp 00002000 08:02 3811012                    /usr/lib/x86_64-linux-gnu/libz.so.1.2.11
7f3b3d74a000-7f3b3d750000 r--p 00013000 08:02 3811012                    /usr/lib/x86_64-linux-gnu/libz.so.1.2.11
7f3b3d750000-7f3b3d751000 ---p 00019000 08:02 3811012                    /usr/lib/x86_64-linux-gnu/libz.so.1.2.11
7f3b3d751000-7f3b3d752000 r--p 00019000 08:02 3811012                    /usr/lib/x86_64-linux-gnu/libz.so.1.2.11
7f3b3d752000-7f3b3d753000 rw-p 0001a000 08:02 3811012                    /usr/lib/x86_64-linux-gnu/libz.so.1.2.11
7f3b3d755000-7f3b3d756000 rw-s 00000000 00:1a 614                        /dev/shm/sem.JNVMqL (deleted)
7f3b3d756000-7f3b3d757000 r--p 00000000 08:02 3408180                    /home/iulian/Projects/Eclipse-Workspace/ipc/lib/semaphore.so
7f3b3d757000-7f3b3d758000 r-xp 00001000 08:02 3408180                    /home/iulian/Projects/Eclipse-Workspace/ipc/lib/semaphore.so
7f3b3d758000-7f3b3d759000 r--p 00002000 08:02 3408180                    /home/iulian/Projects/Eclipse-Workspace/ipc/lib/semaphore.so
7f3b3d759000-7f3b3d75a000 r--p 00002000 08:02 3408180                    /home/iulian/Projects/Eclipse-Workspace/ipc/lib/semaphore.so
7f3b3d75a000-7f3b3d75b000 rw-p 00003000 08:02 3408180                    /home/iulian/Projects/Eclipse-Workspace/ipc/lib/semaphore.so
7f3b3d75b000-7f3b3d763000 rw-s 00000000 08:02 3670055                    /tmp/hsperfdata_iulian/6617
7f3b3d763000-7f3b3d764000 ---p 00000000 00:00 0 
7f3b3d764000-7f3b3d765000 r--p 00000000 00:00 0 
7f3b3d765000-7f3b3d767000 rw-p 00000000 00:00 0 
7f3b3d767000-7f3b3d769000 r--p 00000000 08:02 3804741                    /usr/lib/x86_64-linux-gnu/ld-linux-x86-64.so.2
7f3b3d769000-7f3b3d793000 r-xp 00002000 08:02 3804741                    /usr/lib/x86_64-linux-gnu/ld-linux-x86-64.so.2
7f3b3d793000-7f3b3d79e000 r--p 0002c000 08:02 3804741                    /usr/lib/x86_64-linux-gnu/ld-linux-x86-64.so.2
7f3b3d79e000-7f3b3d79f000 ---p 00000000 00:00 0 
7f3b3d79f000-7f3b3d7a1000 r--p 00037000 08:02 3804741                    /usr/lib/x86_64-linux-gnu/ld-linux-x86-64.so.2
7f3b3d7a1000-7f3b3d7a3000 rw-p 00039000 08:02 3804741                    /usr/lib/x86_64-linux-gnu/ld-linux-x86-64.so.2
7ffd1ce7c000-7ffd1ce9d000 rw-p 00000000 00:00 0                          [stack]
7ffd1cee7000-7ffd1ceeb000 r--p 00000000 00:00 0                          [vvar]
7ffd1ceeb000-7ffd1ceed000 r-xp 00000000 00:00 0                          [vdso]
ffffffffff600000-ffffffffff601000 --xp 00000000 00:00 0                  [vsyscall]


VM Arguments:
jvm_args: -Dfile.encoding=UTF-8 -Dstdout.encoding=UTF-8 -Dstderr.encoding=UTF-8 -XX:+ShowCodeDetailsInExceptionMessages 
java_command: ipc.semaphore.Worker
java_class_path (initial): /home/iulian/Projects/Eclipse-Workspace/ipc/bin
Launcher Type: SUN_STANDARD

[Global flags]
     intx CICompilerCount                          = 2                                         {product} {ergonomic}
     uint ConcGCThreads                            = 1                                         {product} {ergonomic}
     uint G1ConcRefinementThreads                  = 2                                         {product} {ergonomic}
   size_t G1HeapRegionSize                         = 1048576                                   {product} {ergonomic}
    uintx GCDrainStackTargetSize                   = 64                                        {product} {ergonomic}
   size_t InitialHeapSize                          = 65011712                                  {product} {ergonomic}
   size_t MarkStackSize                            = 4194304                                   {product} {ergonomic}
   size_t MaxHeapSize                              = 1023410176                                {product} {ergonomic}
   size_t MaxNewSize                               = 613416960                                 {product} {ergonomic}
   size_t MinHeapDeltaBytes                        = 1048576                                   {product} {ergonomic}
   size_t MinHeapSize                              = 8388608                                   {product} {ergonomic}
    uintx NonNMethodCodeHeapSize                   = 5826188                                {pd product} {ergonomic}
    uintx NonProfiledCodeHeapSize                  = 122916026                              {pd product} {ergonomic}
    uintx ProfiledCodeHeapSize                     = 122916026                              {pd product} {ergonomic}
    uintx ReservedCodeCacheSize                    = 251658240                              {pd product} {ergonomic}
     bool SegmentedCodeCache                       = true                                      {product} {ergonomic}
     bool ShowCodeDetailsInExceptionMessages       = true                                   {manageable} {command line}
   size_t SoftMaxHeapSize                          = 1023410176                             {manageable} {ergonomic}
     bool UseCompressedClassPointers               = true                           {product lp64_product} {ergonomic}
     bool UseCompressedOops                        = true                           {product lp64_product} {ergonomic}
     bool UseG1GC                                  = true                                      {product} {ergonomic}

Logging:
Log output configuration:
 #0: stdout all=warning uptime,level,tags
 #1: stderr all=off uptime,level,tags

Environment Variables:
PATH=/usr/local/sbin:/usr/local/bin:/usr/sbin:/usr/bin:/sbin:/bin:/usr/games:/usr/local/games:/snap/bin:/home/iulian/.dotnet/tools
SHELL=/bin/bash
DISPLAY=:0
LANG=en_US.UTF-8
LC_NUMERIC=ro_RO.UTF-8

Active Locale:
LC_ALL=LC_CTYPE=en_US.UTF-8;LC_NUMERIC=ro_RO.UTF-8;LC_TIME=en_US.UTF-8;LC_COLLATE=en_US.UTF-8;LC_MONETARY=ro_RO.UTF-8;LC_MESSAGES=en_US.UTF-8;LC_PAPER=ro_RO.UTF-8;LC_NAME=ro_RO.UTF-8;LC_ADDRESS=ro_RO.UTF-8;LC_TELEPHONE=ro_RO.UTF-8;LC_MEASUREMENT=ro_RO.UTF-8;LC_IDENTIFICATION=ro_RO.UTF-8
LC_COLLATE=en_US.UTF-8
LC_CTYPE=en_US.UTF-8
LC_MESSAGES=en_US.UTF-8
LC_MONETARY=ro_RO.UTF-8
LC_NUMERIC=ro_RO.UTF-8
LC_TIME=en_US.UTF-8

Signal Handlers:
   SIGSEGV: crash_handler in libjvm.so, mask=11100100010111111101111111111110, flags=SA_RESTART|SA_SIGINFO, unblocked
    SIGBUS: crash_handler in libjvm.so, mask=11100100010111111101111111111110, flags=SA_RESTART|SA_SIGINFO, unblocked
    SIGFPE: crash_handler in libjvm.so, mask=11100100010111111101111111111110, flags=SA_RESTART|SA_SIGINFO, unblocked
   SIGPIPE: javaSignalHandler in libjvm.so, mask=11100100010111111101111111111110, flags=SA_RESTART|SA_SIGINFO, blocked
   SIGXFSZ: javaSignalHandler in libjvm.so, mask=11100100010111111101111111111110, flags=SA_RESTART|SA_SIGINFO, blocked
    SIGILL: crash_handler in libjvm.so, mask=11100100010111111101111111111110, flags=SA_RESTART|SA_SIGINFO, unblocked
   SIGUSR2: SR_handler in libjvm.so, mask=00100000000000000000000000000000, flags=SA_RESTART|SA_SIGINFO, blocked
    SIGHUP: UserHandler in libjvm.so, mask=11100100010111111101111111111110, flags=SA_RESTART|SA_SIGINFO, blocked
    SIGINT: UserHandler in libjvm.so, mask=11100100010111111101111111111110, flags=SA_RESTART|SA_SIGINFO, blocked
   SIGTERM: UserHandler in libjvm.so, mask=11100100010111111101111111111110, flags=SA_RESTART|SA_SIGINFO, blocked
   SIGQUIT: UserHandler in libjvm.so, mask=11100100010111111101111111111110, flags=SA_RESTART|SA_SIGINFO, blocked
   SIGTRAP: crash_handler in libjvm.so, mask=11100100010111111101111111111110, flags=SA_RESTART|SA_SIGINFO, unblocked


Periodic native trim disabled


---------------  S Y S T E M  ---------------

OS:
DISTRIB_ID=LinuxMint
DISTRIB_RELEASE=21.3
DISTRIB_CODENAME=virginia
DISTRIB_DESCRIPTION="Linux Mint 21.3 Virginia"
uname: Linux 5.15.0-97-generic #107-Ubuntu SMP Wed Feb 7 13:26:48 UTC 2024 x86_64
OS uptime: 0 days 4:51 hours
libc: glibc 2.35 NPTL 2.35 
rlimit (soft/hard): STACK 8192k/infinity , CORE 0k/infinity , NPROC 15066/15066 , NOFILE 1048576/1048576 , AS infinity/infinity , CPU infinity/infinity , DATA infinity/infinity , FSIZE infinity/infinity , MEMLOCK 498700k/498700k
load average: 1,20 1,03 0,75

/proc/meminfo:
MemTotal:        3989600 kB
MemFree:          369264 kB
MemAvailable:    1355684 kB
Buffers:          167656 kB
Cached:          1023224 kB
SwapCached:          596 kB
Active:           828592 kB
Inactive:        2506044 kB
Active(anon):      18308 kB
Inactive(anon):  2179984 kB
Active(file):     810284 kB
Inactive(file):   326060 kB
Unevictable:         112 kB
Mlocked:             112 kB
SwapTotal:       2097148 kB
SwapFree:        2085300 kB
Dirty:                80 kB
Writeback:             0 kB
AnonPages:       2143380 kB
Mapped:           378728 kB
Shmem:             54436 kB
KReclaimable:     105268 kB
Slab:             164288 kB
SReclaimable:     105268 kB
SUnreclaim:        59020 kB
KernelStack:       10448 kB
PageTables:        24984 kB
NFS_Unstable:          0 kB
Bounce:                0 kB
WritebackTmp:          0 kB
CommitLimit:     4091948 kB
Committed_AS:    5887536 kB
VmallocTotal:   34359738367 kB
VmallocUsed:       50940 kB
VmallocChunk:          0 kB
Percpu:             1368 kB
HardwareCorrupted:     0 kB
AnonHugePages:         0 kB
ShmemHugePages:        0 kB
ShmemPmdMapped:        0 kB
FileHugePages:         0 kB
FilePmdMapped:         0 kB
HugePages_Total:       0
HugePages_Free:        0
HugePages_Rsvd:        0
HugePages_Surp:        0
Hugepagesize:       2048 kB
Hugetlb:               0 kB
DirectMap4k:      213064 kB
DirectMap2M:     3964928 kB

/sys/kernel/mm/transparent_hugepage/enabled: always [madvise] never
/sys/kernel/mm/transparent_hugepage/defrag (defrag/compaction efforts parameter): always defer defer+madvise [madvise] never

Process Memory:
Virtual Size: 3619672K (peak: 3619672K)
Resident Set Size: 41088K (peak: 41088K) (anon: 21028K, file: 20060K, shmem: 0K)
Swapped out: 0K
C-Heap outstanding allocations: 11128K, retained: 2175K
glibc malloc tunables: (default)

/proc/sys/kernel/threads-max (system-wide limit on the number of threads): 30132
/proc/sys/vm/max_map_count (maximum number of memory map areas a process may have): 65530
/proc/sys/kernel/pid_max (system-wide limit on number of process identifiers): 4194304

container (cgroup) information:
container_type: cgroupv2
cpu_cpuset_cpus: not supported
cpu_memory_nodes: not supported
active_processor_count: 2
cpu_quota: not supported
cpu_period: not supported
cpu_shares: not supported
memory_limit_in_bytes: unlimited
memory_and_swap_limit_in_bytes: unlimited
memory_soft_limit_in_bytes: unlimited
memory_usage_in_bytes: 2786868 k
memory_max_usage_in_bytes: not supported
memory_swap_current_in_bytes: 792 k
memory_swap_max_limit_in_bytes: unlimited
maximum number of tasks: unlimited
current number of tasks: 380

KVM virtualization detected
Steal ticks since vm start: 0
Steal ticks percentage since vm start:  0,000

CPU: total 2 (initial active 2) (2 cores per cpu, 1 threads per core) family 6 model 165 stepping 2 microcode 0xffffffff, cx8, cmov, fxsr, mmx, 3dnowpref, sse, sse2, sse3, ssse3, sse4.1, sse4.2, popcnt, lzcnt, tsc, tscinvbit, aes, clmul, bmi1, bmi2, clflush, clflushopt, hv
CPU Model and flags from /proc/cpuinfo:
model name	: Intel(R) Core(TM) i7-10850H CPU @ 2.70GHz
flags		: fpu vme de pse tsc msr pae mce cx8 apic sep mtrr pge mca cmov pat pse36 clflush mmx fxsr sse sse2 ht syscall nx rdtscp lm constant_tsc rep_good nopl xtopology nonstop_tsc cpuid tsc_known_freq pni pclmulqdq ssse3 cx16 pcid sse4_1 sse4_2 movbe popcnt aes rdrand hypervisor lahf_lm abm 3dnowprefetch invpcid_single ibrs_enhanced fsgsbase bmi1 bmi2 invpcid rdseed clflushopt arat md_clear flush_l1d arch_capabilities

Online cpus: 0-1
Offline cpus: 
BIOS frequency limitation: <Not Available>
Frequency switch latency (ns): <Not Available>
Available cpu frequencies: <Not Available>
Current governor: <Not Available>
Core performance/turbo boost: <Not Available>

Memory: 4k page, physical 3989600k(369012k free), swap 2097148k(2085300k free)
Page Sizes: 4k

vm_info: OpenJDK 64-Bit Server VM (17.0.10+7-LTS) for linux-amd64 JRE (17.0.10+7-LTS) (Zulu17.48+15-CA), built on Jan  5 2024 14:08:22 by "zulu_re" with gcc 8.3.0

END.
